<?xml version="1.0" encoding="utf-8"?>
<TestRun id="40016d5f-4417-4915-8359-fed7faa82a0a" name="sferrari@PC-SFERRARI 2021-06-22 13:03:15" runUser="PC-SFERRARI\sferrari" xmlns="http://microsoft.com/schemas/VisualStudio/TeamTest/2010">
  <Times creation="2021-06-22T13:03:15.6569131+02:00" queuing="2021-06-22T13:03:15.6569147+02:00" start="2021-06-22T13:03:13.3471130+02:00" finish="2021-06-22T13:03:15.8614860+02:00" />
  <TestSettings name="default" id="3209a1bb-22c9-4313-bc50-ff69bdcb66b0">
    <Deployment runDeploymentRoot="sferrari_PC-SFERRARI_2021-06-22_13_03_15" />
  </TestSettings>
  <Results>
    <UnitTestResult executionId="4a0b0bbf-7092-4f50-a33c-53e0541f3dd3" testId="fa21d24d-8f7e-43b9-938d-93c6fc63f56f" testName="Passing_Exception_Returns_InternalServerErrorStatusWithMessage (Development)" computerName="PC-SFERRARI" duration="00:00:00.0023394" startTime="2021-06-22T13:03:15.4110561+02:00" endTime="2021-06-22T13:03:15.4135335+02:00" testType="13cdc9d9-ddb5-4fa4-a97d-d965ccfc6d4b" outcome="Passed" testListId="8c84fa94-04c1-424b-9868-57a2d4851a1d" relativeResultsDirectory="4a0b0bbf-7092-4f50-a33c-53e0541f3dd3" />
    <UnitTestResult executionId="f223489d-4e5c-4858-8408-fb0970e4ec6a" testId="84088edd-3ac7-48b5-b4a4-8e318170479d" testName="Passing_ValidationExceptionWithErrors_Returns_BadRequestStatusWithErrors" computerName="PC-SFERRARI" duration="00:00:00.3575177" startTime="2021-06-22T13:03:14.9714656+02:00" endTime="2021-06-22T13:03:15.3673528+02:00" testType="13cdc9d9-ddb5-4fa4-a97d-d965ccfc6d4b" outcome="Passed" testListId="8c84fa94-04c1-424b-9868-57a2d4851a1d" relativeResultsDirectory="f223489d-4e5c-4858-8408-fb0970e4ec6a" />
    <UnitTestResult executionId="9c966f29-4915-4d91-9205-e90cecee1e54" testId="624caefe-4b57-48df-9472-759d3c93444c" testName="FileExtension_AddRules_Passing_InvalidArguments_Returns_Errors" computerName="PC-SFERRARI" duration="00:00:00.0035964" startTime="2021-06-22T13:03:15.6134882+02:00" endTime="2021-06-22T13:03:15.6172408+02:00" testType="13cdc9d9-ddb5-4fa4-a97d-d965ccfc6d4b" outcome="Passed" testListId="8c84fa94-04c1-424b-9868-57a2d4851a1d" relativeResultsDirectory="9c966f29-4915-4d91-9205-e90cecee1e54" />
    <UnitTestResult executionId="89126e39-2f52-40f8-bacc-342ce61ba1e0" testId="117ac3a9-523a-4514-be8b-0dc39c0fa015" testName="IsLess_AddRules_Passing_InvalidArguments_Returns_Errors" computerName="PC-SFERRARI" duration="00:00:00.0333793" startTime="2021-06-22T13:03:15.5212991+02:00" endTime="2021-06-22T13:03:15.5548522+02:00" testType="13cdc9d9-ddb5-4fa4-a97d-d965ccfc6d4b" outcome="Passed" testListId="8c84fa94-04c1-424b-9868-57a2d4851a1d" relativeResultsDirectory="89126e39-2f52-40f8-bacc-342ce61ba1e0" />
    <UnitTestResult executionId="889c1412-bb4b-4b84-92ac-1ddf9e08b224" testId="8c8659a6-d3d9-40ad-aa1e-d2d4fc9e81c7" testName="IsEqual_AddRules_Passing_InvalidArguments_Returns_Errors" computerName="PC-SFERRARI" duration="00:00:00.0036022" startTime="2021-06-22T13:03:15.4373893+02:00" endTime="2021-06-22T13:03:15.4411308+02:00" testType="13cdc9d9-ddb5-4fa4-a97d-d965ccfc6d4b" outcome="Passed" testListId="8c84fa94-04c1-424b-9868-57a2d4851a1d" relativeResultsDirectory="889c1412-bb4b-4b84-92ac-1ddf9e08b224" />
    <UnitTestResult executionId="7ab3e1e2-e6cd-4ca6-b7a1-5985cf903aa8" testId="bf77ddd3-9efa-40ef-9ca5-6ee83b0b8aca" testName="Passing_ValidationExceptionWithErrorsWithDetails_Returns_BadRequestStatusWithErrors" computerName="PC-SFERRARI" duration="00:00:00.0038697" startTime="2021-06-22T13:03:15.3809561+02:00" endTime="2021-06-22T13:03:15.3850313+02:00" testType="13cdc9d9-ddb5-4fa4-a97d-d965ccfc6d4b" outcome="Passed" testListId="8c84fa94-04c1-424b-9868-57a2d4851a1d" relativeResultsDirectory="7ab3e1e2-e6cd-4ca6-b7a1-5985cf903aa8" />
    <UnitTestResult executionId="afd14edf-79bb-4590-8081-eb16495f12c6" testId="07c24255-3fa1-4c14-9126-2ba785c7172e" testName="IsDirectoryAddRules_Passing_InvalidArguments_Returns_Errors" computerName="PC-SFERRARI" duration="00:00:00.0074624" startTime="2021-06-22T13:03:15.5676723+02:00" endTime="2021-06-22T13:03:15.5752909+02:00" testType="13cdc9d9-ddb5-4fa4-a97d-d965ccfc6d4b" outcome="Passed" testListId="8c84fa94-04c1-424b-9868-57a2d4851a1d" relativeResultsDirectory="afd14edf-79bb-4590-8081-eb16495f12c6" />
    <UnitTestResult executionId="966fbd58-dfdc-4355-b41e-410598ed369d" testId="3161e1ef-6104-464a-88b9-903d3aec6bfd" testName="IsRegex_AddRules_Passing_InvalidArguments_Returns_Errors" computerName="PC-SFERRARI" duration="00:00:00.0024395" startTime="2021-06-22T13:03:15.5649876+02:00" endTime="2021-06-22T13:03:15.5675932+02:00" testType="13cdc9d9-ddb5-4fa4-a97d-d965ccfc6d4b" outcome="Passed" testListId="8c84fa94-04c1-424b-9868-57a2d4851a1d" relativeResultsDirectory="966fbd58-dfdc-4355-b41e-410598ed369d" />
    <UnitTestResult executionId="7f5b1d80-ad2f-4321-8cf4-03c4651225f6" testId="6bd0d922-a5b4-44d3-9bf6-4df73afb1091" testName="Example_RulesStopFirstError" computerName="PC-SFERRARI" duration="00:00:00.0012105" startTime="2021-06-22T13:03:15.6616858+02:00" endTime="2021-06-22T13:03:15.6630461+02:00" testType="13cdc9d9-ddb5-4fa4-a97d-d965ccfc6d4b" outcome="Passed" testListId="8c84fa94-04c1-424b-9868-57a2d4851a1d" relativeResultsDirectory="7f5b1d80-ad2f-4321-8cf4-03c4651225f6" />
    <UnitTestResult executionId="eebc6c41-9001-4228-bdea-0701240eacbb" testId="d386650c-7267-4453-9562-6741d8a0bca9" testName="IsCustom_AddRules_Passing_InvalidArguments_Returns_Errors" computerName="PC-SFERRARI" duration="00:00:00.0083420" startTime="2021-06-22T13:03:15.4288069+02:00" endTime="2021-06-22T13:03:15.4373086+02:00" testType="13cdc9d9-ddb5-4fa4-a97d-d965ccfc6d4b" outcome="Passed" testListId="8c84fa94-04c1-424b-9868-57a2d4851a1d" relativeResultsDirectory="eebc6c41-9001-4228-bdea-0701240eacbb" />
    <UnitTestResult executionId="6e6fd78f-18de-4500-84b2-f7640b29e31a" testId="602d2dfe-418c-420b-a185-be571b60051c" testName="Email_AddRules_Passing_InvalidArguments_Returns_Errors" computerName="PC-SFERRARI" duration="00:00:00.0378626" startTime="2021-06-22T13:03:15.5753740+02:00" endTime="2021-06-22T13:03:15.6134043+02:00" testType="13cdc9d9-ddb5-4fa4-a97d-d965ccfc6d4b" outcome="Passed" testListId="8c84fa94-04c1-424b-9868-57a2d4851a1d" relativeResultsDirectory="6e6fd78f-18de-4500-84b2-f7640b29e31a" />
    <UnitTestResult executionId="566152f3-8ba2-4457-a55f-5c9dc69f0c75" testId="a20b4b1c-a64d-476a-b864-48292c782b71" testName="Subdomain_AddRules_Passing_InvalidArguments_Returns_Errors" computerName="PC-SFERRARI" duration="00:00:00.0234586" startTime="2021-06-22T13:03:15.6363756+02:00" endTime="2021-06-22T13:03:15.6599965+02:00" testType="13cdc9d9-ddb5-4fa4-a97d-d965ccfc6d4b" outcome="Passed" testListId="8c84fa94-04c1-424b-9868-57a2d4851a1d" relativeResultsDirectory="566152f3-8ba2-4457-a55f-5c9dc69f0c75" />
    <UnitTestResult executionId="45708fe1-97d8-4355-a2c9-31f31b8490dc" testId="4962647e-da84-4265-942c-f95b59897989" testName="Example_Rules1" computerName="PC-SFERRARI" duration="00:00:00.0019604" startTime="2021-06-22T13:03:15.6631257+02:00" endTime="2021-06-22T13:03:15.6652368+02:00" testType="13cdc9d9-ddb5-4fa4-a97d-d965ccfc6d4b" outcome="Passed" testListId="8c84fa94-04c1-424b-9868-57a2d4851a1d" relativeResultsDirectory="45708fe1-97d8-4355-a2c9-31f31b8490dc" />
    <UnitTestResult executionId="26260009-6e77-4788-b1aa-3a800ec32fa8" testId="cd67da92-d938-4191-af07-43b8266e0123" testName="Passing_Exception_Returns_InternalServerErrorStatusWithMessage (Production)" computerName="PC-SFERRARI" duration="00:00:00.0037231" startTime="2021-06-22T13:03:15.4136363+02:00" endTime="2021-06-22T13:03:15.4174894+02:00" testType="13cdc9d9-ddb5-4fa4-a97d-d965ccfc6d4b" outcome="Passed" testListId="8c84fa94-04c1-424b-9868-57a2d4851a1d" relativeResultsDirectory="26260009-6e77-4788-b1aa-3a800ec32fa8" />
    <UnitTestResult executionId="bbaf164f-1a9b-48aa-82f1-676e3c653b28" testId="67aedb53-cf26-4bc5-a52f-d655f717bdec" testName="IsNullOrEmpty_AddRules_Passing_InvalidArguments_Returns_Errors" computerName="PC-SFERRARI" duration="00:00:00.0061305" startTime="2021-06-22T13:03:15.5549477+02:00" endTime="2021-06-22T13:03:15.5612791+02:00" testType="13cdc9d9-ddb5-4fa4-a97d-d965ccfc6d4b" outcome="Passed" testListId="8c84fa94-04c1-424b-9868-57a2d4851a1d" relativeResultsDirectory="bbaf164f-1a9b-48aa-82f1-676e3c653b28" />
    <UnitTestResult executionId="de56c259-1ea8-433e-b266-601b45a78f52" testId="c7ab928b-a335-4aca-acdf-db232eae4082" testName="Passing_UnauthorizedAccessException_Returns_UnauthorizedStatusWithMessage (Development)" computerName="PC-SFERRARI" duration="00:00:00.0190778" startTime="2021-06-22T13:03:15.3886044+02:00" endTime="2021-06-22T13:03:15.4098550+02:00" testType="13cdc9d9-ddb5-4fa4-a97d-d965ccfc6d4b" outcome="Passed" testListId="8c84fa94-04c1-424b-9868-57a2d4851a1d" relativeResultsDirectory="de56c259-1ea8-433e-b266-601b45a78f52" />
    <UnitTestResult executionId="56e26b45-5808-4a56-8bbb-789569a2ab00" testId="06d26818-2327-4cef-be2a-2be7247d3901" testName="Name_AddRules_Passing_InvalidArguments_Returns_Errors" computerName="PC-SFERRARI" duration="00:00:00.0070665" startTime="2021-06-22T13:03:15.6289983+02:00" endTime="2021-06-22T13:03:15.6362938+02:00" testType="13cdc9d9-ddb5-4fa4-a97d-d965ccfc6d4b" outcome="Passed" testListId="8c84fa94-04c1-424b-9868-57a2d4851a1d" relativeResultsDirectory="56e26b45-5808-4a56-8bbb-789569a2ab00" />
    <UnitTestResult executionId="234ef167-39dc-47aa-a508-d76011381962" testId="c2ae8452-ac0e-480d-a20f-3cbe7a01c1c6" testName="Passing_UnauthorizedAccessException_Returns_UnauthorizedStatusWithMessage (Production)" computerName="PC-SFERRARI" duration="00:00:00.0008042" startTime="2021-06-22T13:03:15.4100006+02:00" endTime="2021-06-22T13:03:15.4109481+02:00" testType="13cdc9d9-ddb5-4fa4-a97d-d965ccfc6d4b" outcome="Passed" testListId="8c84fa94-04c1-424b-9868-57a2d4851a1d" relativeResultsDirectory="234ef167-39dc-47aa-a508-d76011381962" />
    <UnitTestResult executionId="3544b21f-4776-4e28-964a-7c4e31b8d06a" testId="8f432f65-5bec-4093-9aee-2b7de109415a" testName="Example_Rules" computerName="PC-SFERRARI" duration="00:00:00.0013719" startTime="2021-06-22T13:03:15.6600792+02:00" endTime="2021-06-22T13:03:15.6615979+02:00" testType="13cdc9d9-ddb5-4fa4-a97d-d965ccfc6d4b" outcome="Passed" testListId="8c84fa94-04c1-424b-9868-57a2d4851a1d" relativeResultsDirectory="3544b21f-4776-4e28-964a-7c4e31b8d06a" />
    <UnitTestResult executionId="3ae0412f-d0cb-45ff-8379-c1c7f7a54c0e" testId="71ea2cb5-b5cd-4a6c-b841-a4e516ab9929" testName="File_AddRules_Passing_InvalidArguments_Returns_Errors" computerName="PC-SFERRARI" duration="00:00:00.0057600" startTime="2021-06-22T13:03:15.6173342+02:00" endTime="2021-06-22T13:03:15.6233344+02:00" testType="13cdc9d9-ddb5-4fa4-a97d-d965ccfc6d4b" outcome="Passed" testListId="8c84fa94-04c1-424b-9868-57a2d4851a1d" relativeResultsDirectory="3ae0412f-d0cb-45ff-8379-c1c7f7a54c0e" />
    <UnitTestResult executionId="27ee54be-c44c-46cb-ae40-36d2c1aeb5b6" testId="86246291-9aea-47c8-9c03-1b1099e2d26a" testName="IsNullOrAny_AddRules_Passing_InvalidArguments_Returns_Errors" computerName="PC-SFERRARI" duration="00:00:00.0092197" startTime="2021-06-22T13:03:15.4175626+02:00" endTime="2021-06-22T13:03:15.4286848+02:00" testType="13cdc9d9-ddb5-4fa4-a97d-d965ccfc6d4b" outcome="Passed" testListId="8c84fa94-04c1-424b-9868-57a2d4851a1d" relativeResultsDirectory="27ee54be-c44c-46cb-ae40-36d2c1aeb5b6" />
    <UnitTestResult executionId="23ab1357-b3d7-471a-b678-8648a12b8ff6" testId="93a61e03-1cb6-4b5b-8422-93762081e3c7" testName="IsRange_AddRules_Passing_InvalidArguments_Returns_Errors" computerName="PC-SFERRARI" duration="00:00:00.0033987" startTime="2021-06-22T13:03:15.5613624+02:00" endTime="2021-06-22T13:03:15.5649115+02:00" testType="13cdc9d9-ddb5-4fa4-a97d-d965ccfc6d4b" outcome="Passed" testListId="8c84fa94-04c1-424b-9868-57a2d4851a1d" relativeResultsDirectory="23ab1357-b3d7-471a-b678-8648a12b8ff6" />
    <UnitTestResult executionId="52956df7-a6f2-43d3-abcc-ff8feb905854" testId="d7345286-e49d-4349-af8f-0ef7735a8daf" testName="IsGreater_AddRules_Passing_InvalidArguments_Returns_Errors" computerName="PC-SFERRARI" duration="00:00:00.0072847" startTime="2021-06-22T13:03:15.5137359+02:00" endTime="2021-06-22T13:03:15.5212147+02:00" testType="13cdc9d9-ddb5-4fa4-a97d-d965ccfc6d4b" outcome="Passed" testListId="8c84fa94-04c1-424b-9868-57a2d4851a1d" relativeResultsDirectory="52956df7-a6f2-43d3-abcc-ff8feb905854" />
  </Results>
  <TestDefinitions>
    <UnitTest name="Passing_UnauthorizedAccessException_Returns_UnauthorizedStatusWithMessage (Production)" storage="d:\sferrari\01 - trabajo\repos\netcore\libs\template-netcore-validations\kitpymes.core.validations.tests\bin\release\net5.0\kitpymes.core.validations.tests.dll" id="c2ae8452-ac0e-480d-a20f-3cbe7a01c1c6">
      <Execution id="234ef167-39dc-47aa-a508-d76011381962" />
      <TestMethod codeBase="D:\SFERRARI\01 - TRABAJO\repos\netcore\libs\template-netcore-validations\Kitpymes.Core.Validations.Tests\bin\Release\net5.0\Kitpymes.Core.Validations.Tests.dll" adapterTypeName="executor://mstestadapter/v2" className="Kitpymes.Core.Validations.Tests.ValidationsMiddlewareTests" name="Passing_UnauthorizedAccessException_Returns_UnauthorizedStatusWithMessage" />
    </UnitTest>
    <UnitTest name="FileExtension_AddRules_Passing_InvalidArguments_Returns_Errors" storage="d:\sferrari\01 - trabajo\repos\netcore\libs\template-netcore-validations\kitpymes.core.validations.tests\bin\release\net5.0\kitpymes.core.validations.tests.dll" id="624caefe-4b57-48df-9472-759d3c93444c">
      <Execution id="9c966f29-4915-4d91-9205-e90cecee1e54" />
      <TestMethod codeBase="D:\SFERRARI\01 - TRABAJO\repos\netcore\libs\template-netcore-validations\Kitpymes.Core.Validations.Tests\bin\Release\net5.0\Kitpymes.Core.Validations.Tests.dll" adapterTypeName="executor://mstestadapter/v2" className="Kitpymes.Core.Validations.Tests.ValidatorTests" name="FileExtension_AddRules_Passing_InvalidArguments_Returns_Errors" />
    </UnitTest>
    <UnitTest name="File_AddRules_Passing_InvalidArguments_Returns_Errors" storage="d:\sferrari\01 - trabajo\repos\netcore\libs\template-netcore-validations\kitpymes.core.validations.tests\bin\release\net5.0\kitpymes.core.validations.tests.dll" id="71ea2cb5-b5cd-4a6c-b841-a4e516ab9929">
      <Execution id="3ae0412f-d0cb-45ff-8379-c1c7f7a54c0e" />
      <TestMethod codeBase="D:\SFERRARI\01 - TRABAJO\repos\netcore\libs\template-netcore-validations\Kitpymes.Core.Validations.Tests\bin\Release\net5.0\Kitpymes.Core.Validations.Tests.dll" adapterTypeName="executor://mstestadapter/v2" className="Kitpymes.Core.Validations.Tests.ValidatorTests" name="File_AddRules_Passing_InvalidArguments_Returns_Errors" />
    </UnitTest>
    <UnitTest name="Email_AddRules_Passing_InvalidArguments_Returns_Errors" storage="d:\sferrari\01 - trabajo\repos\netcore\libs\template-netcore-validations\kitpymes.core.validations.tests\bin\release\net5.0\kitpymes.core.validations.tests.dll" id="602d2dfe-418c-420b-a185-be571b60051c">
      <Execution id="6e6fd78f-18de-4500-84b2-f7640b29e31a" />
      <TestMethod codeBase="D:\SFERRARI\01 - TRABAJO\repos\netcore\libs\template-netcore-validations\Kitpymes.Core.Validations.Tests\bin\Release\net5.0\Kitpymes.Core.Validations.Tests.dll" adapterTypeName="executor://mstestadapter/v2" className="Kitpymes.Core.Validations.Tests.ValidatorTests" name="Email_AddRules_Passing_InvalidArguments_Returns_Errors" />
    </UnitTest>
    <UnitTest name="Subdomain_AddRules_Passing_InvalidArguments_Returns_Errors" storage="d:\sferrari\01 - trabajo\repos\netcore\libs\template-netcore-validations\kitpymes.core.validations.tests\bin\release\net5.0\kitpymes.core.validations.tests.dll" id="a20b4b1c-a64d-476a-b864-48292c782b71">
      <Execution id="566152f3-8ba2-4457-a55f-5c9dc69f0c75" />
      <TestMethod codeBase="D:\SFERRARI\01 - TRABAJO\repos\netcore\libs\template-netcore-validations\Kitpymes.Core.Validations.Tests\bin\Release\net5.0\Kitpymes.Core.Validations.Tests.dll" adapterTypeName="executor://mstestadapter/v2" className="Kitpymes.Core.Validations.Tests.ValidatorTests" name="Subdomain_AddRules_Passing_InvalidArguments_Returns_Errors" />
    </UnitTest>
    <UnitTest name="Passing_UnauthorizedAccessException_Returns_UnauthorizedStatusWithMessage (Development)" storage="d:\sferrari\01 - trabajo\repos\netcore\libs\template-netcore-validations\kitpymes.core.validations.tests\bin\release\net5.0\kitpymes.core.validations.tests.dll" id="c7ab928b-a335-4aca-acdf-db232eae4082">
      <Execution id="de56c259-1ea8-433e-b266-601b45a78f52" />
      <TestMethod codeBase="D:\SFERRARI\01 - TRABAJO\repos\netcore\libs\template-netcore-validations\Kitpymes.Core.Validations.Tests\bin\Release\net5.0\Kitpymes.Core.Validations.Tests.dll" adapterTypeName="executor://mstestadapter/v2" className="Kitpymes.Core.Validations.Tests.ValidationsMiddlewareTests" name="Passing_UnauthorizedAccessException_Returns_UnauthorizedStatusWithMessage" />
    </UnitTest>
    <UnitTest name="Passing_ValidationExceptionWithErrors_Returns_BadRequestStatusWithErrors" storage="d:\sferrari\01 - trabajo\repos\netcore\libs\template-netcore-validations\kitpymes.core.validations.tests\bin\release\net5.0\kitpymes.core.validations.tests.dll" id="84088edd-3ac7-48b5-b4a4-8e318170479d">
      <Execution id="f223489d-4e5c-4858-8408-fb0970e4ec6a" />
      <TestMethod codeBase="D:\SFERRARI\01 - TRABAJO\repos\netcore\libs\template-netcore-validations\Kitpymes.Core.Validations.Tests\bin\Release\net5.0\Kitpymes.Core.Validations.Tests.dll" adapterTypeName="executor://mstestadapter/v2" className="Kitpymes.Core.Validations.Tests.ValidationsMiddlewareTests" name="Passing_ValidationExceptionWithErrors_Returns_BadRequestStatusWithErrors" />
    </UnitTest>
    <UnitTest name="Name_AddRules_Passing_InvalidArguments_Returns_Errors" storage="d:\sferrari\01 - trabajo\repos\netcore\libs\template-netcore-validations\kitpymes.core.validations.tests\bin\release\net5.0\kitpymes.core.validations.tests.dll" id="06d26818-2327-4cef-be2a-2be7247d3901">
      <Execution id="56e26b45-5808-4a56-8bbb-789569a2ab00" />
      <TestMethod codeBase="D:\SFERRARI\01 - TRABAJO\repos\netcore\libs\template-netcore-validations\Kitpymes.Core.Validations.Tests\bin\Release\net5.0\Kitpymes.Core.Validations.Tests.dll" adapterTypeName="executor://mstestadapter/v2" className="Kitpymes.Core.Validations.Tests.ValidatorTests" name="Name_AddRules_Passing_InvalidArguments_Returns_Errors" />
    </UnitTest>
    <UnitTest name="IsRange_AddRules_Passing_InvalidArguments_Returns_Errors" storage="d:\sferrari\01 - trabajo\repos\netcore\libs\template-netcore-validations\kitpymes.core.validations.tests\bin\release\net5.0\kitpymes.core.validations.tests.dll" id="93a61e03-1cb6-4b5b-8422-93762081e3c7">
      <Execution id="23ab1357-b3d7-471a-b678-8648a12b8ff6" />
      <TestMethod codeBase="D:\SFERRARI\01 - TRABAJO\repos\netcore\libs\template-netcore-validations\Kitpymes.Core.Validations.Tests\bin\Release\net5.0\Kitpymes.Core.Validations.Tests.dll" adapterTypeName="executor://mstestadapter/v2" className="Kitpymes.Core.Validations.Tests.ValidatorTests" name="IsRange_AddRules_Passing_InvalidArguments_Returns_Errors" />
    </UnitTest>
    <UnitTest name="IsNullOrAny_AddRules_Passing_InvalidArguments_Returns_Errors" storage="d:\sferrari\01 - trabajo\repos\netcore\libs\template-netcore-validations\kitpymes.core.validations.tests\bin\release\net5.0\kitpymes.core.validations.tests.dll" id="86246291-9aea-47c8-9c03-1b1099e2d26a">
      <Execution id="27ee54be-c44c-46cb-ae40-36d2c1aeb5b6" />
      <TestMethod codeBase="D:\SFERRARI\01 - TRABAJO\repos\netcore\libs\template-netcore-validations\Kitpymes.Core.Validations.Tests\bin\Release\net5.0\Kitpymes.Core.Validations.Tests.dll" adapterTypeName="executor://mstestadapter/v2" className="Kitpymes.Core.Validations.Tests.ValidatorTests" name="IsNullOrAny_AddRules_Passing_InvalidArguments_Returns_Errors" />
    </UnitTest>
    <UnitTest name="Example_Rules1" storage="d:\sferrari\01 - trabajo\repos\netcore\libs\template-netcore-validations\kitpymes.core.validations.tests\bin\release\net5.0\kitpymes.core.validations.tests.dll" id="4962647e-da84-4265-942c-f95b59897989">
      <Execution id="45708fe1-97d8-4355-a2c9-31f31b8490dc" />
      <TestMethod codeBase="D:\SFERRARI\01 - TRABAJO\repos\netcore\libs\template-netcore-validations\Kitpymes.Core.Validations.Tests\bin\Release\net5.0\Kitpymes.Core.Validations.Tests.dll" adapterTypeName="executor://mstestadapter/v2" className="Kitpymes.Core.Validations.Tests.ValidatorTests" name="Example_Rules1" />
    </UnitTest>
    <UnitTest name="Example_Rules" storage="d:\sferrari\01 - trabajo\repos\netcore\libs\template-netcore-validations\kitpymes.core.validations.tests\bin\release\net5.0\kitpymes.core.validations.tests.dll" id="8f432f65-5bec-4093-9aee-2b7de109415a">
      <Execution id="3544b21f-4776-4e28-964a-7c4e31b8d06a" />
      <TestMethod codeBase="D:\SFERRARI\01 - TRABAJO\repos\netcore\libs\template-netcore-validations\Kitpymes.Core.Validations.Tests\bin\Release\net5.0\Kitpymes.Core.Validations.Tests.dll" adapterTypeName="executor://mstestadapter/v2" className="Kitpymes.Core.Validations.Tests.ValidatorTests" name="Example_Rules" />
    </UnitTest>
    <UnitTest name="IsNullOrEmpty_AddRules_Passing_InvalidArguments_Returns_Errors" storage="d:\sferrari\01 - trabajo\repos\netcore\libs\template-netcore-validations\kitpymes.core.validations.tests\bin\release\net5.0\kitpymes.core.validations.tests.dll" id="67aedb53-cf26-4bc5-a52f-d655f717bdec">
      <Execution id="bbaf164f-1a9b-48aa-82f1-676e3c653b28" />
      <TestMethod codeBase="D:\SFERRARI\01 - TRABAJO\repos\netcore\libs\template-netcore-validations\Kitpymes.Core.Validations.Tests\bin\Release\net5.0\Kitpymes.Core.Validations.Tests.dll" adapterTypeName="executor://mstestadapter/v2" className="Kitpymes.Core.Validations.Tests.ValidatorTests" name="IsNullOrEmpty_AddRules_Passing_InvalidArguments_Returns_Errors" />
    </UnitTest>
    <UnitTest name="IsGreater_AddRules_Passing_InvalidArguments_Returns_Errors" storage="d:\sferrari\01 - trabajo\repos\netcore\libs\template-netcore-validations\kitpymes.core.validations.tests\bin\release\net5.0\kitpymes.core.validations.tests.dll" id="d7345286-e49d-4349-af8f-0ef7735a8daf">
      <Execution id="52956df7-a6f2-43d3-abcc-ff8feb905854" />
      <TestMethod codeBase="D:\SFERRARI\01 - TRABAJO\repos\netcore\libs\template-netcore-validations\Kitpymes.Core.Validations.Tests\bin\Release\net5.0\Kitpymes.Core.Validations.Tests.dll" adapterTypeName="executor://mstestadapter/v2" className="Kitpymes.Core.Validations.Tests.ValidatorTests" name="IsGreater_AddRules_Passing_InvalidArguments_Returns_Errors" />
    </UnitTest>
    <UnitTest name="IsCustom_AddRules_Passing_InvalidArguments_Returns_Errors" storage="d:\sferrari\01 - trabajo\repos\netcore\libs\template-netcore-validations\kitpymes.core.validations.tests\bin\release\net5.0\kitpymes.core.validations.tests.dll" id="d386650c-7267-4453-9562-6741d8a0bca9">
      <Execution id="eebc6c41-9001-4228-bdea-0701240eacbb" />
      <TestMethod codeBase="D:\SFERRARI\01 - TRABAJO\repos\netcore\libs\template-netcore-validations\Kitpymes.Core.Validations.Tests\bin\Release\net5.0\Kitpymes.Core.Validations.Tests.dll" adapterTypeName="executor://mstestadapter/v2" className="Kitpymes.Core.Validations.Tests.ValidatorTests" name="IsCustom_AddRules_Passing_InvalidArguments_Returns_Errors" />
    </UnitTest>
    <UnitTest name="Example_RulesStopFirstError" storage="d:\sferrari\01 - trabajo\repos\netcore\libs\template-netcore-validations\kitpymes.core.validations.tests\bin\release\net5.0\kitpymes.core.validations.tests.dll" id="6bd0d922-a5b4-44d3-9bf6-4df73afb1091">
      <Execution id="7f5b1d80-ad2f-4321-8cf4-03c4651225f6" />
      <TestMethod codeBase="D:\SFERRARI\01 - TRABAJO\repos\netcore\libs\template-netcore-validations\Kitpymes.Core.Validations.Tests\bin\Release\net5.0\Kitpymes.Core.Validations.Tests.dll" adapterTypeName="executor://mstestadapter/v2" className="Kitpymes.Core.Validations.Tests.ValidatorTests" name="Example_RulesStopFirstError" />
    </UnitTest>
    <UnitTest name="IsDirectoryAddRules_Passing_InvalidArguments_Returns_Errors" storage="d:\sferrari\01 - trabajo\repos\netcore\libs\template-netcore-validations\kitpymes.core.validations.tests\bin\release\net5.0\kitpymes.core.validations.tests.dll" id="07c24255-3fa1-4c14-9126-2ba785c7172e">
      <Execution id="afd14edf-79bb-4590-8081-eb16495f12c6" />
      <TestMethod codeBase="D:\SFERRARI\01 - TRABAJO\repos\netcore\libs\template-netcore-validations\Kitpymes.Core.Validations.Tests\bin\Release\net5.0\Kitpymes.Core.Validations.Tests.dll" adapterTypeName="executor://mstestadapter/v2" className="Kitpymes.Core.Validations.Tests.ValidatorTests" name="IsDirectoryAddRules_Passing_InvalidArguments_Returns_Errors" />
    </UnitTest>
    <UnitTest name="IsRegex_AddRules_Passing_InvalidArguments_Returns_Errors" storage="d:\sferrari\01 - trabajo\repos\netcore\libs\template-netcore-validations\kitpymes.core.validations.tests\bin\release\net5.0\kitpymes.core.validations.tests.dll" id="3161e1ef-6104-464a-88b9-903d3aec6bfd">
      <Execution id="966fbd58-dfdc-4355-b41e-410598ed369d" />
      <TestMethod codeBase="D:\SFERRARI\01 - TRABAJO\repos\netcore\libs\template-netcore-validations\Kitpymes.Core.Validations.Tests\bin\Release\net5.0\Kitpymes.Core.Validations.Tests.dll" adapterTypeName="executor://mstestadapter/v2" className="Kitpymes.Core.Validations.Tests.ValidatorTests" name="IsRegex_AddRules_Passing_InvalidArguments_Returns_Errors" />
    </UnitTest>
    <UnitTest name="IsEqual_AddRules_Passing_InvalidArguments_Returns_Errors" storage="d:\sferrari\01 - trabajo\repos\netcore\libs\template-netcore-validations\kitpymes.core.validations.tests\bin\release\net5.0\kitpymes.core.validations.tests.dll" id="8c8659a6-d3d9-40ad-aa1e-d2d4fc9e81c7">
      <Execution id="889c1412-bb4b-4b84-92ac-1ddf9e08b224" />
      <TestMethod codeBase="D:\SFERRARI\01 - TRABAJO\repos\netcore\libs\template-netcore-validations\Kitpymes.Core.Validations.Tests\bin\Release\net5.0\Kitpymes.Core.Validations.Tests.dll" adapterTypeName="executor://mstestadapter/v2" className="Kitpymes.Core.Validations.Tests.ValidatorTests" name="IsEqual_AddRules_Passing_InvalidArguments_Returns_Errors" />
    </UnitTest>
    <UnitTest name="IsLess_AddRules_Passing_InvalidArguments_Returns_Errors" storage="d:\sferrari\01 - trabajo\repos\netcore\libs\template-netcore-validations\kitpymes.core.validations.tests\bin\release\net5.0\kitpymes.core.validations.tests.dll" id="117ac3a9-523a-4514-be8b-0dc39c0fa015">
      <Execution id="89126e39-2f52-40f8-bacc-342ce61ba1e0" />
      <TestMethod codeBase="D:\SFERRARI\01 - TRABAJO\repos\netcore\libs\template-netcore-validations\Kitpymes.Core.Validations.Tests\bin\Release\net5.0\Kitpymes.Core.Validations.Tests.dll" adapterTypeName="executor://mstestadapter/v2" className="Kitpymes.Core.Validations.Tests.ValidatorTests" name="IsLess_AddRules_Passing_InvalidArguments_Returns_Errors" />
    </UnitTest>
    <UnitTest name="Passing_Exception_Returns_InternalServerErrorStatusWithMessage (Development)" storage="d:\sferrari\01 - trabajo\repos\netcore\libs\template-netcore-validations\kitpymes.core.validations.tests\bin\release\net5.0\kitpymes.core.validations.tests.dll" id="fa21d24d-8f7e-43b9-938d-93c6fc63f56f">
      <Execution id="4a0b0bbf-7092-4f50-a33c-53e0541f3dd3" />
      <TestMethod codeBase="D:\SFERRARI\01 - TRABAJO\repos\netcore\libs\template-netcore-validations\Kitpymes.Core.Validations.Tests\bin\Release\net5.0\Kitpymes.Core.Validations.Tests.dll" adapterTypeName="executor://mstestadapter/v2" className="Kitpymes.Core.Validations.Tests.ValidationsMiddlewareTests" name="Passing_Exception_Returns_InternalServerErrorStatusWithMessage" />
    </UnitTest>
    <UnitTest name="Passing_ValidationExceptionWithErrorsWithDetails_Returns_BadRequestStatusWithErrors" storage="d:\sferrari\01 - trabajo\repos\netcore\libs\template-netcore-validations\kitpymes.core.validations.tests\bin\release\net5.0\kitpymes.core.validations.tests.dll" id="bf77ddd3-9efa-40ef-9ca5-6ee83b0b8aca">
      <Execution id="7ab3e1e2-e6cd-4ca6-b7a1-5985cf903aa8" />
      <TestMethod codeBase="D:\SFERRARI\01 - TRABAJO\repos\netcore\libs\template-netcore-validations\Kitpymes.Core.Validations.Tests\bin\Release\net5.0\Kitpymes.Core.Validations.Tests.dll" adapterTypeName="executor://mstestadapter/v2" className="Kitpymes.Core.Validations.Tests.ValidationsMiddlewareTests" name="Passing_ValidationExceptionWithErrorsWithDetails_Returns_BadRequestStatusWithErrors" />
    </UnitTest>
    <UnitTest name="Passing_Exception_Returns_InternalServerErrorStatusWithMessage (Production)" storage="d:\sferrari\01 - trabajo\repos\netcore\libs\template-netcore-validations\kitpymes.core.validations.tests\bin\release\net5.0\kitpymes.core.validations.tests.dll" id="cd67da92-d938-4191-af07-43b8266e0123">
      <Execution id="26260009-6e77-4788-b1aa-3a800ec32fa8" />
      <TestMethod codeBase="D:\SFERRARI\01 - TRABAJO\repos\netcore\libs\template-netcore-validations\Kitpymes.Core.Validations.Tests\bin\Release\net5.0\Kitpymes.Core.Validations.Tests.dll" adapterTypeName="executor://mstestadapter/v2" className="Kitpymes.Core.Validations.Tests.ValidationsMiddlewareTests" name="Passing_Exception_Returns_InternalServerErrorStatusWithMessage" />
    </UnitTest>
  </TestDefinitions>
  <TestEntries>
    <TestEntry testId="fa21d24d-8f7e-43b9-938d-93c6fc63f56f" executionId="4a0b0bbf-7092-4f50-a33c-53e0541f3dd3" testListId="8c84fa94-04c1-424b-9868-57a2d4851a1d" />
    <TestEntry testId="84088edd-3ac7-48b5-b4a4-8e318170479d" executionId="f223489d-4e5c-4858-8408-fb0970e4ec6a" testListId="8c84fa94-04c1-424b-9868-57a2d4851a1d" />
    <TestEntry testId="624caefe-4b57-48df-9472-759d3c93444c" executionId="9c966f29-4915-4d91-9205-e90cecee1e54" testListId="8c84fa94-04c1-424b-9868-57a2d4851a1d" />
    <TestEntry testId="117ac3a9-523a-4514-be8b-0dc39c0fa015" executionId="89126e39-2f52-40f8-bacc-342ce61ba1e0" testListId="8c84fa94-04c1-424b-9868-57a2d4851a1d" />
    <TestEntry testId="8c8659a6-d3d9-40ad-aa1e-d2d4fc9e81c7" executionId="889c1412-bb4b-4b84-92ac-1ddf9e08b224" testListId="8c84fa94-04c1-424b-9868-57a2d4851a1d" />
    <TestEntry testId="bf77ddd3-9efa-40ef-9ca5-6ee83b0b8aca" executionId="7ab3e1e2-e6cd-4ca6-b7a1-5985cf903aa8" testListId="8c84fa94-04c1-424b-9868-57a2d4851a1d" />
    <TestEntry testId="07c24255-3fa1-4c14-9126-2ba785c7172e" executionId="afd14edf-79bb-4590-8081-eb16495f12c6" testListId="8c84fa94-04c1-424b-9868-57a2d4851a1d" />
    <TestEntry testId="3161e1ef-6104-464a-88b9-903d3aec6bfd" executionId="966fbd58-dfdc-4355-b41e-410598ed369d" testListId="8c84fa94-04c1-424b-9868-57a2d4851a1d" />
    <TestEntry testId="6bd0d922-a5b4-44d3-9bf6-4df73afb1091" executionId="7f5b1d80-ad2f-4321-8cf4-03c4651225f6" testListId="8c84fa94-04c1-424b-9868-57a2d4851a1d" />
    <TestEntry testId="d386650c-7267-4453-9562-6741d8a0bca9" executionId="eebc6c41-9001-4228-bdea-0701240eacbb" testListId="8c84fa94-04c1-424b-9868-57a2d4851a1d" />
    <TestEntry testId="602d2dfe-418c-420b-a185-be571b60051c" executionId="6e6fd78f-18de-4500-84b2-f7640b29e31a" testListId="8c84fa94-04c1-424b-9868-57a2d4851a1d" />
    <TestEntry testId="a20b4b1c-a64d-476a-b864-48292c782b71" executionId="566152f3-8ba2-4457-a55f-5c9dc69f0c75" testListId="8c84fa94-04c1-424b-9868-57a2d4851a1d" />
    <TestEntry testId="4962647e-da84-4265-942c-f95b59897989" executionId="45708fe1-97d8-4355-a2c9-31f31b8490dc" testListId="8c84fa94-04c1-424b-9868-57a2d4851a1d" />
    <TestEntry testId="cd67da92-d938-4191-af07-43b8266e0123" executionId="26260009-6e77-4788-b1aa-3a800ec32fa8" testListId="8c84fa94-04c1-424b-9868-57a2d4851a1d" />
    <TestEntry testId="67aedb53-cf26-4bc5-a52f-d655f717bdec" executionId="bbaf164f-1a9b-48aa-82f1-676e3c653b28" testListId="8c84fa94-04c1-424b-9868-57a2d4851a1d" />
    <TestEntry testId="c7ab928b-a335-4aca-acdf-db232eae4082" executionId="de56c259-1ea8-433e-b266-601b45a78f52" testListId="8c84fa94-04c1-424b-9868-57a2d4851a1d" />
    <TestEntry testId="06d26818-2327-4cef-be2a-2be7247d3901" executionId="56e26b45-5808-4a56-8bbb-789569a2ab00" testListId="8c84fa94-04c1-424b-9868-57a2d4851a1d" />
    <TestEntry testId="c2ae8452-ac0e-480d-a20f-3cbe7a01c1c6" executionId="234ef167-39dc-47aa-a508-d76011381962" testListId="8c84fa94-04c1-424b-9868-57a2d4851a1d" />
    <TestEntry testId="8f432f65-5bec-4093-9aee-2b7de109415a" executionId="3544b21f-4776-4e28-964a-7c4e31b8d06a" testListId="8c84fa94-04c1-424b-9868-57a2d4851a1d" />
    <TestEntry testId="71ea2cb5-b5cd-4a6c-b841-a4e516ab9929" executionId="3ae0412f-d0cb-45ff-8379-c1c7f7a54c0e" testListId="8c84fa94-04c1-424b-9868-57a2d4851a1d" />
    <TestEntry testId="86246291-9aea-47c8-9c03-1b1099e2d26a" executionId="27ee54be-c44c-46cb-ae40-36d2c1aeb5b6" testListId="8c84fa94-04c1-424b-9868-57a2d4851a1d" />
    <TestEntry testId="93a61e03-1cb6-4b5b-8422-93762081e3c7" executionId="23ab1357-b3d7-471a-b678-8648a12b8ff6" testListId="8c84fa94-04c1-424b-9868-57a2d4851a1d" />
    <TestEntry testId="d7345286-e49d-4349-af8f-0ef7735a8daf" executionId="52956df7-a6f2-43d3-abcc-ff8feb905854" testListId="8c84fa94-04c1-424b-9868-57a2d4851a1d" />
  </TestEntries>
  <TestLists>
    <TestList name="Resultados sin formato de lista" id="8c84fa94-04c1-424b-9868-57a2d4851a1d" />
    <TestList name="Todos los resultados cargados" id="19431567-8539-422a-85d7-44ee4e166bda" />
  </TestLists>
  <ResultSummary outcome="Completed">
    <Counters total="23" executed="23" passed="23" failed="0" error="0" timeout="0" aborted="0" inconclusive="0" passedButRunAborted="0" notRunnable="0" notExecuted="0" disconnected="0" warning="0" completed="0" inProgress="0" pending="0" />
  </ResultSummary>
</TestRun>