<?xml version="1.0" encoding="utf-8"?>
<TestRun id="64ded1d5-f5d0-411a-a7b4-b74cb8087c7a" name="sferrari@PC-SFERRARI 2020-08-15 16:21:51" runUser="PC-SFERRARI\sferrari" xmlns="http://microsoft.com/schemas/VisualStudio/TeamTest/2010">
  <Times creation="2020-08-15T16:21:51.6621553+01:00" queuing="2020-08-15T16:21:51.6621553+01:00" start="2020-08-15T16:21:50.3546503+01:00" finish="2020-08-15T16:21:56.5530782+01:00" />
  <TestSettings name="default" id="7b117dcd-9764-494c-86b7-df5e1097eee7">
    <Deployment runDeploymentRoot="sferrari_PC-SFERRARI_2020-08-15_16_21_51" />
  </TestSettings>
  <Results>
    <UnitTestResult executionId="b5d5d577-d700-4698-b44e-5539814cadec" testId="5b82dfbb-afa9-bc20-6dac-80ce9854c2f5" testName="Validate_Domain_AddPerson" computerName="PC-SFERRARI" duration="00:00:00.0573680" startTime="2020-08-15T16:21:55.6224563+01:00" endTime="2020-08-15T16:21:55.7296215+01:00" testType="13cdc9d9-ddb5-4fa4-a97d-d965ccfc6d4b" outcome="Passed" testListId="8c84fa94-04c1-424b-9868-57a2d4851a1d" relativeResultsDirectory="b5d5d577-d700-4698-b44e-5539814cadec">
      <Output>
        <StdOut>null</StdOut>
      </Output>
    </UnitTestResult>
    <UnitTestResult executionId="4b9c48a6-1f4c-4479-b40e-87d6518845ec" testId="1df3cd8c-aa5c-bd5a-4479-33851c3f1b94" testName="IsDirectory_PassingInvalidArgumentsReturnErrors" computerName="PC-SFERRARI" duration="00:00:00.0977919" startTime="2020-08-15T16:21:51.3508009+01:00" endTime="2020-08-15T16:21:51.5227137+01:00" testType="13cdc9d9-ddb5-4fa4-a97d-d965ccfc6d4b" outcome="Passed" testListId="8c84fa94-04c1-424b-9868-57a2d4851a1d" relativeResultsDirectory="4b9c48a6-1f4c-4479-b40e-87d6518845ec" />
    <UnitTestResult executionId="6c6de1a1-9ed1-4353-b078-f05ea55cb202" testId="3a0e3d39-4aa3-ec2c-bbc8-6f26d452a904" testName="IsDirectoryAddRules_Passing_InvalidArguments_Returns_Errors" computerName="PC-SFERRARI" duration="00:00:00.0013629" startTime="2020-08-15T16:21:54.5645890+01:00" endTime="2020-08-15T16:21:54.5661002+01:00" testType="13cdc9d9-ddb5-4fa4-a97d-d965ccfc6d4b" outcome="Passed" testListId="8c84fa94-04c1-424b-9868-57a2d4851a1d" relativeResultsDirectory="6c6de1a1-9ed1-4353-b078-f05ea55cb202" />
    <UnitTestResult executionId="a3fd9378-e119-464e-8fd0-40ce6b80b58e" testId="709218aa-5eb3-324d-e60f-a03ead6f8297" testName="IsName_PassingInvalidArgumentsReturnErrors" computerName="PC-SFERRARI" duration="00:00:00.0042622" startTime="2020-08-15T16:21:51.5694654+01:00" endTime="2020-08-15T16:21:51.5738445+01:00" testType="13cdc9d9-ddb5-4fa4-a97d-d965ccfc6d4b" outcome="Passed" testListId="8c84fa94-04c1-424b-9868-57a2d4851a1d" relativeResultsDirectory="a3fd9378-e119-464e-8fd0-40ce6b80b58e" />
    <UnitTestResult executionId="bf0b2dc9-8efa-4c89-9d02-0e8e14e2ba9c" testId="137ba50e-0a96-8baa-fcb3-58b17d990c20" testName="IsFile_PassingInvalidArgumentsReturnErrors" computerName="PC-SFERRARI" duration="00:00:00.0025817" startTime="2020-08-15T16:21:51.5496656+01:00" endTime="2020-08-15T16:21:51.5523460+01:00" testType="13cdc9d9-ddb5-4fa4-a97d-d965ccfc6d4b" outcome="Passed" testListId="8c84fa94-04c1-424b-9868-57a2d4851a1d" relativeResultsDirectory="bf0b2dc9-8efa-4c89-9d02-0e8e14e2ba9c" />
    <UnitTestResult executionId="62e9a72c-9f03-42ff-a8af-430073ab1682" testId="66cc9a44-896f-cb98-05dd-1085090421c1" testName="Passing_ValidationExceptionWithErrors_Returns_BadRequestStatusWithErrors" computerName="PC-SFERRARI" duration="00:00:00.0067354" startTime="2020-08-15T16:21:54.4349885+01:00" endTime="2020-08-15T16:21:54.4418827+01:00" testType="13cdc9d9-ddb5-4fa4-a97d-d965ccfc6d4b" outcome="Passed" testListId="8c84fa94-04c1-424b-9868-57a2d4851a1d" relativeResultsDirectory="62e9a72c-9f03-42ff-a8af-430073ab1682" />
    <UnitTestResult executionId="5763f553-e12c-4b24-9969-7ea64fab5922" testId="45495191-cedd-64eb-789f-c2cd210007ed" testName="IsRange_AddRules_Passing_InvalidArguments_Returns_Errors" computerName="PC-SFERRARI" duration="00:00:00.0044536" startTime="2020-08-15T16:21:54.5956590+01:00" endTime="2020-08-15T16:21:54.6002463+01:00" testType="13cdc9d9-ddb5-4fa4-a97d-d965ccfc6d4b" outcome="Passed" testListId="8c84fa94-04c1-424b-9868-57a2d4851a1d" relativeResultsDirectory="5763f553-e12c-4b24-9969-7ea64fab5922" />
    <UnitTestResult executionId="30c21587-93d3-408d-ae84-7aefaeae449e" testId="bcd81ff7-11e4-9882-c9e1-dbde8069a89b" testName="IsCustom_AddRules_Passing_InvalidArguments_Returns_Errors" computerName="PC-SFERRARI" duration="00:00:00.0077993" startTime="2020-08-15T16:21:54.5566238+01:00" endTime="2020-08-15T16:21:54.5645518+01:00" testType="13cdc9d9-ddb5-4fa4-a97d-d965ccfc6d4b" outcome="Passed" testListId="8c84fa94-04c1-424b-9868-57a2d4851a1d" relativeResultsDirectory="30c21587-93d3-408d-ae84-7aefaeae449e" />
    <UnitTestResult executionId="45b8ed09-c18d-4b28-b846-b55b76699ddb" testId="b8a7e8e2-ab9d-d162-491c-3134a1a2bd1e" testName="Passing_Exception_Returns_InternalServerErrorStatusWithMessage" computerName="PC-SFERRARI" duration="00:00:00.3723824" startTime="2020-08-15T16:21:53.9612189+01:00" endTime="2020-08-15T16:21:54.4127545+01:00" testType="13cdc9d9-ddb5-4fa4-a97d-d965ccfc6d4b" outcome="Passed" testListId="8c84fa94-04c1-424b-9868-57a2d4851a1d" relativeResultsDirectory="45b8ed09-c18d-4b28-b846-b55b76699ddb" resultType="DataDrivenTest">
      <InnerResults>
        <UnitTestResult executionId="771dc1f1-80ce-4ac7-969a-ccc9981b1ff4" parentExecutionId="45b8ed09-c18d-4b28-b846-b55b76699ddb" testId="b8a7e8e2-ab9d-d162-491c-3134a1a2bd1e" testName="Passing_Exception_Returns_InternalServerErrorStatusWithMessage (Development)" computerName="PC-SFERRARI" duration="00:00:00.3624277" startTime="2020-08-15T16:21:53.9612189+01:00" endTime="2020-08-15T16:21:54.4127545+01:00" testType="13cdc9d9-ddb5-4fa4-a97d-d965ccfc6d4b" outcome="Passed" testListId="8c84fa94-04c1-424b-9868-57a2d4851a1d" relativeResultsDirectory="771dc1f1-80ce-4ac7-969a-ccc9981b1ff4" dataRowInfo="1" resultType="DataDrivenDataRow" />
        <UnitTestResult executionId="5c065fdb-fd02-46f5-9974-b5bd5f8e70bb" parentExecutionId="45b8ed09-c18d-4b28-b846-b55b76699ddb" testId="b8a7e8e2-ab9d-d162-491c-3134a1a2bd1e" testName="Passing_Exception_Returns_InternalServerErrorStatusWithMessage (Production)" computerName="PC-SFERRARI" duration="00:00:00.0028339" startTime="2020-08-15T16:21:53.9612189+01:00" endTime="2020-08-15T16:21:54.4127545+01:00" testType="13cdc9d9-ddb5-4fa4-a97d-d965ccfc6d4b" outcome="Passed" testListId="8c84fa94-04c1-424b-9868-57a2d4851a1d" relativeResultsDirectory="5c065fdb-fd02-46f5-9974-b5bd5f8e70bb" dataRowInfo="2" resultType="DataDrivenDataRow" />
      </InnerResults>
    </UnitTestResult>
    <UnitTestResult executionId="2b6dd4e3-5480-4446-a582-26d590926923" testId="ae969d08-0059-f9ae-3da9-2542ab7d0d70" testName="IsPassword_PassingInvalidArgumentsReturnErrors" computerName="PC-SFERRARI" duration="00:00:00.0017106" startTime="2020-08-15T16:21:51.6694048+01:00" endTime="2020-08-15T16:21:51.6712223+01:00" testType="13cdc9d9-ddb5-4fa4-a97d-d965ccfc6d4b" outcome="Passed" testListId="8c84fa94-04c1-424b-9868-57a2d4851a1d" relativeResultsDirectory="2b6dd4e3-5480-4446-a582-26d590926923" />
    <UnitTestResult executionId="1e703287-b288-4e01-a846-42fce10485d8" testId="8ff727c0-e01e-5102-20ab-01e8d83a96bf" testName="IsLess_PassingInvalidArgumentsReturnErrors" computerName="PC-SFERRARI" duration="00:00:00.0046220" startTime="2020-08-15T16:21:51.5646915+01:00" endTime="2020-08-15T16:21:51.5694352+01:00" testType="13cdc9d9-ddb5-4fa4-a97d-d965ccfc6d4b" outcome="Passed" testListId="8c84fa94-04c1-424b-9868-57a2d4851a1d" relativeResultsDirectory="1e703287-b288-4e01-a846-42fce10485d8" />
    <UnitTestResult executionId="04b17294-40e9-44e4-929f-e001648a787e" testId="288c5ca0-bf36-c20f-12e9-8a2884961ba3" testName="IsEqual_AddRules_Passing_InvalidArguments_Returns_Errors" computerName="PC-SFERRARI" duration="00:00:00.0030334" startTime="2020-08-15T16:21:54.5661250+01:00" endTime="2020-08-15T16:21:54.5692744+01:00" testType="13cdc9d9-ddb5-4fa4-a97d-d965ccfc6d4b" outcome="Passed" testListId="8c84fa94-04c1-424b-9868-57a2d4851a1d" relativeResultsDirectory="04b17294-40e9-44e4-929f-e001648a787e" />
    <UnitTestResult executionId="8ab39d2e-254e-4c4c-bc7a-c2518d74f4b3" testId="7f9ebfde-3fa2-c72f-e7a4-4fdb73570bd3" testName="File_AddRules_Passing_InvalidArguments_Returns_Errors" computerName="PC-SFERRARI" duration="00:00:00.0013473" startTime="2020-08-15T16:21:54.5551338+01:00" endTime="2020-08-15T16:21:54.5566025+01:00" testType="13cdc9d9-ddb5-4fa4-a97d-d965ccfc6d4b" outcome="Passed" testListId="8c84fa94-04c1-424b-9868-57a2d4851a1d" relativeResultsDirectory="8ab39d2e-254e-4c4c-bc7a-c2518d74f4b3" />
    <UnitTestResult executionId="e0f879cc-6106-4bf0-8f81-33979324a081" testId="6c13e23c-3c31-e5b6-4059-f576f18cadc6" testName="IsGreater_AddRules_Passing_InvalidArguments_Returns_Errors" computerName="PC-SFERRARI" duration="00:00:00.0009057" startTime="2020-08-15T16:21:54.5692988+01:00" endTime="2020-08-15T16:21:54.5703252+01:00" testType="13cdc9d9-ddb5-4fa4-a97d-d965ccfc6d4b" outcome="Passed" testListId="8c84fa94-04c1-424b-9868-57a2d4851a1d" relativeResultsDirectory="e0f879cc-6106-4bf0-8f81-33979324a081" />
    <UnitTestResult executionId="1c69bc37-40a0-48f0-845e-07c434c84742" testId="8120b77d-d089-3db9-b10e-64316a441772" testName="IsEmail_PassingInvalidArgumentsReturnErrors" computerName="PC-SFERRARI" duration="00:00:00.0040454" startTime="2020-08-15T16:21:51.5353666+01:00" endTime="2020-08-15T16:21:51.5403091+01:00" testType="13cdc9d9-ddb5-4fa4-a97d-d965ccfc6d4b" outcome="Passed" testListId="8c84fa94-04c1-424b-9868-57a2d4851a1d" relativeResultsDirectory="1c69bc37-40a0-48f0-845e-07c434c84742" />
    <UnitTestResult executionId="c8023cb9-b4c9-4ce8-aa0b-bb15b37ed15e" testId="2fb4c1a5-5962-f3d1-a8c2-6d96687b2297" testName="Email_AddRules_Passing_InvalidArguments_Returns_Errors" computerName="PC-SFERRARI" duration="00:00:00.0106121" startTime="2020-08-15T16:21:54.4419156+01:00" endTime="2020-08-15T16:21:54.4532476+01:00" testType="13cdc9d9-ddb5-4fa4-a97d-d965ccfc6d4b" outcome="Passed" testListId="8c84fa94-04c1-424b-9868-57a2d4851a1d" relativeResultsDirectory="c8023cb9-b4c9-4ce8-aa0b-bb15b37ed15e" />
    <UnitTestResult executionId="3e469026-aa23-4a20-be28-0e8b3246a878" testId="3f872058-72c8-2a16-81cc-cc54ecf2e617" testName="FileExtension_AddRules_Passing_InvalidArguments_Returns_Errors" computerName="PC-SFERRARI" duration="00:00:00.0012689" startTime="2020-08-15T16:21:54.5537075+01:00" endTime="2020-08-15T16:21:54.5551131+01:00" testType="13cdc9d9-ddb5-4fa4-a97d-d965ccfc6d4b" outcome="Passed" testListId="8c84fa94-04c1-424b-9868-57a2d4851a1d" relativeResultsDirectory="3e469026-aa23-4a20-be28-0e8b3246a878" />
    <UnitTestResult executionId="f08bfa4f-7d95-45f9-87f3-b4dbaa77dc23" testId="5844a620-3fb9-20e6-3b9c-3982a70b62d7" testName="Password_AddRules_Passing_InvalidArguments_Returns_Errors" computerName="PC-SFERRARI" duration="00:00:00.0008875" startTime="2020-08-15T16:21:54.6037679+01:00" endTime="2020-08-15T16:21:54.6047627+01:00" testType="13cdc9d9-ddb5-4fa4-a97d-d965ccfc6d4b" outcome="Passed" testListId="8c84fa94-04c1-424b-9868-57a2d4851a1d" relativeResultsDirectory="f08bfa4f-7d95-45f9-87f3-b4dbaa77dc23" />
    <UnitTestResult executionId="25fa10c9-3178-466a-bbef-baf6e42ddadb" testId="ee7d33d6-4f97-e3cc-f457-36caabfe550a" testName="Name_AddRules_Passing_InvalidArguments_Returns_Errors" computerName="PC-SFERRARI" duration="00:00:00.0012519" startTime="2020-08-15T16:21:54.6023804+01:00" endTime="2020-08-15T16:21:54.6037480+01:00" testType="13cdc9d9-ddb5-4fa4-a97d-d965ccfc6d4b" outcome="Passed" testListId="8c84fa94-04c1-424b-9868-57a2d4851a1d" relativeResultsDirectory="25fa10c9-3178-466a-bbef-baf6e42ddadb" />
    <UnitTestResult executionId="7a23c0c5-b1b7-4b73-be57-288c46a95c1c" testId="c8567511-1a0b-211d-89bf-007b6556ff0f" testName="IsRegex_AddRules_Passing_InvalidArguments_Returns_Errors" computerName="PC-SFERRARI" duration="00:00:00.0018948" startTime="2020-08-15T16:21:54.6002908+01:00" endTime="2020-08-15T16:21:54.6023549+01:00" testType="13cdc9d9-ddb5-4fa4-a97d-d965ccfc6d4b" outcome="Passed" testListId="8c84fa94-04c1-424b-9868-57a2d4851a1d" relativeResultsDirectory="7a23c0c5-b1b7-4b73-be57-288c46a95c1c" />
    <UnitTestResult executionId="08065a32-578c-4973-9eec-9ce72e2f2a15" testId="aeedc70a-adad-3ec7-8156-f052f14d0ef2" testName="Example_RulesStopFirstError" computerName="PC-SFERRARI" duration="00:00:00.0025935" startTime="2020-08-15T16:21:54.5509113+01:00" endTime="2020-08-15T16:21:54.5536620+01:00" testType="13cdc9d9-ddb5-4fa4-a97d-d965ccfc6d4b" outcome="Passed" testListId="8c84fa94-04c1-424b-9868-57a2d4851a1d" relativeResultsDirectory="08065a32-578c-4973-9eec-9ce72e2f2a15" />
    <UnitTestResult executionId="57cee01a-5191-426e-bda9-cf6446d51cb9" testId="0187b6df-e70c-cff4-a1b5-86cd64d3fd57" testName="IsRange_PassingInvalidArgumentsReturnErrors" computerName="PC-SFERRARI" duration="00:00:00.0024380" startTime="2020-08-15T16:21:51.6712437+01:00" endTime="2020-08-15T16:21:51.6737770+01:00" testType="13cdc9d9-ddb5-4fa4-a97d-d965ccfc6d4b" outcome="Passed" testListId="8c84fa94-04c1-424b-9868-57a2d4851a1d" relativeResultsDirectory="57cee01a-5191-426e-bda9-cf6446d51cb9" />
    <UnitTestResult executionId="4105727d-1e12-4e58-9ac5-eb241493ce66" testId="50eb0f5c-4913-f185-47c9-adcceeb5aca4" testName="IsNullOrAny_PassingInvalidArgumentsReturnErrors" computerName="PC-SFERRARI" duration="00:00:00.0054898" startTime="2020-08-15T16:21:51.5738693+01:00" endTime="2020-08-15T16:21:51.5794788+01:00" testType="13cdc9d9-ddb5-4fa4-a97d-d965ccfc6d4b" outcome="Passed" testListId="8c84fa94-04c1-424b-9868-57a2d4851a1d" relativeResultsDirectory="4105727d-1e12-4e58-9ac5-eb241493ce66" />
    <UnitTestResult executionId="35d4c80f-787c-4ebc-9c50-597e5c586f2d" testId="1d39f5c1-93ad-1b27-7dee-f638db698b33" testName="Passing_ValidationExceptionWithErrorsWithDetails_Returns_BadRequestStatusWithErrors" computerName="PC-SFERRARI" duration="00:00:00.0065754" startTime="2020-08-15T16:21:54.4282221+01:00" endTime="2020-08-15T16:21:54.4349519+01:00" testType="13cdc9d9-ddb5-4fa4-a97d-d965ccfc6d4b" outcome="Passed" testListId="8c84fa94-04c1-424b-9868-57a2d4851a1d" relativeResultsDirectory="35d4c80f-787c-4ebc-9c50-597e5c586f2d" />
    <UnitTestResult executionId="031e2076-df6a-481b-b397-81239a363b4f" testId="01b3f9e0-4cea-f3f7-5362-8d8c10dbc5ea" testName="Subdomain_AddRules_Passing_InvalidArguments_Returns_Errors" computerName="PC-SFERRARI" duration="00:00:00.0012206" startTime="2020-08-15T16:21:54.6047896+01:00" endTime="2020-08-15T16:21:54.6061097+01:00" testType="13cdc9d9-ddb5-4fa4-a97d-d965ccfc6d4b" outcome="Passed" testListId="8c84fa94-04c1-424b-9868-57a2d4851a1d" relativeResultsDirectory="031e2076-df6a-481b-b397-81239a363b4f" />
    <UnitTestResult executionId="ba847446-3525-460d-94de-1fc8130a919c" testId="9c5e79d3-cdc4-a796-9313-517e5d7f6008" testName="IsSubdomain_PassingInvalidArgumentsReturnErrors" computerName="PC-SFERRARI" duration="00:00:00.0015166" startTime="2020-08-15T16:21:51.6815801+01:00" endTime="2020-08-15T16:21:51.6832100+01:00" testType="13cdc9d9-ddb5-4fa4-a97d-d965ccfc6d4b" outcome="Passed" testListId="8c84fa94-04c1-424b-9868-57a2d4851a1d" relativeResultsDirectory="ba847446-3525-460d-94de-1fc8130a919c" />
    <UnitTestResult executionId="36875939-c24e-4961-9469-893c5fbda841" testId="b8f625ae-8ace-2ea9-d10f-163ee16f8108" testName="IsFileExtension_PassingInvalidArgumentsReturnErrors" computerName="PC-SFERRARI" duration="00:00:00.0016523" startTime="2020-08-15T16:21:51.5478890+01:00" endTime="2020-08-15T16:21:51.5496437+01:00" testType="13cdc9d9-ddb5-4fa4-a97d-d965ccfc6d4b" outcome="Passed" testListId="8c84fa94-04c1-424b-9868-57a2d4851a1d" relativeResultsDirectory="36875939-c24e-4961-9469-893c5fbda841" />
    <UnitTestResult executionId="8a945484-9abc-4e4b-af07-4a77f49d47a6" testId="13d7d163-9ba7-ab26-c816-776985513923" testName="Validate_Endpoint_AddPerson" computerName="PC-SFERRARI" duration="00:00:00.5818321" startTime="2020-08-15T16:21:55.7433946+01:00" endTime="2020-08-15T16:21:56.3253569+01:00" testType="13cdc9d9-ddb5-4fa4-a97d-d965ccfc6d4b" outcome="Passed" testListId="8c84fa94-04c1-424b-9868-57a2d4851a1d" relativeResultsDirectory="8a945484-9abc-4e4b-af07-4a77f49d47a6">
      <Output>
        <StdOut>{"Success":false,"Title":"One or more validation errors occurred.","StatusCode":400,"Errors":{"$":"The input does not contain any JSON tokens. Expected the input to start with a valid JSON token, when isFinalBlock is true. Path: $ | LineNumber: 0 | BytePositionInLine: 0.","dto":"The dto field is required."}}</StdOut>
      </Output>
    </UnitTestResult>
    <UnitTestResult executionId="340f247f-d04a-45c2-a934-68183a086c25" testId="6ff6975a-19be-51c8-1e11-c749b390f92e" testName="IsGreater_PassingInvalidArgumentsReturnErrors" computerName="PC-SFERRARI" duration="00:00:00.0121203" startTime="2020-08-15T16:21:51.5524023+01:00" endTime="2020-08-15T16:21:51.5646602+01:00" testType="13cdc9d9-ddb5-4fa4-a97d-d965ccfc6d4b" outcome="Passed" testListId="8c84fa94-04c1-424b-9868-57a2d4851a1d" relativeResultsDirectory="340f247f-d04a-45c2-a934-68183a086c25" />
    <UnitTestResult executionId="2047946b-d706-446d-a0f1-9b4468b35f37" testId="860aacc7-6d7e-e398-50c1-cb414db3a6c8" testName="IsRegex_PassingInvalidArgumentsReturnErrors" computerName="PC-SFERRARI" duration="00:00:00.0076383" startTime="2020-08-15T16:21:51.6737983+01:00" endTime="2020-08-15T16:21:51.6815410+01:00" testType="13cdc9d9-ddb5-4fa4-a97d-d965ccfc6d4b" outcome="Passed" testListId="8c84fa94-04c1-424b-9868-57a2d4851a1d" relativeResultsDirectory="2047946b-d706-446d-a0f1-9b4468b35f37" />
    <UnitTestResult executionId="9ac277e7-c9bd-42fe-87c5-65dc2a543118" testId="6e5eb92f-ba99-0d6d-b737-0f0ac6ebd71a" testName="IsNullOrEmpty_PassingInvalidArgumentsReturnErrors" computerName="PC-SFERRARI" duration="00:00:00.0062796" startTime="2020-08-15T16:21:51.6629090+01:00" endTime="2020-08-15T16:21:51.6693682+01:00" testType="13cdc9d9-ddb5-4fa4-a97d-d965ccfc6d4b" outcome="Passed" testListId="8c84fa94-04c1-424b-9868-57a2d4851a1d" relativeResultsDirectory="9ac277e7-c9bd-42fe-87c5-65dc2a543118" />
    <UnitTestResult executionId="0d3b6f77-58f6-411f-bce0-7c56c634f813" testId="f22ed11f-e788-87d9-b9ee-7913518597db" testName="IsEqual_PassingInvalidArgumentsReturnErrors" computerName="PC-SFERRARI" duration="00:00:00.0073836" startTime="2020-08-15T16:21:51.5403563+01:00" endTime="2020-08-15T16:21:51.5478571+01:00" testType="13cdc9d9-ddb5-4fa4-a97d-d965ccfc6d4b" outcome="Passed" testListId="8c84fa94-04c1-424b-9868-57a2d4851a1d" relativeResultsDirectory="0d3b6f77-58f6-411f-bce0-7c56c634f813" />
    <UnitTestResult executionId="1e5336b3-b6e0-4cc7-add6-b8c1a163ab84" testId="2384ca30-887e-9f93-205d-f933582dc531" testName="IsLess_AddRules_Passing_InvalidArguments_Returns_Errors" computerName="PC-SFERRARI" duration="00:00:00.0020971" startTime="2020-08-15T16:21:54.5817055+01:00" endTime="2020-08-15T16:21:54.5840022+01:00" testType="13cdc9d9-ddb5-4fa4-a97d-d965ccfc6d4b" outcome="Passed" testListId="8c84fa94-04c1-424b-9868-57a2d4851a1d" relativeResultsDirectory="1e5336b3-b6e0-4cc7-add6-b8c1a163ab84" />
    <UnitTestResult executionId="46ff9101-8a8a-4039-bc50-04904dd4b909" testId="9f577f44-05fc-0733-12a6-00cfc8d82cb7" testName="Validate_Domain_ChangeName" computerName="PC-SFERRARI" duration="00:00:00.0039929" startTime="2020-08-15T16:21:55.7391055+01:00" endTime="2020-08-15T16:21:55.7433376+01:00" testType="13cdc9d9-ddb5-4fa4-a97d-d965ccfc6d4b" outcome="Passed" testListId="8c84fa94-04c1-424b-9868-57a2d4851a1d" relativeResultsDirectory="46ff9101-8a8a-4039-bc50-04904dd4b909">
      <Output>
        <StdOut>null</StdOut>
      </Output>
    </UnitTestResult>
    <UnitTestResult executionId="b14383ef-29df-414e-8d88-5727e49ab61b" testId="9e450fc9-c0e4-876e-9de2-46c40e450f93" testName="Example_Rules1" computerName="PC-SFERRARI" duration="00:00:00.0191840" startTime="2020-08-15T16:21:54.5315515+01:00" endTime="2020-08-15T16:21:54.5508755+01:00" testType="13cdc9d9-ddb5-4fa4-a97d-d965ccfc6d4b" outcome="Passed" testListId="8c84fa94-04c1-424b-9868-57a2d4851a1d" relativeResultsDirectory="b14383ef-29df-414e-8d88-5727e49ab61b" />
    <UnitTestResult executionId="de34482d-4fc3-4aec-af8a-f51f9733fda1" testId="7856e401-58d5-ba3a-5308-600db6a57b94" testName="IsNullOrEmpty_AddRules_Passing_InvalidArguments_Returns_Errors" computerName="PC-SFERRARI" duration="00:00:00.0010187" startTime="2020-08-15T16:21:54.5944601+01:00" endTime="2020-08-15T16:21:54.5956373+01:00" testType="13cdc9d9-ddb5-4fa4-a97d-d965ccfc6d4b" outcome="Passed" testListId="8c84fa94-04c1-424b-9868-57a2d4851a1d" relativeResultsDirectory="de34482d-4fc3-4aec-af8a-f51f9733fda1" />
    <UnitTestResult executionId="c82328a5-ec37-4897-95dc-88bf5e96a34f" testId="4153e580-3730-e7c5-7084-648bf5943281" testName="Example_Rules" computerName="PC-SFERRARI" duration="00:00:00.0056841" startTime="2020-08-15T16:21:54.5255970+01:00" endTime="2020-08-15T16:21:54.5315070+01:00" testType="13cdc9d9-ddb5-4fa4-a97d-d965ccfc6d4b" outcome="Passed" testListId="8c84fa94-04c1-424b-9868-57a2d4851a1d" relativeResultsDirectory="c82328a5-ec37-4897-95dc-88bf5e96a34f" />
    <UnitTestResult executionId="aa1e48e2-d558-45eb-bfb4-0858e84e90c9" testId="cbf7b6e0-8505-a2ba-46b0-e3091e60d288" testName="Passing_UnauthorizedAccessException_Returns_UnauthorizedStatusWithMessage" computerName="PC-SFERRARI" duration="00:00:00.0022823" startTime="2020-08-15T16:21:54.4256748+01:00" endTime="2020-08-15T16:21:54.4281870+01:00" testType="13cdc9d9-ddb5-4fa4-a97d-d965ccfc6d4b" outcome="Passed" testListId="8c84fa94-04c1-424b-9868-57a2d4851a1d" relativeResultsDirectory="aa1e48e2-d558-45eb-bfb4-0858e84e90c9" resultType="DataDrivenTest">
      <InnerResults>
        <UnitTestResult executionId="cb650f9b-9046-478b-acf5-d25faf32b0c3" parentExecutionId="aa1e48e2-d558-45eb-bfb4-0858e84e90c9" testId="cbf7b6e0-8505-a2ba-46b0-e3091e60d288" testName="Passing_UnauthorizedAccessException_Returns_UnauthorizedStatusWithMessage (Development)" computerName="PC-SFERRARI" duration="00:00:00.0016680" startTime="2020-08-15T16:21:54.4256748+01:00" endTime="2020-08-15T16:21:54.4281870+01:00" testType="13cdc9d9-ddb5-4fa4-a97d-d965ccfc6d4b" outcome="Passed" testListId="8c84fa94-04c1-424b-9868-57a2d4851a1d" relativeResultsDirectory="cb650f9b-9046-478b-acf5-d25faf32b0c3" dataRowInfo="1" resultType="DataDrivenDataRow" />
        <UnitTestResult executionId="eb10a111-a49b-4839-97dc-a35315534aee" parentExecutionId="aa1e48e2-d558-45eb-bfb4-0858e84e90c9" testId="cbf7b6e0-8505-a2ba-46b0-e3091e60d288" testName="Passing_UnauthorizedAccessException_Returns_UnauthorizedStatusWithMessage (Production)" computerName="PC-SFERRARI" duration="00:00:00.0005179" startTime="2020-08-15T16:21:54.4256748+01:00" endTime="2020-08-15T16:21:54.4281870+01:00" testType="13cdc9d9-ddb5-4fa4-a97d-d965ccfc6d4b" outcome="Passed" testListId="8c84fa94-04c1-424b-9868-57a2d4851a1d" relativeResultsDirectory="eb10a111-a49b-4839-97dc-a35315534aee" dataRowInfo="2" resultType="DataDrivenDataRow" />
      </InnerResults>
    </UnitTestResult>
    <UnitTestResult executionId="21e2db1b-1679-4672-b81b-7f7c27e76852" testId="09ed491f-8351-157e-f768-52cec1e7497e" testName="IsNullOrAny_AddRules_Passing_InvalidArguments_Returns_Errors" computerName="PC-SFERRARI" duration="00:00:00.0102461" startTime="2020-08-15T16:21:54.5840332+01:00" endTime="2020-08-15T16:21:54.5944203+01:00" testType="13cdc9d9-ddb5-4fa4-a97d-d965ccfc6d4b" outcome="Passed" testListId="8c84fa94-04c1-424b-9868-57a2d4851a1d" relativeResultsDirectory="21e2db1b-1679-4672-b81b-7f7c27e76852" />
  </Results>
  <TestDefinitions>
    <UnitTest name="IsName_PassingInvalidArgumentsReturnErrors" storage="d:\sferrari\01 - trabajo\repos\netcore\template-netcore-validations\kitpymes.core.validations.fluentvalidation.tests\bin\release\netcoreapp3.0\kitpymes.core.validations.fluentvalidation.tests.dll" id="709218aa-5eb3-324d-e60f-a03ead6f8297">
      <Execution id="a3fd9378-e119-464e-8fd0-40ce6b80b58e" />
      <TestMethod codeBase="D:\SFERRARI\01 - TRABAJO\REPOS\netcore\template-netcore-validations\Kitpymes.Core.Validations.FluentValidation.Tests\bin\Release\netcoreapp3.0\Kitpymes.Core.Validations.FluentValidation.Tests.dll" adapterTypeName="executor://mstestadapter/v2" className="Kitpymes.Core.Validations.FluentValidation.Tests.FluentValidatorTests" name="IsName_PassingInvalidArgumentsReturnErrors" />
    </UnitTest>
    <UnitTest name="IsRegex_AddRules_Passing_InvalidArguments_Returns_Errors" storage="d:\sferrari\01 - trabajo\repos\netcore\template-netcore-validations\kitpymes.core.validations.tests\bin\release\netcoreapp3.0\kitpymes.core.validations.tests.dll" id="c8567511-1a0b-211d-89bf-007b6556ff0f">
      <Execution id="7a23c0c5-b1b7-4b73-be57-288c46a95c1c" />
      <TestMethod codeBase="D:\SFERRARI\01 - TRABAJO\REPOS\netcore\template-netcore-validations\Kitpymes.Core.Validations.Tests\bin\Release\netcoreapp3.0\Kitpymes.Core.Validations.Tests.dll" adapterTypeName="executor://mstestadapter/v2" className="Kitpymes.Core.Validations.Tests.ValidatorTests" name="IsRegex_AddRules_Passing_InvalidArguments_Returns_Errors" />
    </UnitTest>
    <UnitTest name="Email_AddRules_Passing_InvalidArguments_Returns_Errors" storage="d:\sferrari\01 - trabajo\repos\netcore\template-netcore-validations\kitpymes.core.validations.tests\bin\release\netcoreapp3.0\kitpymes.core.validations.tests.dll" id="2fb4c1a5-5962-f3d1-a8c2-6d96687b2297">
      <Execution id="c8023cb9-b4c9-4ce8-aa0b-bb15b37ed15e" />
      <TestMethod codeBase="D:\SFERRARI\01 - TRABAJO\REPOS\netcore\template-netcore-validations\Kitpymes.Core.Validations.Tests\bin\Release\netcoreapp3.0\Kitpymes.Core.Validations.Tests.dll" adapterTypeName="executor://mstestadapter/v2" className="Kitpymes.Core.Validations.Tests.ValidatorTests" name="Email_AddRules_Passing_InvalidArguments_Returns_Errors" />
    </UnitTest>
    <UnitTest name="Passing_UnauthorizedAccessException_Returns_UnauthorizedStatusWithMessage" storage="d:\sferrari\01 - trabajo\repos\netcore\template-netcore-validations\kitpymes.core.validations.tests\bin\release\netcoreapp3.0\kitpymes.core.validations.tests.dll" id="cbf7b6e0-8505-a2ba-46b0-e3091e60d288">
      <Execution id="aa1e48e2-d558-45eb-bfb4-0858e84e90c9" />
      <TestMethod codeBase="D:\SFERRARI\01 - TRABAJO\REPOS\netcore\template-netcore-validations\Kitpymes.Core.Validations.Tests\bin\Release\netcoreapp3.0\Kitpymes.Core.Validations.Tests.dll" adapterTypeName="executor://mstestadapter/v2" className="Kitpymes.Core.Validations.Tests.ValidationsMiddlewareTests" name="Passing_UnauthorizedAccessException_Returns_UnauthorizedStatusWithMessage" />
    </UnitTest>
    <UnitTest name="IsRange_AddRules_Passing_InvalidArguments_Returns_Errors" storage="d:\sferrari\01 - trabajo\repos\netcore\template-netcore-validations\kitpymes.core.validations.tests\bin\release\netcoreapp3.0\kitpymes.core.validations.tests.dll" id="45495191-cedd-64eb-789f-c2cd210007ed">
      <Execution id="5763f553-e12c-4b24-9969-7ea64fab5922" />
      <TestMethod codeBase="D:\SFERRARI\01 - TRABAJO\REPOS\netcore\template-netcore-validations\Kitpymes.Core.Validations.Tests\bin\Release\netcoreapp3.0\Kitpymes.Core.Validations.Tests.dll" adapterTypeName="executor://mstestadapter/v2" className="Kitpymes.Core.Validations.Tests.ValidatorTests" name="IsRange_AddRules_Passing_InvalidArguments_Returns_Errors" />
    </UnitTest>
    <UnitTest name="File_AddRules_Passing_InvalidArguments_Returns_Errors" storage="d:\sferrari\01 - trabajo\repos\netcore\template-netcore-validations\kitpymes.core.validations.tests\bin\release\netcoreapp3.0\kitpymes.core.validations.tests.dll" id="7f9ebfde-3fa2-c72f-e7a4-4fdb73570bd3">
      <Execution id="8ab39d2e-254e-4c4c-bc7a-c2518d74f4b3" />
      <TestMethod codeBase="D:\SFERRARI\01 - TRABAJO\REPOS\netcore\template-netcore-validations\Kitpymes.Core.Validations.Tests\bin\Release\netcoreapp3.0\Kitpymes.Core.Validations.Tests.dll" adapterTypeName="executor://mstestadapter/v2" className="Kitpymes.Core.Validations.Tests.ValidatorTests" name="File_AddRules_Passing_InvalidArguments_Returns_Errors" />
    </UnitTest>
    <UnitTest name="Example_Rules" storage="d:\sferrari\01 - trabajo\repos\netcore\template-netcore-validations\kitpymes.core.validations.tests\bin\release\netcoreapp3.0\kitpymes.core.validations.tests.dll" id="4153e580-3730-e7c5-7084-648bf5943281">
      <Execution id="c82328a5-ec37-4897-95dc-88bf5e96a34f" />
      <TestMethod codeBase="D:\SFERRARI\01 - TRABAJO\REPOS\netcore\template-netcore-validations\Kitpymes.Core.Validations.Tests\bin\Release\netcoreapp3.0\Kitpymes.Core.Validations.Tests.dll" adapterTypeName="executor://mstestadapter/v2" className="Kitpymes.Core.Validations.Tests.ValidatorTests" name="Example_Rules" />
    </UnitTest>
    <UnitTest name="IsRegex_PassingInvalidArgumentsReturnErrors" storage="d:\sferrari\01 - trabajo\repos\netcore\template-netcore-validations\kitpymes.core.validations.fluentvalidation.tests\bin\release\netcoreapp3.0\kitpymes.core.validations.fluentvalidation.tests.dll" id="860aacc7-6d7e-e398-50c1-cb414db3a6c8">
      <Execution id="2047946b-d706-446d-a0f1-9b4468b35f37" />
      <TestMethod codeBase="D:\SFERRARI\01 - TRABAJO\REPOS\netcore\template-netcore-validations\Kitpymes.Core.Validations.FluentValidation.Tests\bin\Release\netcoreapp3.0\Kitpymes.Core.Validations.FluentValidation.Tests.dll" adapterTypeName="executor://mstestadapter/v2" className="Kitpymes.Core.Validations.FluentValidation.Tests.FluentValidatorTests" name="IsRegex_PassingInvalidArgumentsReturnErrors" />
    </UnitTest>
    <UnitTest name="IsDirectoryAddRules_Passing_InvalidArguments_Returns_Errors" storage="d:\sferrari\01 - trabajo\repos\netcore\template-netcore-validations\kitpymes.core.validations.tests\bin\release\netcoreapp3.0\kitpymes.core.validations.tests.dll" id="3a0e3d39-4aa3-ec2c-bbc8-6f26d452a904">
      <Execution id="6c6de1a1-9ed1-4353-b078-f05ea55cb202" />
      <TestMethod codeBase="D:\SFERRARI\01 - TRABAJO\REPOS\netcore\template-netcore-validations\Kitpymes.Core.Validations.Tests\bin\Release\netcoreapp3.0\Kitpymes.Core.Validations.Tests.dll" adapterTypeName="executor://mstestadapter/v2" className="Kitpymes.Core.Validations.Tests.ValidatorTests" name="IsDirectoryAddRules_Passing_InvalidArguments_Returns_Errors" />
    </UnitTest>
    <UnitTest name="IsFileExtension_PassingInvalidArgumentsReturnErrors" storage="d:\sferrari\01 - trabajo\repos\netcore\template-netcore-validations\kitpymes.core.validations.fluentvalidation.tests\bin\release\netcoreapp3.0\kitpymes.core.validations.fluentvalidation.tests.dll" id="b8f625ae-8ace-2ea9-d10f-163ee16f8108">
      <Execution id="36875939-c24e-4961-9469-893c5fbda841" />
      <TestMethod codeBase="D:\SFERRARI\01 - TRABAJO\REPOS\netcore\template-netcore-validations\Kitpymes.Core.Validations.FluentValidation.Tests\bin\Release\netcoreapp3.0\Kitpymes.Core.Validations.FluentValidation.Tests.dll" adapterTypeName="executor://mstestadapter/v2" className="Kitpymes.Core.Validations.FluentValidation.Tests.FluentValidatorTests" name="IsFileExtension_PassingInvalidArgumentsReturnErrors" />
    </UnitTest>
    <UnitTest name="IsNullOrAny_PassingInvalidArgumentsReturnErrors" storage="d:\sferrari\01 - trabajo\repos\netcore\template-netcore-validations\kitpymes.core.validations.fluentvalidation.tests\bin\release\netcoreapp3.0\kitpymes.core.validations.fluentvalidation.tests.dll" id="50eb0f5c-4913-f185-47c9-adcceeb5aca4">
      <Execution id="4105727d-1e12-4e58-9ac5-eb241493ce66" />
      <TestMethod codeBase="D:\SFERRARI\01 - TRABAJO\REPOS\netcore\template-netcore-validations\Kitpymes.Core.Validations.FluentValidation.Tests\bin\Release\netcoreapp3.0\Kitpymes.Core.Validations.FluentValidation.Tests.dll" adapterTypeName="executor://mstestadapter/v2" className="Kitpymes.Core.Validations.FluentValidation.Tests.FluentValidatorTests" name="IsNullOrAny_PassingInvalidArgumentsReturnErrors" />
    </UnitTest>
    <UnitTest name="IsEmail_PassingInvalidArgumentsReturnErrors" storage="d:\sferrari\01 - trabajo\repos\netcore\template-netcore-validations\kitpymes.core.validations.fluentvalidation.tests\bin\release\netcoreapp3.0\kitpymes.core.validations.fluentvalidation.tests.dll" id="8120b77d-d089-3db9-b10e-64316a441772">
      <Execution id="1c69bc37-40a0-48f0-845e-07c434c84742" />
      <TestMethod codeBase="D:\SFERRARI\01 - TRABAJO\REPOS\netcore\template-netcore-validations\Kitpymes.Core.Validations.FluentValidation.Tests\bin\Release\netcoreapp3.0\Kitpymes.Core.Validations.FluentValidation.Tests.dll" adapterTypeName="executor://mstestadapter/v2" className="Kitpymes.Core.Validations.FluentValidation.Tests.FluentValidatorTests" name="IsEmail_PassingInvalidArgumentsReturnErrors" />
    </UnitTest>
    <UnitTest name="Validate_Domain_ChangeName" storage="d:\sferrari\01 - trabajo\repos\netcore\template-netcore-validations\tests\tests.api.endpointtests\bin\release\netcoreapp3.0\tests.api.endpointstests.dll" id="9f577f44-05fc-0733-12a6-00cfc8d82cb7">
      <Execution id="46ff9101-8a8a-4039-bc50-04904dd4b909" />
      <TestMethod codeBase="D:\SFERRARI\01 - TRABAJO\REPOS\netcore\template-netcore-validations\tests\Tests.Api.EndpointTests\bin\Release\netcoreapp3.0\Tests.Api.EndpointsTests.dll" adapterTypeName="executor://mstestadapter/v2" className="Tests.Api.EndpointsTests.ValidatorTests" name="Validate_Domain_ChangeName" />
    </UnitTest>
    <UnitTest name="IsGreater_PassingInvalidArgumentsReturnErrors" storage="d:\sferrari\01 - trabajo\repos\netcore\template-netcore-validations\kitpymes.core.validations.fluentvalidation.tests\bin\release\netcoreapp3.0\kitpymes.core.validations.fluentvalidation.tests.dll" id="6ff6975a-19be-51c8-1e11-c749b390f92e">
      <Execution id="340f247f-d04a-45c2-a934-68183a086c25" />
      <TestMethod codeBase="D:\SFERRARI\01 - TRABAJO\REPOS\netcore\template-netcore-validations\Kitpymes.Core.Validations.FluentValidation.Tests\bin\Release\netcoreapp3.0\Kitpymes.Core.Validations.FluentValidation.Tests.dll" adapterTypeName="executor://mstestadapter/v2" className="Kitpymes.Core.Validations.FluentValidation.Tests.FluentValidatorTests" name="IsGreater_PassingInvalidArgumentsReturnErrors" />
    </UnitTest>
    <UnitTest name="IsSubdomain_PassingInvalidArgumentsReturnErrors" storage="d:\sferrari\01 - trabajo\repos\netcore\template-netcore-validations\kitpymes.core.validations.fluentvalidation.tests\bin\release\netcoreapp3.0\kitpymes.core.validations.fluentvalidation.tests.dll" id="9c5e79d3-cdc4-a796-9313-517e5d7f6008">
      <Execution id="ba847446-3525-460d-94de-1fc8130a919c" />
      <TestMethod codeBase="D:\SFERRARI\01 - TRABAJO\REPOS\netcore\template-netcore-validations\Kitpymes.Core.Validations.FluentValidation.Tests\bin\Release\netcoreapp3.0\Kitpymes.Core.Validations.FluentValidation.Tests.dll" adapterTypeName="executor://mstestadapter/v2" className="Kitpymes.Core.Validations.FluentValidation.Tests.FluentValidatorTests" name="IsSubdomain_PassingInvalidArgumentsReturnErrors" />
    </UnitTest>
    <UnitTest name="IsEqual_PassingInvalidArgumentsReturnErrors" storage="d:\sferrari\01 - trabajo\repos\netcore\template-netcore-validations\kitpymes.core.validations.fluentvalidation.tests\bin\release\netcoreapp3.0\kitpymes.core.validations.fluentvalidation.tests.dll" id="f22ed11f-e788-87d9-b9ee-7913518597db">
      <Execution id="0d3b6f77-58f6-411f-bce0-7c56c634f813" />
      <TestMethod codeBase="D:\SFERRARI\01 - TRABAJO\REPOS\netcore\template-netcore-validations\Kitpymes.Core.Validations.FluentValidation.Tests\bin\Release\netcoreapp3.0\Kitpymes.Core.Validations.FluentValidation.Tests.dll" adapterTypeName="executor://mstestadapter/v2" className="Kitpymes.Core.Validations.FluentValidation.Tests.FluentValidatorTests" name="IsEqual_PassingInvalidArgumentsReturnErrors" />
    </UnitTest>
    <UnitTest name="IsLess_AddRules_Passing_InvalidArguments_Returns_Errors" storage="d:\sferrari\01 - trabajo\repos\netcore\template-netcore-validations\kitpymes.core.validations.tests\bin\release\netcoreapp3.0\kitpymes.core.validations.tests.dll" id="2384ca30-887e-9f93-205d-f933582dc531">
      <Execution id="1e5336b3-b6e0-4cc7-add6-b8c1a163ab84" />
      <TestMethod codeBase="D:\SFERRARI\01 - TRABAJO\REPOS\netcore\template-netcore-validations\Kitpymes.Core.Validations.Tests\bin\Release\netcoreapp3.0\Kitpymes.Core.Validations.Tests.dll" adapterTypeName="executor://mstestadapter/v2" className="Kitpymes.Core.Validations.Tests.ValidatorTests" name="IsLess_AddRules_Passing_InvalidArguments_Returns_Errors" />
    </UnitTest>
    <UnitTest name="IsNullOrAny_AddRules_Passing_InvalidArguments_Returns_Errors" storage="d:\sferrari\01 - trabajo\repos\netcore\template-netcore-validations\kitpymes.core.validations.tests\bin\release\netcoreapp3.0\kitpymes.core.validations.tests.dll" id="09ed491f-8351-157e-f768-52cec1e7497e">
      <Execution id="21e2db1b-1679-4672-b81b-7f7c27e76852" />
      <TestMethod codeBase="D:\SFERRARI\01 - TRABAJO\REPOS\netcore\template-netcore-validations\Kitpymes.Core.Validations.Tests\bin\Release\netcoreapp3.0\Kitpymes.Core.Validations.Tests.dll" adapterTypeName="executor://mstestadapter/v2" className="Kitpymes.Core.Validations.Tests.ValidatorTests" name="IsNullOrAny_AddRules_Passing_InvalidArguments_Returns_Errors" />
    </UnitTest>
    <UnitTest name="Example_Rules1" storage="d:\sferrari\01 - trabajo\repos\netcore\template-netcore-validations\kitpymes.core.validations.tests\bin\release\netcoreapp3.0\kitpymes.core.validations.tests.dll" id="9e450fc9-c0e4-876e-9de2-46c40e450f93">
      <Execution id="b14383ef-29df-414e-8d88-5727e49ab61b" />
      <TestMethod codeBase="D:\SFERRARI\01 - TRABAJO\REPOS\netcore\template-netcore-validations\Kitpymes.Core.Validations.Tests\bin\Release\netcoreapp3.0\Kitpymes.Core.Validations.Tests.dll" adapterTypeName="executor://mstestadapter/v2" className="Kitpymes.Core.Validations.Tests.ValidatorTests" name="Example_Rules1" />
    </UnitTest>
    <UnitTest name="IsPassword_PassingInvalidArgumentsReturnErrors" storage="d:\sferrari\01 - trabajo\repos\netcore\template-netcore-validations\kitpymes.core.validations.fluentvalidation.tests\bin\release\netcoreapp3.0\kitpymes.core.validations.fluentvalidation.tests.dll" id="ae969d08-0059-f9ae-3da9-2542ab7d0d70">
      <Execution id="2b6dd4e3-5480-4446-a582-26d590926923" />
      <TestMethod codeBase="D:\SFERRARI\01 - TRABAJO\REPOS\netcore\template-netcore-validations\Kitpymes.Core.Validations.FluentValidation.Tests\bin\Release\netcoreapp3.0\Kitpymes.Core.Validations.FluentValidation.Tests.dll" adapterTypeName="executor://mstestadapter/v2" className="Kitpymes.Core.Validations.FluentValidation.Tests.FluentValidatorTests" name="IsPassword_PassingInvalidArgumentsReturnErrors" />
    </UnitTest>
    <UnitTest name="IsLess_PassingInvalidArgumentsReturnErrors" storage="d:\sferrari\01 - trabajo\repos\netcore\template-netcore-validations\kitpymes.core.validations.fluentvalidation.tests\bin\release\netcoreapp3.0\kitpymes.core.validations.fluentvalidation.tests.dll" id="8ff727c0-e01e-5102-20ab-01e8d83a96bf">
      <Execution id="1e703287-b288-4e01-a846-42fce10485d8" />
      <TestMethod codeBase="D:\SFERRARI\01 - TRABAJO\REPOS\netcore\template-netcore-validations\Kitpymes.Core.Validations.FluentValidation.Tests\bin\Release\netcoreapp3.0\Kitpymes.Core.Validations.FluentValidation.Tests.dll" adapterTypeName="executor://mstestadapter/v2" className="Kitpymes.Core.Validations.FluentValidation.Tests.FluentValidatorTests" name="IsLess_PassingInvalidArgumentsReturnErrors" />
    </UnitTest>
    <UnitTest name="FileExtension_AddRules_Passing_InvalidArguments_Returns_Errors" storage="d:\sferrari\01 - trabajo\repos\netcore\template-netcore-validations\kitpymes.core.validations.tests\bin\release\netcoreapp3.0\kitpymes.core.validations.tests.dll" id="3f872058-72c8-2a16-81cc-cc54ecf2e617">
      <Execution id="3e469026-aa23-4a20-be28-0e8b3246a878" />
      <TestMethod codeBase="D:\SFERRARI\01 - TRABAJO\REPOS\netcore\template-netcore-validations\Kitpymes.Core.Validations.Tests\bin\Release\netcoreapp3.0\Kitpymes.Core.Validations.Tests.dll" adapterTypeName="executor://mstestadapter/v2" className="Kitpymes.Core.Validations.Tests.ValidatorTests" name="FileExtension_AddRules_Passing_InvalidArguments_Returns_Errors" />
    </UnitTest>
    <UnitTest name="Validate_Domain_AddPerson" storage="d:\sferrari\01 - trabajo\repos\netcore\template-netcore-validations\tests\tests.api.endpointtests\bin\release\netcoreapp3.0\tests.api.endpointstests.dll" id="5b82dfbb-afa9-bc20-6dac-80ce9854c2f5">
      <Execution id="b5d5d577-d700-4698-b44e-5539814cadec" />
      <TestMethod codeBase="D:\SFERRARI\01 - TRABAJO\REPOS\netcore\template-netcore-validations\tests\Tests.Api.EndpointTests\bin\Release\netcoreapp3.0\Tests.Api.EndpointsTests.dll" adapterTypeName="executor://mstestadapter/v2" className="Tests.Api.EndpointsTests.ValidatorTests" name="Validate_Domain_AddPerson" />
    </UnitTest>
    <UnitTest name="Subdomain_AddRules_Passing_InvalidArguments_Returns_Errors" storage="d:\sferrari\01 - trabajo\repos\netcore\template-netcore-validations\kitpymes.core.validations.tests\bin\release\netcoreapp3.0\kitpymes.core.validations.tests.dll" id="01b3f9e0-4cea-f3f7-5362-8d8c10dbc5ea">
      <Execution id="031e2076-df6a-481b-b397-81239a363b4f" />
      <TestMethod codeBase="D:\SFERRARI\01 - TRABAJO\REPOS\netcore\template-netcore-validations\Kitpymes.Core.Validations.Tests\bin\Release\netcoreapp3.0\Kitpymes.Core.Validations.Tests.dll" adapterTypeName="executor://mstestadapter/v2" className="Kitpymes.Core.Validations.Tests.ValidatorTests" name="Subdomain_AddRules_Passing_InvalidArguments_Returns_Errors" />
    </UnitTest>
    <UnitTest name="Password_AddRules_Passing_InvalidArguments_Returns_Errors" storage="d:\sferrari\01 - trabajo\repos\netcore\template-netcore-validations\kitpymes.core.validations.tests\bin\release\netcoreapp3.0\kitpymes.core.validations.tests.dll" id="5844a620-3fb9-20e6-3b9c-3982a70b62d7">
      <Execution id="f08bfa4f-7d95-45f9-87f3-b4dbaa77dc23" />
      <TestMethod codeBase="D:\SFERRARI\01 - TRABAJO\REPOS\netcore\template-netcore-validations\Kitpymes.Core.Validations.Tests\bin\Release\netcoreapp3.0\Kitpymes.Core.Validations.Tests.dll" adapterTypeName="executor://mstestadapter/v2" className="Kitpymes.Core.Validations.Tests.ValidatorTests" name="Password_AddRules_Passing_InvalidArguments_Returns_Errors" />
    </UnitTest>
    <UnitTest name="IsFile_PassingInvalidArgumentsReturnErrors" storage="d:\sferrari\01 - trabajo\repos\netcore\template-netcore-validations\kitpymes.core.validations.fluentvalidation.tests\bin\release\netcoreapp3.0\kitpymes.core.validations.fluentvalidation.tests.dll" id="137ba50e-0a96-8baa-fcb3-58b17d990c20">
      <Execution id="bf0b2dc9-8efa-4c89-9d02-0e8e14e2ba9c" />
      <TestMethod codeBase="D:\SFERRARI\01 - TRABAJO\REPOS\netcore\template-netcore-validations\Kitpymes.Core.Validations.FluentValidation.Tests\bin\Release\netcoreapp3.0\Kitpymes.Core.Validations.FluentValidation.Tests.dll" adapterTypeName="executor://mstestadapter/v2" className="Kitpymes.Core.Validations.FluentValidation.Tests.FluentValidatorTests" name="IsFile_PassingInvalidArgumentsReturnErrors" />
    </UnitTest>
    <UnitTest name="IsGreater_AddRules_Passing_InvalidArguments_Returns_Errors" storage="d:\sferrari\01 - trabajo\repos\netcore\template-netcore-validations\kitpymes.core.validations.tests\bin\release\netcoreapp3.0\kitpymes.core.validations.tests.dll" id="6c13e23c-3c31-e5b6-4059-f576f18cadc6">
      <Execution id="e0f879cc-6106-4bf0-8f81-33979324a081" />
      <TestMethod codeBase="D:\SFERRARI\01 - TRABAJO\REPOS\netcore\template-netcore-validations\Kitpymes.Core.Validations.Tests\bin\Release\netcoreapp3.0\Kitpymes.Core.Validations.Tests.dll" adapterTypeName="executor://mstestadapter/v2" className="Kitpymes.Core.Validations.Tests.ValidatorTests" name="IsGreater_AddRules_Passing_InvalidArguments_Returns_Errors" />
    </UnitTest>
    <UnitTest name="IsNullOrEmpty_AddRules_Passing_InvalidArguments_Returns_Errors" storage="d:\sferrari\01 - trabajo\repos\netcore\template-netcore-validations\kitpymes.core.validations.tests\bin\release\netcoreapp3.0\kitpymes.core.validations.tests.dll" id="7856e401-58d5-ba3a-5308-600db6a57b94">
      <Execution id="de34482d-4fc3-4aec-af8a-f51f9733fda1" />
      <TestMethod codeBase="D:\SFERRARI\01 - TRABAJO\REPOS\netcore\template-netcore-validations\Kitpymes.Core.Validations.Tests\bin\Release\netcoreapp3.0\Kitpymes.Core.Validations.Tests.dll" adapterTypeName="executor://mstestadapter/v2" className="Kitpymes.Core.Validations.Tests.ValidatorTests" name="IsNullOrEmpty_AddRules_Passing_InvalidArguments_Returns_Errors" />
    </UnitTest>
    <UnitTest name="IsEqual_AddRules_Passing_InvalidArguments_Returns_Errors" storage="d:\sferrari\01 - trabajo\repos\netcore\template-netcore-validations\kitpymes.core.validations.tests\bin\release\netcoreapp3.0\kitpymes.core.validations.tests.dll" id="288c5ca0-bf36-c20f-12e9-8a2884961ba3">
      <Execution id="04b17294-40e9-44e4-929f-e001648a787e" />
      <TestMethod codeBase="D:\SFERRARI\01 - TRABAJO\REPOS\netcore\template-netcore-validations\Kitpymes.Core.Validations.Tests\bin\Release\netcoreapp3.0\Kitpymes.Core.Validations.Tests.dll" adapterTypeName="executor://mstestadapter/v2" className="Kitpymes.Core.Validations.Tests.ValidatorTests" name="IsEqual_AddRules_Passing_InvalidArguments_Returns_Errors" />
    </UnitTest>
    <UnitTest name="Name_AddRules_Passing_InvalidArguments_Returns_Errors" storage="d:\sferrari\01 - trabajo\repos\netcore\template-netcore-validations\kitpymes.core.validations.tests\bin\release\netcoreapp3.0\kitpymes.core.validations.tests.dll" id="ee7d33d6-4f97-e3cc-f457-36caabfe550a">
      <Execution id="25fa10c9-3178-466a-bbef-baf6e42ddadb" />
      <TestMethod codeBase="D:\SFERRARI\01 - TRABAJO\REPOS\netcore\template-netcore-validations\Kitpymes.Core.Validations.Tests\bin\Release\netcoreapp3.0\Kitpymes.Core.Validations.Tests.dll" adapterTypeName="executor://mstestadapter/v2" className="Kitpymes.Core.Validations.Tests.ValidatorTests" name="Name_AddRules_Passing_InvalidArguments_Returns_Errors" />
    </UnitTest>
    <UnitTest name="Passing_ValidationExceptionWithErrorsWithDetails_Returns_BadRequestStatusWithErrors" storage="d:\sferrari\01 - trabajo\repos\netcore\template-netcore-validations\kitpymes.core.validations.tests\bin\release\netcoreapp3.0\kitpymes.core.validations.tests.dll" id="1d39f5c1-93ad-1b27-7dee-f638db698b33">
      <Execution id="35d4c80f-787c-4ebc-9c50-597e5c586f2d" />
      <TestMethod codeBase="D:\SFERRARI\01 - TRABAJO\REPOS\netcore\template-netcore-validations\Kitpymes.Core.Validations.Tests\bin\Release\netcoreapp3.0\Kitpymes.Core.Validations.Tests.dll" adapterTypeName="executor://mstestadapter/v2" className="Kitpymes.Core.Validations.Tests.ValidationsMiddlewareTests" name="Passing_ValidationExceptionWithErrorsWithDetails_Returns_BadRequestStatusWithErrors" />
    </UnitTest>
    <UnitTest name="Passing_ValidationExceptionWithErrors_Returns_BadRequestStatusWithErrors" storage="d:\sferrari\01 - trabajo\repos\netcore\template-netcore-validations\kitpymes.core.validations.tests\bin\release\netcoreapp3.0\kitpymes.core.validations.tests.dll" id="66cc9a44-896f-cb98-05dd-1085090421c1">
      <Execution id="62e9a72c-9f03-42ff-a8af-430073ab1682" />
      <TestMethod codeBase="D:\SFERRARI\01 - TRABAJO\REPOS\netcore\template-netcore-validations\Kitpymes.Core.Validations.Tests\bin\Release\netcoreapp3.0\Kitpymes.Core.Validations.Tests.dll" adapterTypeName="executor://mstestadapter/v2" className="Kitpymes.Core.Validations.Tests.ValidationsMiddlewareTests" name="Passing_ValidationExceptionWithErrors_Returns_BadRequestStatusWithErrors" />
    </UnitTest>
    <UnitTest name="IsNullOrEmpty_PassingInvalidArgumentsReturnErrors" storage="d:\sferrari\01 - trabajo\repos\netcore\template-netcore-validations\kitpymes.core.validations.fluentvalidation.tests\bin\release\netcoreapp3.0\kitpymes.core.validations.fluentvalidation.tests.dll" id="6e5eb92f-ba99-0d6d-b737-0f0ac6ebd71a">
      <Execution id="9ac277e7-c9bd-42fe-87c5-65dc2a543118" />
      <TestMethod codeBase="D:\SFERRARI\01 - TRABAJO\REPOS\netcore\template-netcore-validations\Kitpymes.Core.Validations.FluentValidation.Tests\bin\Release\netcoreapp3.0\Kitpymes.Core.Validations.FluentValidation.Tests.dll" adapterTypeName="executor://mstestadapter/v2" className="Kitpymes.Core.Validations.FluentValidation.Tests.FluentValidatorTests" name="IsNullOrEmpty_PassingInvalidArgumentsReturnErrors" />
    </UnitTest>
    <UnitTest name="IsDirectory_PassingInvalidArgumentsReturnErrors" storage="d:\sferrari\01 - trabajo\repos\netcore\template-netcore-validations\kitpymes.core.validations.fluentvalidation.tests\bin\release\netcoreapp3.0\kitpymes.core.validations.fluentvalidation.tests.dll" id="1df3cd8c-aa5c-bd5a-4479-33851c3f1b94">
      <Execution id="4b9c48a6-1f4c-4479-b40e-87d6518845ec" />
      <TestMethod codeBase="D:\SFERRARI\01 - TRABAJO\REPOS\netcore\template-netcore-validations\Kitpymes.Core.Validations.FluentValidation.Tests\bin\Release\netcoreapp3.0\Kitpymes.Core.Validations.FluentValidation.Tests.dll" adapterTypeName="executor://mstestadapter/v2" className="Kitpymes.Core.Validations.FluentValidation.Tests.FluentValidatorTests" name="IsDirectory_PassingInvalidArgumentsReturnErrors" />
    </UnitTest>
    <UnitTest name="Passing_Exception_Returns_InternalServerErrorStatusWithMessage" storage="d:\sferrari\01 - trabajo\repos\netcore\template-netcore-validations\kitpymes.core.validations.tests\bin\release\netcoreapp3.0\kitpymes.core.validations.tests.dll" id="b8a7e8e2-ab9d-d162-491c-3134a1a2bd1e">
      <Execution id="45b8ed09-c18d-4b28-b846-b55b76699ddb" />
      <TestMethod codeBase="D:\SFERRARI\01 - TRABAJO\REPOS\netcore\template-netcore-validations\Kitpymes.Core.Validations.Tests\bin\Release\netcoreapp3.0\Kitpymes.Core.Validations.Tests.dll" adapterTypeName="executor://mstestadapter/v2" className="Kitpymes.Core.Validations.Tests.ValidationsMiddlewareTests" name="Passing_Exception_Returns_InternalServerErrorStatusWithMessage" />
    </UnitTest>
    <UnitTest name="Validate_Endpoint_AddPerson" storage="d:\sferrari\01 - trabajo\repos\netcore\template-netcore-validations\tests\tests.api.endpointtests\bin\release\netcoreapp3.0\tests.api.endpointstests.dll" id="13d7d163-9ba7-ab26-c816-776985513923">
      <Execution id="8a945484-9abc-4e4b-af07-4a77f49d47a6" />
      <TestMethod codeBase="D:\SFERRARI\01 - TRABAJO\REPOS\netcore\template-netcore-validations\tests\Tests.Api.EndpointTests\bin\Release\netcoreapp3.0\Tests.Api.EndpointsTests.dll" adapterTypeName="executor://mstestadapter/v2" className="Tests.Api.EndpointsTests.ValidatorTests" name="Validate_Endpoint_AddPerson" />
    </UnitTest>
    <UnitTest name="Example_RulesStopFirstError" storage="d:\sferrari\01 - trabajo\repos\netcore\template-netcore-validations\kitpymes.core.validations.tests\bin\release\netcoreapp3.0\kitpymes.core.validations.tests.dll" id="aeedc70a-adad-3ec7-8156-f052f14d0ef2">
      <Execution id="08065a32-578c-4973-9eec-9ce72e2f2a15" />
      <TestMethod codeBase="D:\SFERRARI\01 - TRABAJO\REPOS\netcore\template-netcore-validations\Kitpymes.Core.Validations.Tests\bin\Release\netcoreapp3.0\Kitpymes.Core.Validations.Tests.dll" adapterTypeName="executor://mstestadapter/v2" className="Kitpymes.Core.Validations.Tests.ValidatorTests" name="Example_RulesStopFirstError" />
    </UnitTest>
    <UnitTest name="IsRange_PassingInvalidArgumentsReturnErrors" storage="d:\sferrari\01 - trabajo\repos\netcore\template-netcore-validations\kitpymes.core.validations.fluentvalidation.tests\bin\release\netcoreapp3.0\kitpymes.core.validations.fluentvalidation.tests.dll" id="0187b6df-e70c-cff4-a1b5-86cd64d3fd57">
      <Execution id="57cee01a-5191-426e-bda9-cf6446d51cb9" />
      <TestMethod codeBase="D:\SFERRARI\01 - TRABAJO\REPOS\netcore\template-netcore-validations\Kitpymes.Core.Validations.FluentValidation.Tests\bin\Release\netcoreapp3.0\Kitpymes.Core.Validations.FluentValidation.Tests.dll" adapterTypeName="executor://mstestadapter/v2" className="Kitpymes.Core.Validations.FluentValidation.Tests.FluentValidatorTests" name="IsRange_PassingInvalidArgumentsReturnErrors" />
    </UnitTest>
    <UnitTest name="IsCustom_AddRules_Passing_InvalidArguments_Returns_Errors" storage="d:\sferrari\01 - trabajo\repos\netcore\template-netcore-validations\kitpymes.core.validations.tests\bin\release\netcoreapp3.0\kitpymes.core.validations.tests.dll" id="bcd81ff7-11e4-9882-c9e1-dbde8069a89b">
      <Execution id="30c21587-93d3-408d-ae84-7aefaeae449e" />
      <TestMethod codeBase="D:\SFERRARI\01 - TRABAJO\REPOS\netcore\template-netcore-validations\Kitpymes.Core.Validations.Tests\bin\Release\netcoreapp3.0\Kitpymes.Core.Validations.Tests.dll" adapterTypeName="executor://mstestadapter/v2" className="Kitpymes.Core.Validations.Tests.ValidatorTests" name="IsCustom_AddRules_Passing_InvalidArguments_Returns_Errors" />
    </UnitTest>
  </TestDefinitions>
  <TestEntries>
    <TestEntry testId="5b82dfbb-afa9-bc20-6dac-80ce9854c2f5" executionId="b5d5d577-d700-4698-b44e-5539814cadec" testListId="8c84fa94-04c1-424b-9868-57a2d4851a1d" />
    <TestEntry testId="1df3cd8c-aa5c-bd5a-4479-33851c3f1b94" executionId="4b9c48a6-1f4c-4479-b40e-87d6518845ec" testListId="8c84fa94-04c1-424b-9868-57a2d4851a1d" />
    <TestEntry testId="3a0e3d39-4aa3-ec2c-bbc8-6f26d452a904" executionId="6c6de1a1-9ed1-4353-b078-f05ea55cb202" testListId="8c84fa94-04c1-424b-9868-57a2d4851a1d" />
    <TestEntry testId="709218aa-5eb3-324d-e60f-a03ead6f8297" executionId="a3fd9378-e119-464e-8fd0-40ce6b80b58e" testListId="8c84fa94-04c1-424b-9868-57a2d4851a1d" />
    <TestEntry testId="137ba50e-0a96-8baa-fcb3-58b17d990c20" executionId="bf0b2dc9-8efa-4c89-9d02-0e8e14e2ba9c" testListId="8c84fa94-04c1-424b-9868-57a2d4851a1d" />
    <TestEntry testId="66cc9a44-896f-cb98-05dd-1085090421c1" executionId="62e9a72c-9f03-42ff-a8af-430073ab1682" testListId="8c84fa94-04c1-424b-9868-57a2d4851a1d" />
    <TestEntry testId="45495191-cedd-64eb-789f-c2cd210007ed" executionId="5763f553-e12c-4b24-9969-7ea64fab5922" testListId="8c84fa94-04c1-424b-9868-57a2d4851a1d" />
    <TestEntry testId="bcd81ff7-11e4-9882-c9e1-dbde8069a89b" executionId="30c21587-93d3-408d-ae84-7aefaeae449e" testListId="8c84fa94-04c1-424b-9868-57a2d4851a1d" />
    <TestEntry testId="b8a7e8e2-ab9d-d162-491c-3134a1a2bd1e" executionId="45b8ed09-c18d-4b28-b846-b55b76699ddb" testListId="8c84fa94-04c1-424b-9868-57a2d4851a1d" />
    <TestEntry testId="ae969d08-0059-f9ae-3da9-2542ab7d0d70" executionId="2b6dd4e3-5480-4446-a582-26d590926923" testListId="8c84fa94-04c1-424b-9868-57a2d4851a1d" />
    <TestEntry testId="8ff727c0-e01e-5102-20ab-01e8d83a96bf" executionId="1e703287-b288-4e01-a846-42fce10485d8" testListId="8c84fa94-04c1-424b-9868-57a2d4851a1d" />
    <TestEntry testId="288c5ca0-bf36-c20f-12e9-8a2884961ba3" executionId="04b17294-40e9-44e4-929f-e001648a787e" testListId="8c84fa94-04c1-424b-9868-57a2d4851a1d" />
    <TestEntry testId="7f9ebfde-3fa2-c72f-e7a4-4fdb73570bd3" executionId="8ab39d2e-254e-4c4c-bc7a-c2518d74f4b3" testListId="8c84fa94-04c1-424b-9868-57a2d4851a1d" />
    <TestEntry testId="6c13e23c-3c31-e5b6-4059-f576f18cadc6" executionId="e0f879cc-6106-4bf0-8f81-33979324a081" testListId="8c84fa94-04c1-424b-9868-57a2d4851a1d" />
    <TestEntry testId="8120b77d-d089-3db9-b10e-64316a441772" executionId="1c69bc37-40a0-48f0-845e-07c434c84742" testListId="8c84fa94-04c1-424b-9868-57a2d4851a1d" />
    <TestEntry testId="2fb4c1a5-5962-f3d1-a8c2-6d96687b2297" executionId="c8023cb9-b4c9-4ce8-aa0b-bb15b37ed15e" testListId="8c84fa94-04c1-424b-9868-57a2d4851a1d" />
    <TestEntry testId="3f872058-72c8-2a16-81cc-cc54ecf2e617" executionId="3e469026-aa23-4a20-be28-0e8b3246a878" testListId="8c84fa94-04c1-424b-9868-57a2d4851a1d" />
    <TestEntry testId="5844a620-3fb9-20e6-3b9c-3982a70b62d7" executionId="f08bfa4f-7d95-45f9-87f3-b4dbaa77dc23" testListId="8c84fa94-04c1-424b-9868-57a2d4851a1d" />
    <TestEntry testId="ee7d33d6-4f97-e3cc-f457-36caabfe550a" executionId="25fa10c9-3178-466a-bbef-baf6e42ddadb" testListId="8c84fa94-04c1-424b-9868-57a2d4851a1d" />
    <TestEntry testId="c8567511-1a0b-211d-89bf-007b6556ff0f" executionId="7a23c0c5-b1b7-4b73-be57-288c46a95c1c" testListId="8c84fa94-04c1-424b-9868-57a2d4851a1d" />
    <TestEntry testId="aeedc70a-adad-3ec7-8156-f052f14d0ef2" executionId="08065a32-578c-4973-9eec-9ce72e2f2a15" testListId="8c84fa94-04c1-424b-9868-57a2d4851a1d" />
    <TestEntry testId="0187b6df-e70c-cff4-a1b5-86cd64d3fd57" executionId="57cee01a-5191-426e-bda9-cf6446d51cb9" testListId="8c84fa94-04c1-424b-9868-57a2d4851a1d" />
    <TestEntry testId="50eb0f5c-4913-f185-47c9-adcceeb5aca4" executionId="4105727d-1e12-4e58-9ac5-eb241493ce66" testListId="8c84fa94-04c1-424b-9868-57a2d4851a1d" />
    <TestEntry testId="1d39f5c1-93ad-1b27-7dee-f638db698b33" executionId="35d4c80f-787c-4ebc-9c50-597e5c586f2d" testListId="8c84fa94-04c1-424b-9868-57a2d4851a1d" />
    <TestEntry testId="01b3f9e0-4cea-f3f7-5362-8d8c10dbc5ea" executionId="031e2076-df6a-481b-b397-81239a363b4f" testListId="8c84fa94-04c1-424b-9868-57a2d4851a1d" />
    <TestEntry testId="9c5e79d3-cdc4-a796-9313-517e5d7f6008" executionId="ba847446-3525-460d-94de-1fc8130a919c" testListId="8c84fa94-04c1-424b-9868-57a2d4851a1d" />
    <TestEntry testId="b8f625ae-8ace-2ea9-d10f-163ee16f8108" executionId="36875939-c24e-4961-9469-893c5fbda841" testListId="8c84fa94-04c1-424b-9868-57a2d4851a1d" />
    <TestEntry testId="13d7d163-9ba7-ab26-c816-776985513923" executionId="8a945484-9abc-4e4b-af07-4a77f49d47a6" testListId="8c84fa94-04c1-424b-9868-57a2d4851a1d" />
    <TestEntry testId="6ff6975a-19be-51c8-1e11-c749b390f92e" executionId="340f247f-d04a-45c2-a934-68183a086c25" testListId="8c84fa94-04c1-424b-9868-57a2d4851a1d" />
    <TestEntry testId="860aacc7-6d7e-e398-50c1-cb414db3a6c8" executionId="2047946b-d706-446d-a0f1-9b4468b35f37" testListId="8c84fa94-04c1-424b-9868-57a2d4851a1d" />
    <TestEntry testId="6e5eb92f-ba99-0d6d-b737-0f0ac6ebd71a" executionId="9ac277e7-c9bd-42fe-87c5-65dc2a543118" testListId="8c84fa94-04c1-424b-9868-57a2d4851a1d" />
    <TestEntry testId="f22ed11f-e788-87d9-b9ee-7913518597db" executionId="0d3b6f77-58f6-411f-bce0-7c56c634f813" testListId="8c84fa94-04c1-424b-9868-57a2d4851a1d" />
    <TestEntry testId="2384ca30-887e-9f93-205d-f933582dc531" executionId="1e5336b3-b6e0-4cc7-add6-b8c1a163ab84" testListId="8c84fa94-04c1-424b-9868-57a2d4851a1d" />
    <TestEntry testId="9f577f44-05fc-0733-12a6-00cfc8d82cb7" executionId="46ff9101-8a8a-4039-bc50-04904dd4b909" testListId="8c84fa94-04c1-424b-9868-57a2d4851a1d" />
    <TestEntry testId="9e450fc9-c0e4-876e-9de2-46c40e450f93" executionId="b14383ef-29df-414e-8d88-5727e49ab61b" testListId="8c84fa94-04c1-424b-9868-57a2d4851a1d" />
    <TestEntry testId="7856e401-58d5-ba3a-5308-600db6a57b94" executionId="de34482d-4fc3-4aec-af8a-f51f9733fda1" testListId="8c84fa94-04c1-424b-9868-57a2d4851a1d" />
    <TestEntry testId="4153e580-3730-e7c5-7084-648bf5943281" executionId="c82328a5-ec37-4897-95dc-88bf5e96a34f" testListId="8c84fa94-04c1-424b-9868-57a2d4851a1d" />
    <TestEntry testId="cbf7b6e0-8505-a2ba-46b0-e3091e60d288" executionId="aa1e48e2-d558-45eb-bfb4-0858e84e90c9" testListId="8c84fa94-04c1-424b-9868-57a2d4851a1d" />
    <TestEntry testId="09ed491f-8351-157e-f768-52cec1e7497e" executionId="21e2db1b-1679-4672-b81b-7f7c27e76852" testListId="8c84fa94-04c1-424b-9868-57a2d4851a1d" />
  </TestEntries>
  <TestLists>
    <TestList name="Resultados sin formato de lista" id="8c84fa94-04c1-424b-9868-57a2d4851a1d" />
    <TestList name="Todos los resultados cargados" id="19431567-8539-422a-85d7-44ee4e166bda" />
  </TestLists>
  <ResultSummary outcome="Completed">
    <Counters total="43" executed="43" passed="43" failed="0" error="0" timeout="0" aborted="0" inconclusive="0" passedButRunAborted="0" notRunnable="0" notExecuted="0" disconnected="0" warning="0" completed="0" inProgress="0" pending="0" />
  </ResultSummary>
</TestRun>