<?xml version="1.0" encoding="utf-8"?>
<TestRun id="5d6e273a-4a2b-4315-8801-7f9a72111152" name="sferrari@PC-SFERRARI 2021-06-15 08:58:58" runUser="PC-SFERRARI\sferrari" xmlns="http://microsoft.com/schemas/VisualStudio/TeamTest/2010">
  <Times creation="2021-06-15T08:58:58.6078094+02:00" queuing="2021-06-15T08:58:58.6078113+02:00" start="2021-06-15T08:58:56.8282947+02:00" finish="2021-06-15T08:58:58.7417875+02:00" />
  <TestSettings name="default" id="0e276c29-8d4f-4945-86da-3f510fd2b333">
    <Deployment runDeploymentRoot="sferrari_PC-SFERRARI_2021-06-15_08_58_58" />
  </TestSettings>
  <Results>
    <UnitTestResult executionId="de198302-b75c-4733-9af2-6dc3e55e512f" testId="b8a7e8e2-ab9d-d162-491c-3134a1a2bd1e" testName="Passing_Exception_Returns_InternalServerErrorStatusWithMessage" computerName="PC-SFERRARI" duration="00:00:00.0063726" startTime="2021-06-15T08:58:58.3395532+02:00" endTime="2021-06-15T08:58:58.3468049+02:00" testType="13cdc9d9-ddb5-4fa4-a97d-d965ccfc6d4b" outcome="Passed" testListId="8c84fa94-04c1-424b-9868-57a2d4851a1d" relativeResultsDirectory="de198302-b75c-4733-9af2-6dc3e55e512f" resultType="DataDrivenTest">
      <InnerResults>
        <UnitTestResult executionId="a2da92be-b692-4d7a-8082-b6cb7d47a98e" parentExecutionId="de198302-b75c-4733-9af2-6dc3e55e512f" testId="b8a7e8e2-ab9d-d162-491c-3134a1a2bd1e" testName="Passing_Exception_Returns_InternalServerErrorStatusWithMessage (Development)" computerName="PC-SFERRARI" duration="00:00:00.0021120" startTime="2021-06-15T08:58:58.3395532+02:00" endTime="2021-06-15T08:58:58.3468049+02:00" testType="13cdc9d9-ddb5-4fa4-a97d-d965ccfc6d4b" outcome="Passed" testListId="8c84fa94-04c1-424b-9868-57a2d4851a1d" relativeResultsDirectory="a2da92be-b692-4d7a-8082-b6cb7d47a98e" dataRowInfo="1" resultType="DataDrivenDataRow" />
        <UnitTestResult executionId="2ee33580-c2c2-4480-85b8-a5dc80700d8b" parentExecutionId="de198302-b75c-4733-9af2-6dc3e55e512f" testId="b8a7e8e2-ab9d-d162-491c-3134a1a2bd1e" testName="Passing_Exception_Returns_InternalServerErrorStatusWithMessage (Production)" computerName="PC-SFERRARI" duration="00:00:00.0041314" startTime="2021-06-15T08:58:58.3395532+02:00" endTime="2021-06-15T08:58:58.3468049+02:00" testType="13cdc9d9-ddb5-4fa4-a97d-d965ccfc6d4b" outcome="Passed" testListId="8c84fa94-04c1-424b-9868-57a2d4851a1d" relativeResultsDirectory="2ee33580-c2c2-4480-85b8-a5dc80700d8b" dataRowInfo="2" resultType="DataDrivenDataRow" />
      </InnerResults>
    </UnitTestResult>
    <UnitTestResult executionId="d84c530b-24da-45df-81ec-70ad7cfe0010" testId="cbf7b6e0-8505-a2ba-46b0-e3091e60d288" testName="Passing_UnauthorizedAccessException_Returns_UnauthorizedStatusWithMessage" computerName="PC-SFERRARI" duration="00:00:00.0300385" startTime="2021-06-15T08:58:58.3081705+02:00" endTime="2021-06-15T08:58:58.3394949+02:00" testType="13cdc9d9-ddb5-4fa4-a97d-d965ccfc6d4b" outcome="Passed" testListId="8c84fa94-04c1-424b-9868-57a2d4851a1d" relativeResultsDirectory="d84c530b-24da-45df-81ec-70ad7cfe0010" resultType="DataDrivenTest">
      <InnerResults>
        <UnitTestResult executionId="b8bcbd0e-8ba8-450c-b9d3-cbf38ad8bdc4" parentExecutionId="d84c530b-24da-45df-81ec-70ad7cfe0010" testId="cbf7b6e0-8505-a2ba-46b0-e3091e60d288" testName="Passing_UnauthorizedAccessException_Returns_UnauthorizedStatusWithMessage (Development)" computerName="PC-SFERRARI" duration="00:00:00.0254734" startTime="2021-06-15T08:58:58.3081705+02:00" endTime="2021-06-15T08:58:58.3394949+02:00" testType="13cdc9d9-ddb5-4fa4-a97d-d965ccfc6d4b" outcome="Passed" testListId="8c84fa94-04c1-424b-9868-57a2d4851a1d" relativeResultsDirectory="b8bcbd0e-8ba8-450c-b9d3-cbf38ad8bdc4" dataRowInfo="1" resultType="DataDrivenDataRow" />
        <UnitTestResult executionId="a1219584-8111-4dc4-8740-115c6a3803bd" parentExecutionId="d84c530b-24da-45df-81ec-70ad7cfe0010" testId="cbf7b6e0-8505-a2ba-46b0-e3091e60d288" testName="Passing_UnauthorizedAccessException_Returns_UnauthorizedStatusWithMessage (Production)" computerName="PC-SFERRARI" duration="00:00:00.0007187" startTime="2021-06-15T08:58:58.3081705+02:00" endTime="2021-06-15T08:58:58.3394949+02:00" testType="13cdc9d9-ddb5-4fa4-a97d-d965ccfc6d4b" outcome="Passed" testListId="8c84fa94-04c1-424b-9868-57a2d4851a1d" relativeResultsDirectory="a1219584-8111-4dc4-8740-115c6a3803bd" dataRowInfo="2" resultType="DataDrivenDataRow" />
      </InnerResults>
    </UnitTestResult>
    <UnitTestResult executionId="05d73fc4-da00-4762-b22a-275c100c33ba" testId="9e450fc9-c0e4-876e-9de2-46c40e450f93" testName="Example_Rules1" computerName="PC-SFERRARI" duration="00:00:00.0017359" startTime="2021-06-15T08:58:58.5738679+02:00" endTime="2021-06-15T08:58:58.5758076+02:00" testType="13cdc9d9-ddb5-4fa4-a97d-d965ccfc6d4b" outcome="Passed" testListId="8c84fa94-04c1-424b-9868-57a2d4851a1d" relativeResultsDirectory="05d73fc4-da00-4762-b22a-275c100c33ba" />
    <UnitTestResult executionId="888e8638-1741-49a0-ad2b-233a1170dda8" testId="3f872058-72c8-2a16-81cc-cc54ecf2e617" testName="FileExtension_AddRules_Passing_InvalidArguments_Returns_Errors" computerName="PC-SFERRARI" duration="00:00:00.0027927" startTime="2021-06-15T08:58:58.5525320+02:00" endTime="2021-06-15T08:58:58.5555771+02:00" testType="13cdc9d9-ddb5-4fa4-a97d-d965ccfc6d4b" outcome="Passed" testListId="8c84fa94-04c1-424b-9868-57a2d4851a1d" relativeResultsDirectory="888e8638-1741-49a0-ad2b-233a1170dda8" />
    <UnitTestResult executionId="a1e805a8-5c86-4d02-b8ee-dff5f2a0ebef" testId="01b3f9e0-4cea-f3f7-5362-8d8c10dbc5ea" testName="Subdomain_AddRules_Passing_InvalidArguments_Returns_Errors" computerName="PC-SFERRARI" duration="00:00:00.0029114" startTime="2021-06-15T08:58:58.5680706+02:00" endTime="2021-06-15T08:58:58.5712038+02:00" testType="13cdc9d9-ddb5-4fa4-a97d-d965ccfc6d4b" outcome="Passed" testListId="8c84fa94-04c1-424b-9868-57a2d4851a1d" relativeResultsDirectory="a1e805a8-5c86-4d02-b8ee-dff5f2a0ebef" />
    <UnitTestResult executionId="3ff041d8-af94-4a8f-ab84-7046f5b91d40" testId="66cc9a44-896f-cb98-05dd-1085090421c1" testName="Passing_ValidationExceptionWithErrors_Returns_BadRequestStatusWithErrors" computerName="PC-SFERRARI" duration="00:00:00.2907561" startTime="2021-06-15T08:58:57.9378024+02:00" endTime="2021-06-15T08:58:58.2926198+02:00" testType="13cdc9d9-ddb5-4fa4-a97d-d965ccfc6d4b" outcome="Passed" testListId="8c84fa94-04c1-424b-9868-57a2d4851a1d" relativeResultsDirectory="3ff041d8-af94-4a8f-ab84-7046f5b91d40" />
    <UnitTestResult executionId="f3631005-bf6d-4cbc-ad9e-bfec26c377da" testId="09ed491f-8351-157e-f768-52cec1e7497e" testName="IsNullOrAny_AddRules_Passing_InvalidArguments_Returns_Errors" computerName="PC-SFERRARI" duration="00:00:00.0073001" startTime="2021-06-15T08:58:58.3468538+02:00" endTime="2021-06-15T08:58:58.3547195+02:00" testType="13cdc9d9-ddb5-4fa4-a97d-d965ccfc6d4b" outcome="Passed" testListId="8c84fa94-04c1-424b-9868-57a2d4851a1d" relativeResultsDirectory="f3631005-bf6d-4cbc-ad9e-bfec26c377da" />
    <UnitTestResult executionId="279604cd-13b3-40e9-86b5-6a60f10c4316" testId="7f9ebfde-3fa2-c72f-e7a4-4fdb73570bd3" testName="File_AddRules_Passing_InvalidArguments_Returns_Errors" computerName="PC-SFERRARI" duration="00:00:00.0030738" startTime="2021-06-15T08:58:58.5556244+02:00" endTime="2021-06-15T08:58:58.5589211+02:00" testType="13cdc9d9-ddb5-4fa4-a97d-d965ccfc6d4b" outcome="Passed" testListId="8c84fa94-04c1-424b-9868-57a2d4851a1d" relativeResultsDirectory="279604cd-13b3-40e9-86b5-6a60f10c4316" />
    <UnitTestResult executionId="b80fc266-d55a-4308-b80c-bbd08b06fe54" testId="2fb4c1a5-5962-f3d1-a8c2-6d96687b2297" testName="Email_AddRules_Passing_InvalidArguments_Returns_Errors" computerName="PC-SFERRARI" duration="00:00:00.0187809" startTime="2021-06-15T08:58:58.5031308+02:00" endTime="2021-06-15T08:58:58.5221375+02:00" testType="13cdc9d9-ddb5-4fa4-a97d-d965ccfc6d4b" outcome="Passed" testListId="8c84fa94-04c1-424b-9868-57a2d4851a1d" relativeResultsDirectory="b80fc266-d55a-4308-b80c-bbd08b06fe54" />
    <UnitTestResult executionId="280a6f91-9841-4449-bfe2-5e49341d8428" testId="1d39f5c1-93ad-1b27-7dee-f638db698b33" testName="Passing_ValidationExceptionWithErrorsWithDetails_Returns_BadRequestStatusWithErrors" computerName="PC-SFERRARI" duration="00:00:00.0034262" startTime="2021-06-15T08:58:58.3042608+02:00" endTime="2021-06-15T08:58:58.3079624+02:00" testType="13cdc9d9-ddb5-4fa4-a97d-d965ccfc6d4b" outcome="Passed" testListId="8c84fa94-04c1-424b-9868-57a2d4851a1d" relativeResultsDirectory="280a6f91-9841-4449-bfe2-5e49341d8428" />
    <UnitTestResult executionId="0d4454a9-22b7-4ae0-960e-3915cc01aa6c" testId="ee7d33d6-4f97-e3cc-f457-36caabfe550a" testName="Name_AddRules_Passing_InvalidArguments_Returns_Errors" computerName="PC-SFERRARI" duration="00:00:00.0088153" startTime="2021-06-15T08:58:58.5589944+02:00" endTime="2021-06-15T08:58:58.5680204+02:00" testType="13cdc9d9-ddb5-4fa4-a97d-d965ccfc6d4b" outcome="Passed" testListId="8c84fa94-04c1-424b-9868-57a2d4851a1d" relativeResultsDirectory="0d4454a9-22b7-4ae0-960e-3915cc01aa6c" />
    <UnitTestResult executionId="84a9a0ca-8993-48de-8dfe-f6906dbc4e41" testId="6c13e23c-3c31-e5b6-4059-f576f18cadc6" testName="IsGreater_AddRules_Passing_InvalidArguments_Returns_Errors" computerName="PC-SFERRARI" duration="00:00:00.0198483" startTime="2021-06-15T08:58:58.4661767+02:00" endTime="2021-06-15T08:58:58.4863015+02:00" testType="13cdc9d9-ddb5-4fa4-a97d-d965ccfc6d4b" outcome="Passed" testListId="8c84fa94-04c1-424b-9868-57a2d4851a1d" relativeResultsDirectory="84a9a0ca-8993-48de-8dfe-f6906dbc4e41" />
    <UnitTestResult executionId="a4ad0a2a-49a3-455f-8b4e-23df9a24b05f" testId="c8567511-1a0b-211d-89bf-007b6556ff0f" testName="IsRegex_AddRules_Passing_InvalidArguments_Returns_Errors" computerName="PC-SFERRARI" duration="00:00:00.0017607" startTime="2021-06-15T08:58:58.4974657+02:00" endTime="2021-06-15T08:58:58.4994733+02:00" testType="13cdc9d9-ddb5-4fa4-a97d-d965ccfc6d4b" outcome="Passed" testListId="8c84fa94-04c1-424b-9868-57a2d4851a1d" relativeResultsDirectory="a4ad0a2a-49a3-455f-8b4e-23df9a24b05f" />
    <UnitTestResult executionId="1b39ca11-6660-4624-8404-3ed34180914f" testId="3a0e3d39-4aa3-ec2c-bbc8-6f26d452a904" testName="IsDirectoryAddRules_Passing_InvalidArguments_Returns_Errors" computerName="PC-SFERRARI" duration="00:00:00.0033266" startTime="2021-06-15T08:58:58.4995250+02:00" endTime="2021-06-15T08:58:58.5030753+02:00" testType="13cdc9d9-ddb5-4fa4-a97d-d965ccfc6d4b" outcome="Passed" testListId="8c84fa94-04c1-424b-9868-57a2d4851a1d" relativeResultsDirectory="1b39ca11-6660-4624-8404-3ed34180914f" />
    <UnitTestResult executionId="d1735476-dd18-4b83-aa0f-85a7606e9d52" testId="288c5ca0-bf36-c20f-12e9-8a2884961ba3" testName="IsEqual_AddRules_Passing_InvalidArguments_Returns_Errors" computerName="PC-SFERRARI" duration="00:00:00.0029947" startTime="2021-06-15T08:58:58.4629153+02:00" endTime="2021-06-15T08:58:58.4661289+02:00" testType="13cdc9d9-ddb5-4fa4-a97d-d965ccfc6d4b" outcome="Passed" testListId="8c84fa94-04c1-424b-9868-57a2d4851a1d" relativeResultsDirectory="d1735476-dd18-4b83-aa0f-85a7606e9d52" />
    <UnitTestResult executionId="fc644350-8e62-404f-b09f-f86492135ab5" testId="bcd81ff7-11e4-9882-c9e1-dbde8069a89b" testName="IsCustom_AddRules_Passing_InvalidArguments_Returns_Errors" computerName="PC-SFERRARI" duration="00:00:00.0094620" startTime="2021-06-15T08:58:58.4531494+02:00" endTime="2021-06-15T08:58:58.4628643+02:00" testType="13cdc9d9-ddb5-4fa4-a97d-d965ccfc6d4b" outcome="Passed" testListId="8c84fa94-04c1-424b-9868-57a2d4851a1d" relativeResultsDirectory="fc644350-8e62-404f-b09f-f86492135ab5" />
    <UnitTestResult executionId="4fba4372-7931-40ab-b104-0fa4cda81993" testId="7856e401-58d5-ba3a-5308-600db6a57b94" testName="IsNullOrEmpty_AddRules_Passing_InvalidArguments_Returns_Errors" computerName="PC-SFERRARI" duration="00:00:00.0017908" startTime="2021-06-15T08:58:58.4923883+02:00" endTime="2021-06-15T08:58:58.4943981+02:00" testType="13cdc9d9-ddb5-4fa4-a97d-d965ccfc6d4b" outcome="Passed" testListId="8c84fa94-04c1-424b-9868-57a2d4851a1d" relativeResultsDirectory="4fba4372-7931-40ab-b104-0fa4cda81993" />
    <UnitTestResult executionId="c4edbfc9-21fa-4b47-941c-e89c0f1672fb" testId="4153e580-3730-e7c5-7084-648bf5943281" testName="Example_Rules" computerName="PC-SFERRARI" duration="00:00:00.0010860" startTime="2021-06-15T08:58:58.5712700+02:00" endTime="2021-06-15T08:58:58.5725521+02:00" testType="13cdc9d9-ddb5-4fa4-a97d-d965ccfc6d4b" outcome="Passed" testListId="8c84fa94-04c1-424b-9868-57a2d4851a1d" relativeResultsDirectory="c4edbfc9-21fa-4b47-941c-e89c0f1672fb" />
    <UnitTestResult executionId="4bc3b5d3-f5bc-4889-81ed-32ee43c42fe2" testId="2384ca30-887e-9f93-205d-f933582dc531" testName="IsLess_AddRules_Passing_InvalidArguments_Returns_Errors" computerName="PC-SFERRARI" duration="00:00:00.0057501" startTime="2021-06-15T08:58:58.4863526+02:00" endTime="2021-06-15T08:58:58.4923392+02:00" testType="13cdc9d9-ddb5-4fa4-a97d-d965ccfc6d4b" outcome="Passed" testListId="8c84fa94-04c1-424b-9868-57a2d4851a1d" relativeResultsDirectory="4bc3b5d3-f5bc-4889-81ed-32ee43c42fe2" />
    <UnitTestResult executionId="9e312146-045c-4bcf-80ef-ff5b12f11fd8" testId="aeedc70a-adad-3ec7-8156-f052f14d0ef2" testName="Example_RulesStopFirstError" computerName="PC-SFERRARI" duration="00:00:00.0010202" startTime="2021-06-15T08:58:58.5726002+02:00" endTime="2021-06-15T08:58:58.5738246+02:00" testType="13cdc9d9-ddb5-4fa4-a97d-d965ccfc6d4b" outcome="Passed" testListId="8c84fa94-04c1-424b-9868-57a2d4851a1d" relativeResultsDirectory="9e312146-045c-4bcf-80ef-ff5b12f11fd8" />
    <UnitTestResult executionId="ff1e2bea-1dc8-4771-8518-2ce1a34005e3" testId="45495191-cedd-64eb-789f-c2cd210007ed" testName="IsRange_AddRules_Passing_InvalidArguments_Returns_Errors" computerName="PC-SFERRARI" duration="00:00:00.0027406" startTime="2021-06-15T08:58:58.4944532+02:00" endTime="2021-06-15T08:58:58.4974073+02:00" testType="13cdc9d9-ddb5-4fa4-a97d-d965ccfc6d4b" outcome="Passed" testListId="8c84fa94-04c1-424b-9868-57a2d4851a1d" relativeResultsDirectory="ff1e2bea-1dc8-4771-8518-2ce1a34005e3" />
  </Results>
  <TestDefinitions>
    <UnitTest name="IsEqual_AddRules_Passing_InvalidArguments_Returns_Errors" storage="d:\sferrari\01 - trabajo\repos\netcore\libs\template-netcore-validations\kitpymes.core.validations.tests\bin\release\netcoreapp3.0\kitpymes.core.validations.tests.dll" id="288c5ca0-bf36-c20f-12e9-8a2884961ba3">
      <Execution id="d1735476-dd18-4b83-aa0f-85a7606e9d52" />
      <TestMethod codeBase="D:\SFERRARI\01 - TRABAJO\repos\netcore\libs\template-netcore-validations\Kitpymes.Core.Validations.Tests\bin\Release\netcoreapp3.0\Kitpymes.Core.Validations.Tests.dll" adapterTypeName="executor://mstestadapter/v2" className="Kitpymes.Core.Validations.Tests.ValidatorTests" name="IsEqual_AddRules_Passing_InvalidArguments_Returns_Errors" />
    </UnitTest>
    <UnitTest name="Example_Rules1" storage="d:\sferrari\01 - trabajo\repos\netcore\libs\template-netcore-validations\kitpymes.core.validations.tests\bin\release\netcoreapp3.0\kitpymes.core.validations.tests.dll" id="9e450fc9-c0e4-876e-9de2-46c40e450f93">
      <Execution id="05d73fc4-da00-4762-b22a-275c100c33ba" />
      <TestMethod codeBase="D:\SFERRARI\01 - TRABAJO\repos\netcore\libs\template-netcore-validations\Kitpymes.Core.Validations.Tests\bin\Release\netcoreapp3.0\Kitpymes.Core.Validations.Tests.dll" adapterTypeName="executor://mstestadapter/v2" className="Kitpymes.Core.Validations.Tests.ValidatorTests" name="Example_Rules1" />
    </UnitTest>
    <UnitTest name="Passing_ValidationExceptionWithErrorsWithDetails_Returns_BadRequestStatusWithErrors" storage="d:\sferrari\01 - trabajo\repos\netcore\libs\template-netcore-validations\kitpymes.core.validations.tests\bin\release\netcoreapp3.0\kitpymes.core.validations.tests.dll" id="1d39f5c1-93ad-1b27-7dee-f638db698b33">
      <Execution id="280a6f91-9841-4449-bfe2-5e49341d8428" />
      <TestMethod codeBase="D:\SFERRARI\01 - TRABAJO\repos\netcore\libs\template-netcore-validations\Kitpymes.Core.Validations.Tests\bin\Release\netcoreapp3.0\Kitpymes.Core.Validations.Tests.dll" adapterTypeName="executor://mstestadapter/v2" className="Kitpymes.Core.Validations.Tests.ValidationsMiddlewareTests" name="Passing_ValidationExceptionWithErrorsWithDetails_Returns_BadRequestStatusWithErrors" />
    </UnitTest>
    <UnitTest name="IsLess_AddRules_Passing_InvalidArguments_Returns_Errors" storage="d:\sferrari\01 - trabajo\repos\netcore\libs\template-netcore-validations\kitpymes.core.validations.tests\bin\release\netcoreapp3.0\kitpymes.core.validations.tests.dll" id="2384ca30-887e-9f93-205d-f933582dc531">
      <Execution id="4bc3b5d3-f5bc-4889-81ed-32ee43c42fe2" />
      <TestMethod codeBase="D:\SFERRARI\01 - TRABAJO\repos\netcore\libs\template-netcore-validations\Kitpymes.Core.Validations.Tests\bin\Release\netcoreapp3.0\Kitpymes.Core.Validations.Tests.dll" adapterTypeName="executor://mstestadapter/v2" className="Kitpymes.Core.Validations.Tests.ValidatorTests" name="IsLess_AddRules_Passing_InvalidArguments_Returns_Errors" />
    </UnitTest>
    <UnitTest name="FileExtension_AddRules_Passing_InvalidArguments_Returns_Errors" storage="d:\sferrari\01 - trabajo\repos\netcore\libs\template-netcore-validations\kitpymes.core.validations.tests\bin\release\netcoreapp3.0\kitpymes.core.validations.tests.dll" id="3f872058-72c8-2a16-81cc-cc54ecf2e617">
      <Execution id="888e8638-1741-49a0-ad2b-233a1170dda8" />
      <TestMethod codeBase="D:\SFERRARI\01 - TRABAJO\repos\netcore\libs\template-netcore-validations\Kitpymes.Core.Validations.Tests\bin\Release\netcoreapp3.0\Kitpymes.Core.Validations.Tests.dll" adapterTypeName="executor://mstestadapter/v2" className="Kitpymes.Core.Validations.Tests.ValidatorTests" name="FileExtension_AddRules_Passing_InvalidArguments_Returns_Errors" />
    </UnitTest>
    <UnitTest name="Passing_UnauthorizedAccessException_Returns_UnauthorizedStatusWithMessage" storage="d:\sferrari\01 - trabajo\repos\netcore\libs\template-netcore-validations\kitpymes.core.validations.tests\bin\release\netcoreapp3.0\kitpymes.core.validations.tests.dll" id="cbf7b6e0-8505-a2ba-46b0-e3091e60d288">
      <Execution id="d84c530b-24da-45df-81ec-70ad7cfe0010" />
      <TestMethod codeBase="D:\SFERRARI\01 - TRABAJO\repos\netcore\libs\template-netcore-validations\Kitpymes.Core.Validations.Tests\bin\Release\netcoreapp3.0\Kitpymes.Core.Validations.Tests.dll" adapterTypeName="executor://mstestadapter/v2" className="Kitpymes.Core.Validations.Tests.ValidationsMiddlewareTests" name="Passing_UnauthorizedAccessException_Returns_UnauthorizedStatusWithMessage" />
    </UnitTest>
    <UnitTest name="Passing_ValidationExceptionWithErrors_Returns_BadRequestStatusWithErrors" storage="d:\sferrari\01 - trabajo\repos\netcore\libs\template-netcore-validations\kitpymes.core.validations.tests\bin\release\netcoreapp3.0\kitpymes.core.validations.tests.dll" id="66cc9a44-896f-cb98-05dd-1085090421c1">
      <Execution id="3ff041d8-af94-4a8f-ab84-7046f5b91d40" />
      <TestMethod codeBase="D:\SFERRARI\01 - TRABAJO\repos\netcore\libs\template-netcore-validations\Kitpymes.Core.Validations.Tests\bin\Release\netcoreapp3.0\Kitpymes.Core.Validations.Tests.dll" adapterTypeName="executor://mstestadapter/v2" className="Kitpymes.Core.Validations.Tests.ValidationsMiddlewareTests" name="Passing_ValidationExceptionWithErrors_Returns_BadRequestStatusWithErrors" />
    </UnitTest>
    <UnitTest name="File_AddRules_Passing_InvalidArguments_Returns_Errors" storage="d:\sferrari\01 - trabajo\repos\netcore\libs\template-netcore-validations\kitpymes.core.validations.tests\bin\release\netcoreapp3.0\kitpymes.core.validations.tests.dll" id="7f9ebfde-3fa2-c72f-e7a4-4fdb73570bd3">
      <Execution id="279604cd-13b3-40e9-86b5-6a60f10c4316" />
      <TestMethod codeBase="D:\SFERRARI\01 - TRABAJO\repos\netcore\libs\template-netcore-validations\Kitpymes.Core.Validations.Tests\bin\Release\netcoreapp3.0\Kitpymes.Core.Validations.Tests.dll" adapterTypeName="executor://mstestadapter/v2" className="Kitpymes.Core.Validations.Tests.ValidatorTests" name="File_AddRules_Passing_InvalidArguments_Returns_Errors" />
    </UnitTest>
    <UnitTest name="IsNullOrEmpty_AddRules_Passing_InvalidArguments_Returns_Errors" storage="d:\sferrari\01 - trabajo\repos\netcore\libs\template-netcore-validations\kitpymes.core.validations.tests\bin\release\netcoreapp3.0\kitpymes.core.validations.tests.dll" id="7856e401-58d5-ba3a-5308-600db6a57b94">
      <Execution id="4fba4372-7931-40ab-b104-0fa4cda81993" />
      <TestMethod codeBase="D:\SFERRARI\01 - TRABAJO\repos\netcore\libs\template-netcore-validations\Kitpymes.Core.Validations.Tests\bin\Release\netcoreapp3.0\Kitpymes.Core.Validations.Tests.dll" adapterTypeName="executor://mstestadapter/v2" className="Kitpymes.Core.Validations.Tests.ValidatorTests" name="IsNullOrEmpty_AddRules_Passing_InvalidArguments_Returns_Errors" />
    </UnitTest>
    <UnitTest name="IsDirectoryAddRules_Passing_InvalidArguments_Returns_Errors" storage="d:\sferrari\01 - trabajo\repos\netcore\libs\template-netcore-validations\kitpymes.core.validations.tests\bin\release\netcoreapp3.0\kitpymes.core.validations.tests.dll" id="3a0e3d39-4aa3-ec2c-bbc8-6f26d452a904">
      <Execution id="1b39ca11-6660-4624-8404-3ed34180914f" />
      <TestMethod codeBase="D:\SFERRARI\01 - TRABAJO\repos\netcore\libs\template-netcore-validations\Kitpymes.Core.Validations.Tests\bin\Release\netcoreapp3.0\Kitpymes.Core.Validations.Tests.dll" adapterTypeName="executor://mstestadapter/v2" className="Kitpymes.Core.Validations.Tests.ValidatorTests" name="IsDirectoryAddRules_Passing_InvalidArguments_Returns_Errors" />
    </UnitTest>
    <UnitTest name="IsGreater_AddRules_Passing_InvalidArguments_Returns_Errors" storage="d:\sferrari\01 - trabajo\repos\netcore\libs\template-netcore-validations\kitpymes.core.validations.tests\bin\release\netcoreapp3.0\kitpymes.core.validations.tests.dll" id="6c13e23c-3c31-e5b6-4059-f576f18cadc6">
      <Execution id="84a9a0ca-8993-48de-8dfe-f6906dbc4e41" />
      <TestMethod codeBase="D:\SFERRARI\01 - TRABAJO\repos\netcore\libs\template-netcore-validations\Kitpymes.Core.Validations.Tests\bin\Release\netcoreapp3.0\Kitpymes.Core.Validations.Tests.dll" adapterTypeName="executor://mstestadapter/v2" className="Kitpymes.Core.Validations.Tests.ValidatorTests" name="IsGreater_AddRules_Passing_InvalidArguments_Returns_Errors" />
    </UnitTest>
    <UnitTest name="IsRegex_AddRules_Passing_InvalidArguments_Returns_Errors" storage="d:\sferrari\01 - trabajo\repos\netcore\libs\template-netcore-validations\kitpymes.core.validations.tests\bin\release\netcoreapp3.0\kitpymes.core.validations.tests.dll" id="c8567511-1a0b-211d-89bf-007b6556ff0f">
      <Execution id="a4ad0a2a-49a3-455f-8b4e-23df9a24b05f" />
      <TestMethod codeBase="D:\SFERRARI\01 - TRABAJO\repos\netcore\libs\template-netcore-validations\Kitpymes.Core.Validations.Tests\bin\Release\netcoreapp3.0\Kitpymes.Core.Validations.Tests.dll" adapterTypeName="executor://mstestadapter/v2" className="Kitpymes.Core.Validations.Tests.ValidatorTests" name="IsRegex_AddRules_Passing_InvalidArguments_Returns_Errors" />
    </UnitTest>
    <UnitTest name="Example_RulesStopFirstError" storage="d:\sferrari\01 - trabajo\repos\netcore\libs\template-netcore-validations\kitpymes.core.validations.tests\bin\release\netcoreapp3.0\kitpymes.core.validations.tests.dll" id="aeedc70a-adad-3ec7-8156-f052f14d0ef2">
      <Execution id="9e312146-045c-4bcf-80ef-ff5b12f11fd8" />
      <TestMethod codeBase="D:\SFERRARI\01 - TRABAJO\repos\netcore\libs\template-netcore-validations\Kitpymes.Core.Validations.Tests\bin\Release\netcoreapp3.0\Kitpymes.Core.Validations.Tests.dll" adapterTypeName="executor://mstestadapter/v2" className="Kitpymes.Core.Validations.Tests.ValidatorTests" name="Example_RulesStopFirstError" />
    </UnitTest>
    <UnitTest name="Name_AddRules_Passing_InvalidArguments_Returns_Errors" storage="d:\sferrari\01 - trabajo\repos\netcore\libs\template-netcore-validations\kitpymes.core.validations.tests\bin\release\netcoreapp3.0\kitpymes.core.validations.tests.dll" id="ee7d33d6-4f97-e3cc-f457-36caabfe550a">
      <Execution id="0d4454a9-22b7-4ae0-960e-3915cc01aa6c" />
      <TestMethod codeBase="D:\SFERRARI\01 - TRABAJO\repos\netcore\libs\template-netcore-validations\Kitpymes.Core.Validations.Tests\bin\Release\netcoreapp3.0\Kitpymes.Core.Validations.Tests.dll" adapterTypeName="executor://mstestadapter/v2" className="Kitpymes.Core.Validations.Tests.ValidatorTests" name="Name_AddRules_Passing_InvalidArguments_Returns_Errors" />
    </UnitTest>
    <UnitTest name="IsCustom_AddRules_Passing_InvalidArguments_Returns_Errors" storage="d:\sferrari\01 - trabajo\repos\netcore\libs\template-netcore-validations\kitpymes.core.validations.tests\bin\release\netcoreapp3.0\kitpymes.core.validations.tests.dll" id="bcd81ff7-11e4-9882-c9e1-dbde8069a89b">
      <Execution id="fc644350-8e62-404f-b09f-f86492135ab5" />
      <TestMethod codeBase="D:\SFERRARI\01 - TRABAJO\repos\netcore\libs\template-netcore-validations\Kitpymes.Core.Validations.Tests\bin\Release\netcoreapp3.0\Kitpymes.Core.Validations.Tests.dll" adapterTypeName="executor://mstestadapter/v2" className="Kitpymes.Core.Validations.Tests.ValidatorTests" name="IsCustom_AddRules_Passing_InvalidArguments_Returns_Errors" />
    </UnitTest>
    <UnitTest name="Passing_Exception_Returns_InternalServerErrorStatusWithMessage" storage="d:\sferrari\01 - trabajo\repos\netcore\libs\template-netcore-validations\kitpymes.core.validations.tests\bin\release\netcoreapp3.0\kitpymes.core.validations.tests.dll" id="b8a7e8e2-ab9d-d162-491c-3134a1a2bd1e">
      <Execution id="de198302-b75c-4733-9af2-6dc3e55e512f" />
      <TestMethod codeBase="D:\SFERRARI\01 - TRABAJO\repos\netcore\libs\template-netcore-validations\Kitpymes.Core.Validations.Tests\bin\Release\netcoreapp3.0\Kitpymes.Core.Validations.Tests.dll" adapterTypeName="executor://mstestadapter/v2" className="Kitpymes.Core.Validations.Tests.ValidationsMiddlewareTests" name="Passing_Exception_Returns_InternalServerErrorStatusWithMessage" />
    </UnitTest>
    <UnitTest name="Example_Rules" storage="d:\sferrari\01 - trabajo\repos\netcore\libs\template-netcore-validations\kitpymes.core.validations.tests\bin\release\netcoreapp3.0\kitpymes.core.validations.tests.dll" id="4153e580-3730-e7c5-7084-648bf5943281">
      <Execution id="c4edbfc9-21fa-4b47-941c-e89c0f1672fb" />
      <TestMethod codeBase="D:\SFERRARI\01 - TRABAJO\repos\netcore\libs\template-netcore-validations\Kitpymes.Core.Validations.Tests\bin\Release\netcoreapp3.0\Kitpymes.Core.Validations.Tests.dll" adapterTypeName="executor://mstestadapter/v2" className="Kitpymes.Core.Validations.Tests.ValidatorTests" name="Example_Rules" />
    </UnitTest>
    <UnitTest name="IsRange_AddRules_Passing_InvalidArguments_Returns_Errors" storage="d:\sferrari\01 - trabajo\repos\netcore\libs\template-netcore-validations\kitpymes.core.validations.tests\bin\release\netcoreapp3.0\kitpymes.core.validations.tests.dll" id="45495191-cedd-64eb-789f-c2cd210007ed">
      <Execution id="ff1e2bea-1dc8-4771-8518-2ce1a34005e3" />
      <TestMethod codeBase="D:\SFERRARI\01 - TRABAJO\repos\netcore\libs\template-netcore-validations\Kitpymes.Core.Validations.Tests\bin\Release\netcoreapp3.0\Kitpymes.Core.Validations.Tests.dll" adapterTypeName="executor://mstestadapter/v2" className="Kitpymes.Core.Validations.Tests.ValidatorTests" name="IsRange_AddRules_Passing_InvalidArguments_Returns_Errors" />
    </UnitTest>
    <UnitTest name="Email_AddRules_Passing_InvalidArguments_Returns_Errors" storage="d:\sferrari\01 - trabajo\repos\netcore\libs\template-netcore-validations\kitpymes.core.validations.tests\bin\release\netcoreapp3.0\kitpymes.core.validations.tests.dll" id="2fb4c1a5-5962-f3d1-a8c2-6d96687b2297">
      <Execution id="b80fc266-d55a-4308-b80c-bbd08b06fe54" />
      <TestMethod codeBase="D:\SFERRARI\01 - TRABAJO\repos\netcore\libs\template-netcore-validations\Kitpymes.Core.Validations.Tests\bin\Release\netcoreapp3.0\Kitpymes.Core.Validations.Tests.dll" adapterTypeName="executor://mstestadapter/v2" className="Kitpymes.Core.Validations.Tests.ValidatorTests" name="Email_AddRules_Passing_InvalidArguments_Returns_Errors" />
    </UnitTest>
    <UnitTest name="Subdomain_AddRules_Passing_InvalidArguments_Returns_Errors" storage="d:\sferrari\01 - trabajo\repos\netcore\libs\template-netcore-validations\kitpymes.core.validations.tests\bin\release\netcoreapp3.0\kitpymes.core.validations.tests.dll" id="01b3f9e0-4cea-f3f7-5362-8d8c10dbc5ea">
      <Execution id="a1e805a8-5c86-4d02-b8ee-dff5f2a0ebef" />
      <TestMethod codeBase="D:\SFERRARI\01 - TRABAJO\repos\netcore\libs\template-netcore-validations\Kitpymes.Core.Validations.Tests\bin\Release\netcoreapp3.0\Kitpymes.Core.Validations.Tests.dll" adapterTypeName="executor://mstestadapter/v2" className="Kitpymes.Core.Validations.Tests.ValidatorTests" name="Subdomain_AddRules_Passing_InvalidArguments_Returns_Errors" />
    </UnitTest>
    <UnitTest name="IsNullOrAny_AddRules_Passing_InvalidArguments_Returns_Errors" storage="d:\sferrari\01 - trabajo\repos\netcore\libs\template-netcore-validations\kitpymes.core.validations.tests\bin\release\netcoreapp3.0\kitpymes.core.validations.tests.dll" id="09ed491f-8351-157e-f768-52cec1e7497e">
      <Execution id="f3631005-bf6d-4cbc-ad9e-bfec26c377da" />
      <TestMethod codeBase="D:\SFERRARI\01 - TRABAJO\repos\netcore\libs\template-netcore-validations\Kitpymes.Core.Validations.Tests\bin\Release\netcoreapp3.0\Kitpymes.Core.Validations.Tests.dll" adapterTypeName="executor://mstestadapter/v2" className="Kitpymes.Core.Validations.Tests.ValidatorTests" name="IsNullOrAny_AddRules_Passing_InvalidArguments_Returns_Errors" />
    </UnitTest>
  </TestDefinitions>
  <TestEntries>
    <TestEntry testId="b8a7e8e2-ab9d-d162-491c-3134a1a2bd1e" executionId="de198302-b75c-4733-9af2-6dc3e55e512f" testListId="8c84fa94-04c1-424b-9868-57a2d4851a1d" />
    <TestEntry testId="cbf7b6e0-8505-a2ba-46b0-e3091e60d288" executionId="d84c530b-24da-45df-81ec-70ad7cfe0010" testListId="8c84fa94-04c1-424b-9868-57a2d4851a1d" />
    <TestEntry testId="9e450fc9-c0e4-876e-9de2-46c40e450f93" executionId="05d73fc4-da00-4762-b22a-275c100c33ba" testListId="8c84fa94-04c1-424b-9868-57a2d4851a1d" />
    <TestEntry testId="3f872058-72c8-2a16-81cc-cc54ecf2e617" executionId="888e8638-1741-49a0-ad2b-233a1170dda8" testListId="8c84fa94-04c1-424b-9868-57a2d4851a1d" />
    <TestEntry testId="01b3f9e0-4cea-f3f7-5362-8d8c10dbc5ea" executionId="a1e805a8-5c86-4d02-b8ee-dff5f2a0ebef" testListId="8c84fa94-04c1-424b-9868-57a2d4851a1d" />
    <TestEntry testId="66cc9a44-896f-cb98-05dd-1085090421c1" executionId="3ff041d8-af94-4a8f-ab84-7046f5b91d40" testListId="8c84fa94-04c1-424b-9868-57a2d4851a1d" />
    <TestEntry testId="09ed491f-8351-157e-f768-52cec1e7497e" executionId="f3631005-bf6d-4cbc-ad9e-bfec26c377da" testListId="8c84fa94-04c1-424b-9868-57a2d4851a1d" />
    <TestEntry testId="7f9ebfde-3fa2-c72f-e7a4-4fdb73570bd3" executionId="279604cd-13b3-40e9-86b5-6a60f10c4316" testListId="8c84fa94-04c1-424b-9868-57a2d4851a1d" />
    <TestEntry testId="2fb4c1a5-5962-f3d1-a8c2-6d96687b2297" executionId="b80fc266-d55a-4308-b80c-bbd08b06fe54" testListId="8c84fa94-04c1-424b-9868-57a2d4851a1d" />
    <TestEntry testId="1d39f5c1-93ad-1b27-7dee-f638db698b33" executionId="280a6f91-9841-4449-bfe2-5e49341d8428" testListId="8c84fa94-04c1-424b-9868-57a2d4851a1d" />
    <TestEntry testId="ee7d33d6-4f97-e3cc-f457-36caabfe550a" executionId="0d4454a9-22b7-4ae0-960e-3915cc01aa6c" testListId="8c84fa94-04c1-424b-9868-57a2d4851a1d" />
    <TestEntry testId="6c13e23c-3c31-e5b6-4059-f576f18cadc6" executionId="84a9a0ca-8993-48de-8dfe-f6906dbc4e41" testListId="8c84fa94-04c1-424b-9868-57a2d4851a1d" />
    <TestEntry testId="c8567511-1a0b-211d-89bf-007b6556ff0f" executionId="a4ad0a2a-49a3-455f-8b4e-23df9a24b05f" testListId="8c84fa94-04c1-424b-9868-57a2d4851a1d" />
    <TestEntry testId="3a0e3d39-4aa3-ec2c-bbc8-6f26d452a904" executionId="1b39ca11-6660-4624-8404-3ed34180914f" testListId="8c84fa94-04c1-424b-9868-57a2d4851a1d" />
    <TestEntry testId="288c5ca0-bf36-c20f-12e9-8a2884961ba3" executionId="d1735476-dd18-4b83-aa0f-85a7606e9d52" testListId="8c84fa94-04c1-424b-9868-57a2d4851a1d" />
    <TestEntry testId="bcd81ff7-11e4-9882-c9e1-dbde8069a89b" executionId="fc644350-8e62-404f-b09f-f86492135ab5" testListId="8c84fa94-04c1-424b-9868-57a2d4851a1d" />
    <TestEntry testId="7856e401-58d5-ba3a-5308-600db6a57b94" executionId="4fba4372-7931-40ab-b104-0fa4cda81993" testListId="8c84fa94-04c1-424b-9868-57a2d4851a1d" />
    <TestEntry testId="4153e580-3730-e7c5-7084-648bf5943281" executionId="c4edbfc9-21fa-4b47-941c-e89c0f1672fb" testListId="8c84fa94-04c1-424b-9868-57a2d4851a1d" />
    <TestEntry testId="2384ca30-887e-9f93-205d-f933582dc531" executionId="4bc3b5d3-f5bc-4889-81ed-32ee43c42fe2" testListId="8c84fa94-04c1-424b-9868-57a2d4851a1d" />
    <TestEntry testId="aeedc70a-adad-3ec7-8156-f052f14d0ef2" executionId="9e312146-045c-4bcf-80ef-ff5b12f11fd8" testListId="8c84fa94-04c1-424b-9868-57a2d4851a1d" />
    <TestEntry testId="45495191-cedd-64eb-789f-c2cd210007ed" executionId="ff1e2bea-1dc8-4771-8518-2ce1a34005e3" testListId="8c84fa94-04c1-424b-9868-57a2d4851a1d" />
  </TestEntries>
  <TestLists>
    <TestList name="Resultados sin formato de lista" id="8c84fa94-04c1-424b-9868-57a2d4851a1d" />
    <TestList name="Todos los resultados cargados" id="19431567-8539-422a-85d7-44ee4e166bda" />
  </TestLists>
  <ResultSummary outcome="Completed">
    <Counters total="25" executed="25" passed="25" failed="0" error="0" timeout="0" aborted="0" inconclusive="0" passedButRunAborted="0" notRunnable="0" notExecuted="0" disconnected="0" warning="0" completed="0" inProgress="0" pending="0" />
  </ResultSummary>
</TestRun>