<?xml version="1.0" encoding="utf-8"?>
<TestRun id="66df4360-357f-4795-a6a4-4b4237c1a5a6" name="sferrari@PC-SFERRARI 2021-01-11 13:00:34" runUser="PC-SFERRARI\sferrari" xmlns="http://microsoft.com/schemas/VisualStudio/TeamTest/2010">
  <Times creation="2021-01-11T13:00:34.9148039+00:00" queuing="2021-01-11T13:00:34.9148039+00:00" start="2021-01-11T13:00:34.0585655+00:00" finish="2021-01-11T13:00:37.5019612+00:00" />
  <TestSettings name="default" id="0691ecf2-aaf6-463c-8dd0-98b19a61fbcd">
    <Deployment runDeploymentRoot="sferrari_PC-SFERRARI_2021-01-11_13_00_34" />
  </TestSettings>
  <Results>
    <UnitTestResult executionId="f1d3c8d4-9d11-464f-8fbc-81e641d3da63" testId="c8567511-1a0b-211d-89bf-007b6556ff0f" testName="IsRegex_AddRules_Passing_InvalidArguments_Returns_Errors" computerName="PC-SFERRARI" duration="00:00:00.0037111" startTime="2021-01-11T13:00:35.9795676+00:00" endTime="2021-01-11T13:00:35.9834825+00:00" testType="13cdc9d9-ddb5-4fa4-a97d-d965ccfc6d4b" outcome="Passed" testListId="8c84fa94-04c1-424b-9868-57a2d4851a1d" relativeResultsDirectory="f1d3c8d4-9d11-464f-8fbc-81e641d3da63" />
    <UnitTestResult executionId="aa0e7d77-5698-4d05-80a0-b9133cda638c" testId="4153e580-3730-e7c5-7084-648bf5943281" testName="Example_Rules" computerName="PC-SFERRARI" duration="00:00:00.0055257" startTime="2021-01-11T13:00:35.9197351+00:00" endTime="2021-01-11T13:00:35.9254299+00:00" testType="13cdc9d9-ddb5-4fa4-a97d-d965ccfc6d4b" outcome="Passed" testListId="8c84fa94-04c1-424b-9868-57a2d4851a1d" relativeResultsDirectory="aa0e7d77-5698-4d05-80a0-b9133cda638c" />
    <UnitTestResult executionId="323a5fe0-1b90-416b-a700-bcecd96e32a1" testId="5b82dfbb-afa9-bc20-6dac-80ce9854c2f5" testName="Validate_Domain_AddPerson" computerName="PC-SFERRARI" duration="00:00:00.0336967" startTime="2021-01-11T13:00:36.7415501+00:00" endTime="2021-01-11T13:00:36.8287721+00:00" testType="13cdc9d9-ddb5-4fa4-a97d-d965ccfc6d4b" outcome="Passed" testListId="8c84fa94-04c1-424b-9868-57a2d4851a1d" relativeResultsDirectory="323a5fe0-1b90-416b-a700-bcecd96e32a1">
      <Output>
        <StdOut>null</StdOut>
      </Output>
    </UnitTestResult>
    <UnitTestResult executionId="b817046c-b60c-4ceb-9f5b-f4e60b0ee126" testId="7f9ebfde-3fa2-c72f-e7a4-4fdb73570bd3" testName="File_AddRules_Passing_InvalidArguments_Returns_Errors" computerName="PC-SFERRARI" duration="00:00:00.0013841" startTime="2021-01-11T13:00:35.9428061+00:00" endTime="2021-01-11T13:00:35.9442887+00:00" testType="13cdc9d9-ddb5-4fa4-a97d-d965ccfc6d4b" outcome="Passed" testListId="8c84fa94-04c1-424b-9868-57a2d4851a1d" relativeResultsDirectory="b817046c-b60c-4ceb-9f5b-f4e60b0ee126" />
    <UnitTestResult executionId="8111ff96-decc-422c-af3a-41d635c17c42" testId="9e450fc9-c0e4-876e-9de2-46c40e450f93" testName="Example_Rules1" computerName="PC-SFERRARI" duration="00:00:00.0133241" startTime="2021-01-11T13:00:35.9254728+00:00" endTime="2021-01-11T13:00:35.9389778+00:00" testType="13cdc9d9-ddb5-4fa4-a97d-d965ccfc6d4b" outcome="Passed" testListId="8c84fa94-04c1-424b-9868-57a2d4851a1d" relativeResultsDirectory="8111ff96-decc-422c-af3a-41d635c17c42" />
    <UnitTestResult executionId="9f4f75e1-d4bf-4c0e-b266-f61b1d2b3cda" testId="8120b77d-d089-3db9-b10e-64316a441772" testName="IsEmail_PassingInvalidArgumentsReturnErrors" computerName="PC-SFERRARI" duration="00:00:00.0052878" startTime="2021-01-11T13:00:34.8250714+00:00" endTime="2021-01-11T13:00:34.8305605+00:00" testType="13cdc9d9-ddb5-4fa4-a97d-d965ccfc6d4b" outcome="Passed" testListId="8c84fa94-04c1-424b-9868-57a2d4851a1d" relativeResultsDirectory="9f4f75e1-d4bf-4c0e-b266-f61b1d2b3cda" />
    <UnitTestResult executionId="95fe8db5-4a2c-41c0-9071-53cbe9d8b9ca" testId="2fb4c1a5-5962-f3d1-a8c2-6d96687b2297" testName="Email_AddRules_Passing_InvalidArguments_Returns_Errors" computerName="PC-SFERRARI" duration="00:00:00.0097666" startTime="2021-01-11T13:00:35.8727647+00:00" endTime="2021-01-11T13:00:35.8830763+00:00" testType="13cdc9d9-ddb5-4fa4-a97d-d965ccfc6d4b" outcome="Passed" testListId="8c84fa94-04c1-424b-9868-57a2d4851a1d" relativeResultsDirectory="95fe8db5-4a2c-41c0-9071-53cbe9d8b9ca" />
    <UnitTestResult executionId="79fbe44b-0620-4e4a-ad4a-f02a61d06779" testId="9c5e79d3-cdc4-a796-9313-517e5d7f6008" testName="IsSubdomain_PassingInvalidArgumentsReturnErrors" computerName="PC-SFERRARI" duration="00:00:00.0018942" startTime="2021-01-11T13:00:34.9193110+00:00" endTime="2021-01-11T13:00:34.9213722+00:00" testType="13cdc9d9-ddb5-4fa4-a97d-d965ccfc6d4b" outcome="Passed" testListId="8c84fa94-04c1-424b-9868-57a2d4851a1d" relativeResultsDirectory="79fbe44b-0620-4e4a-ad4a-f02a61d06779" />
    <UnitTestResult executionId="22d28484-c44e-47b8-b1be-ed79c8b6025a" testId="137ba50e-0a96-8baa-fcb3-58b17d990c20" testName="IsFile_PassingInvalidArgumentsReturnErrors" computerName="PC-SFERRARI" duration="00:00:00.0022253" startTime="2021-01-11T13:00:34.8370723+00:00" endTime="2021-01-11T13:00:34.8396912+00:00" testType="13cdc9d9-ddb5-4fa4-a97d-d965ccfc6d4b" outcome="Passed" testListId="8c84fa94-04c1-424b-9868-57a2d4851a1d" relativeResultsDirectory="22d28484-c44e-47b8-b1be-ed79c8b6025a" />
    <UnitTestResult executionId="dc7392b0-8c78-4fb5-beec-c70476a6cc5c" testId="7856e401-58d5-ba3a-5308-600db6a57b94" testName="IsNullOrEmpty_AddRules_Passing_InvalidArguments_Returns_Errors" computerName="PC-SFERRARI" duration="00:00:00.0010355" startTime="2021-01-11T13:00:35.9741382+00:00" endTime="2021-01-11T13:00:35.9752931+00:00" testType="13cdc9d9-ddb5-4fa4-a97d-d965ccfc6d4b" outcome="Passed" testListId="8c84fa94-04c1-424b-9868-57a2d4851a1d" relativeResultsDirectory="dc7392b0-8c78-4fb5-beec-c70476a6cc5c" />
    <UnitTestResult executionId="c92266ea-83a8-4136-aa42-aebd66ec10ad" testId="50eb0f5c-4913-f185-47c9-adcceeb5aca4" testName="IsNullOrAny_PassingInvalidArgumentsReturnErrors" computerName="PC-SFERRARI" duration="00:00:00.0024573" startTime="2021-01-11T13:00:34.8558363+00:00" endTime="2021-01-11T13:00:34.8584168+00:00" testType="13cdc9d9-ddb5-4fa4-a97d-d965ccfc6d4b" outcome="Passed" testListId="8c84fa94-04c1-424b-9868-57a2d4851a1d" relativeResultsDirectory="c92266ea-83a8-4136-aa42-aebd66ec10ad" />
    <UnitTestResult executionId="618a36c0-2cd9-490d-9ab9-567197ae20f3" testId="13d7d163-9ba7-ab26-c816-776985513923" testName="Validate_Endpoint_AddPerson" computerName="PC-SFERRARI" duration="00:00:00.4367175" startTime="2021-01-11T13:00:36.8439595+00:00" endTime="2021-01-11T13:00:37.2807945+00:00" testType="13cdc9d9-ddb5-4fa4-a97d-d965ccfc6d4b" outcome="Passed" testListId="8c84fa94-04c1-424b-9868-57a2d4851a1d" relativeResultsDirectory="618a36c0-2cd9-490d-9ab9-567197ae20f3">
      <Output>
        <StdOut>{"type":"https://tools.ietf.org/html/rfc7231#section-6.5.1","title":"One or more validation errors occurred.","status":400,"traceId":"0HM5M63HVMH96","errors":{"$":["The input does not contain any JSON tokens. Expected the input to start with a valid JSON token, when isFinalBlock is true. Path: $ | LineNumber: 0 | BytePositionInLine: 0."],"dto":["The dto field is required."]}}</StdOut>
      </Output>
    </UnitTestResult>
    <UnitTestResult executionId="b2f5e7b4-a16d-4cda-b38e-fc1129fa716c" testId="9f577f44-05fc-0733-12a6-00cfc8d82cb7" testName="Validate_Domain_ChangeName" computerName="PC-SFERRARI" duration="00:00:00.0037209" startTime="2021-01-11T13:00:36.8399053+00:00" endTime="2021-01-11T13:00:36.8438896+00:00" testType="13cdc9d9-ddb5-4fa4-a97d-d965ccfc6d4b" outcome="Passed" testListId="8c84fa94-04c1-424b-9868-57a2d4851a1d" relativeResultsDirectory="b2f5e7b4-a16d-4cda-b38e-fc1129fa716c">
      <Output>
        <StdOut>null</StdOut>
      </Output>
    </UnitTestResult>
    <UnitTestResult executionId="869a05a4-fe8a-4cfe-86bb-426514e9f126" testId="cbf7b6e0-8505-a2ba-46b0-e3091e60d288" testName="Passing_UnauthorizedAccessException_Returns_UnauthorizedStatusWithMessage" computerName="PC-SFERRARI" duration="00:00:00.0033237" startTime="2021-01-11T13:00:35.8588450+00:00" endTime="2021-01-11T13:00:35.8625813+00:00" testType="13cdc9d9-ddb5-4fa4-a97d-d965ccfc6d4b" outcome="Passed" testListId="8c84fa94-04c1-424b-9868-57a2d4851a1d" relativeResultsDirectory="869a05a4-fe8a-4cfe-86bb-426514e9f126" resultType="DataDrivenTest">
      <InnerResults>
        <UnitTestResult executionId="4d74441b-2d0f-40a6-b534-bab043920aa4" parentExecutionId="869a05a4-fe8a-4cfe-86bb-426514e9f126" testId="cbf7b6e0-8505-a2ba-46b0-e3091e60d288" testName="Passing_UnauthorizedAccessException_Returns_UnauthorizedStatusWithMessage (Development)" computerName="PC-SFERRARI" duration="00:00:00.0025520" startTime="2021-01-11T13:00:35.8588450+00:00" endTime="2021-01-11T13:00:35.8625813+00:00" testType="13cdc9d9-ddb5-4fa4-a97d-d965ccfc6d4b" outcome="Passed" testListId="8c84fa94-04c1-424b-9868-57a2d4851a1d" relativeResultsDirectory="4d74441b-2d0f-40a6-b534-bab043920aa4" dataRowInfo="1" resultType="DataDrivenDataRow" />
        <UnitTestResult executionId="6e31e0ac-029d-4fe5-b201-9832e2916fa8" parentExecutionId="869a05a4-fe8a-4cfe-86bb-426514e9f126" testId="cbf7b6e0-8505-a2ba-46b0-e3091e60d288" testName="Passing_UnauthorizedAccessException_Returns_UnauthorizedStatusWithMessage (Production)" computerName="PC-SFERRARI" duration="00:00:00.0006023" startTime="2021-01-11T13:00:35.8588450+00:00" endTime="2021-01-11T13:00:35.8625813+00:00" testType="13cdc9d9-ddb5-4fa4-a97d-d965ccfc6d4b" outcome="Passed" testListId="8c84fa94-04c1-424b-9868-57a2d4851a1d" relativeResultsDirectory="6e31e0ac-029d-4fe5-b201-9832e2916fa8" dataRowInfo="2" resultType="DataDrivenDataRow" />
      </InnerResults>
    </UnitTestResult>
    <UnitTestResult executionId="51fe8dd7-6b7d-4672-878d-57e1b0a253c7" testId="1d39f5c1-93ad-1b27-7dee-f638db698b33" testName="Passing_ValidationExceptionWithErrorsWithDetails_Returns_BadRequestStatusWithErrors" computerName="PC-SFERRARI" duration="00:00:00.0083204" startTime="2021-01-11T13:00:35.8626205+00:00" endTime="2021-01-11T13:00:35.8711090+00:00" testType="13cdc9d9-ddb5-4fa4-a97d-d965ccfc6d4b" outcome="Passed" testListId="8c84fa94-04c1-424b-9868-57a2d4851a1d" relativeResultsDirectory="51fe8dd7-6b7d-4672-878d-57e1b0a253c7" />
    <UnitTestResult executionId="45be3343-6dce-4a05-b8b4-7488bcb6404a" testId="01b3f9e0-4cea-f3f7-5362-8d8c10dbc5ea" testName="Subdomain_AddRules_Passing_InvalidArguments_Returns_Errors" computerName="PC-SFERRARI" duration="00:00:00.0012471" startTime="2021-01-11T13:00:35.9862811+00:00" endTime="2021-01-11T13:00:35.9876603+00:00" testType="13cdc9d9-ddb5-4fa4-a97d-d965ccfc6d4b" outcome="Passed" testListId="8c84fa94-04c1-424b-9868-57a2d4851a1d" relativeResultsDirectory="45be3343-6dce-4a05-b8b4-7488bcb6404a" />
    <UnitTestResult executionId="0d409ca9-2562-40df-bc52-325f698d5ce8" testId="ee7d33d6-4f97-e3cc-f457-36caabfe550a" testName="Name_AddRules_Passing_InvalidArguments_Returns_Errors" computerName="PC-SFERRARI" duration="00:00:00.0021905" startTime="2021-01-11T13:00:35.9835659+00:00" endTime="2021-01-11T13:00:35.9862373+00:00" testType="13cdc9d9-ddb5-4fa4-a97d-d965ccfc6d4b" outcome="Passed" testListId="8c84fa94-04c1-424b-9868-57a2d4851a1d" relativeResultsDirectory="0d409ca9-2562-40df-bc52-325f698d5ce8" />
    <UnitTestResult executionId="536bcee2-1240-4d65-b96a-ac050c696b7a" testId="09ed491f-8351-157e-f768-52cec1e7497e" testName="IsNullOrAny_AddRules_Passing_InvalidArguments_Returns_Errors" computerName="PC-SFERRARI" duration="00:00:00.0028373" startTime="2021-01-11T13:00:35.9711028+00:00" endTime="2021-01-11T13:00:35.9740760+00:00" testType="13cdc9d9-ddb5-4fa4-a97d-d965ccfc6d4b" outcome="Passed" testListId="8c84fa94-04c1-424b-9868-57a2d4851a1d" relativeResultsDirectory="536bcee2-1240-4d65-b96a-ac050c696b7a" />
    <UnitTestResult executionId="bfd486ee-5f51-45db-980a-df16b2a30496" testId="709218aa-5eb3-324d-e60f-a03ead6f8297" testName="IsName_PassingInvalidArgumentsReturnErrors" computerName="PC-SFERRARI" duration="00:00:00.0045099" startTime="2021-01-11T13:00:34.8511756+00:00" endTime="2021-01-11T13:00:34.8557972+00:00" testType="13cdc9d9-ddb5-4fa4-a97d-d965ccfc6d4b" outcome="Passed" testListId="8c84fa94-04c1-424b-9868-57a2d4851a1d" relativeResultsDirectory="bfd486ee-5f51-45db-980a-df16b2a30496" />
    <UnitTestResult executionId="fe606055-27ba-46be-97eb-26aceffaa6bf" testId="66cc9a44-896f-cb98-05dd-1085090421c1" testName="Passing_ValidationExceptionWithErrors_Returns_BadRequestStatusWithErrors" computerName="PC-SFERRARI" duration="00:00:00.0014379" startTime="2021-01-11T13:00:35.8711437+00:00" endTime="2021-01-11T13:00:35.8727394+00:00" testType="13cdc9d9-ddb5-4fa4-a97d-d965ccfc6d4b" outcome="Passed" testListId="8c84fa94-04c1-424b-9868-57a2d4851a1d" relativeResultsDirectory="fe606055-27ba-46be-97eb-26aceffaa6bf" />
    <UnitTestResult executionId="f8bd482d-288e-480d-8a09-bdf1858dfa6c" testId="6ff6975a-19be-51c8-1e11-c749b390f92e" testName="IsGreater_PassingInvalidArgumentsReturnErrors" computerName="PC-SFERRARI" duration="00:00:00.0074895" startTime="2021-01-11T13:00:34.8397254+00:00" endTime="2021-01-11T13:00:34.8473234+00:00" testType="13cdc9d9-ddb5-4fa4-a97d-d965ccfc6d4b" outcome="Passed" testListId="8c84fa94-04c1-424b-9868-57a2d4851a1d" relativeResultsDirectory="f8bd482d-288e-480d-8a09-bdf1858dfa6c" />
    <UnitTestResult executionId="62ffd725-95e0-488b-b445-7f6e2de1f1da" testId="45495191-cedd-64eb-789f-c2cd210007ed" testName="IsRange_AddRules_Passing_InvalidArguments_Returns_Errors" computerName="PC-SFERRARI" duration="00:00:00.0040859" startTime="2021-01-11T13:00:35.9753231+00:00" endTime="2021-01-11T13:00:35.9795182+00:00" testType="13cdc9d9-ddb5-4fa4-a97d-d965ccfc6d4b" outcome="Passed" testListId="8c84fa94-04c1-424b-9868-57a2d4851a1d" relativeResultsDirectory="62ffd725-95e0-488b-b445-7f6e2de1f1da" />
    <UnitTestResult executionId="99b4c975-f638-4550-af57-3edb5d2b9512" testId="bcd81ff7-11e4-9882-c9e1-dbde8069a89b" testName="IsCustom_AddRules_Passing_InvalidArguments_Returns_Errors" computerName="PC-SFERRARI" duration="00:00:00.0053739" startTime="2021-01-11T13:00:35.9443106+00:00" endTime="2021-01-11T13:00:35.9498136+00:00" testType="13cdc9d9-ddb5-4fa4-a97d-d965ccfc6d4b" outcome="Passed" testListId="8c84fa94-04c1-424b-9868-57a2d4851a1d" relativeResultsDirectory="99b4c975-f638-4550-af57-3edb5d2b9512" />
    <UnitTestResult executionId="830714fd-ff5a-487f-9080-35224f0768c3" testId="860aacc7-6d7e-e398-50c1-cb414db3a6c8" testName="IsRegex_PassingInvalidArgumentsReturnErrors" computerName="PC-SFERRARI" duration="00:00:00.0031804" startTime="2021-01-11T13:00:34.9159301+00:00" endTime="2021-01-11T13:00:34.9192357+00:00" testType="13cdc9d9-ddb5-4fa4-a97d-d965ccfc6d4b" outcome="Passed" testListId="8c84fa94-04c1-424b-9868-57a2d4851a1d" relativeResultsDirectory="830714fd-ff5a-487f-9080-35224f0768c3" />
    <UnitTestResult executionId="4db8e7a1-31ea-4221-90f1-10749faa43df" testId="2384ca30-887e-9f93-205d-f933582dc531" testName="IsLess_AddRules_Passing_InvalidArguments_Returns_Errors" computerName="PC-SFERRARI" duration="00:00:00.0071166" startTime="2021-01-11T13:00:35.9636775+00:00" endTime="2021-01-11T13:00:35.9710584+00:00" testType="13cdc9d9-ddb5-4fa4-a97d-d965ccfc6d4b" outcome="Passed" testListId="8c84fa94-04c1-424b-9868-57a2d4851a1d" relativeResultsDirectory="4db8e7a1-31ea-4221-90f1-10749faa43df" />
    <UnitTestResult executionId="1f2225a8-1484-4fef-9971-03cbde5d3390" testId="8ff727c0-e01e-5102-20ab-01e8d83a96bf" testName="IsLess_PassingInvalidArgumentsReturnErrors" computerName="PC-SFERRARI" duration="00:00:00.0036944" startTime="2021-01-11T13:00:34.8473565+00:00" endTime="2021-01-11T13:00:34.8511456+00:00" testType="13cdc9d9-ddb5-4fa4-a97d-d965ccfc6d4b" outcome="Passed" testListId="8c84fa94-04c1-424b-9868-57a2d4851a1d" relativeResultsDirectory="1f2225a8-1484-4fef-9971-03cbde5d3390" />
    <UnitTestResult executionId="817c6067-d1e9-4140-9361-b8e414f3cb0c" testId="1df3cd8c-aa5c-bd5a-4479-33851c3f1b94" testName="IsDirectory_PassingInvalidArgumentsReturnErrors" computerName="PC-SFERRARI" duration="00:00:00.0487453" startTime="2021-01-11T13:00:34.7168164+00:00" endTime="2021-01-11T13:00:34.8152918+00:00" testType="13cdc9d9-ddb5-4fa4-a97d-d965ccfc6d4b" outcome="Passed" testListId="8c84fa94-04c1-424b-9868-57a2d4851a1d" relativeResultsDirectory="817c6067-d1e9-4140-9361-b8e414f3cb0c" />
    <UnitTestResult executionId="510d6fe8-176d-471c-8799-edcdf9fc7304" testId="f22ed11f-e788-87d9-b9ee-7913518597db" testName="IsEqual_PassingInvalidArgumentsReturnErrors" computerName="PC-SFERRARI" duration="00:00:00.0035553" startTime="2021-01-11T13:00:34.8306090+00:00" endTime="2021-01-11T13:00:34.8342686+00:00" testType="13cdc9d9-ddb5-4fa4-a97d-d965ccfc6d4b" outcome="Passed" testListId="8c84fa94-04c1-424b-9868-57a2d4851a1d" relativeResultsDirectory="510d6fe8-176d-471c-8799-edcdf9fc7304" />
    <UnitTestResult executionId="c281aadd-2f96-4c56-907c-58155612d596" testId="b8a7e8e2-ab9d-d162-491c-3134a1a2bd1e" testName="Passing_Exception_Returns_InternalServerErrorStatusWithMessage" computerName="PC-SFERRARI" duration="00:00:00.2213435" startTime="2021-01-11T13:00:35.5862753+00:00" endTime="2021-01-11T13:00:35.8477975+00:00" testType="13cdc9d9-ddb5-4fa4-a97d-d965ccfc6d4b" outcome="Passed" testListId="8c84fa94-04c1-424b-9868-57a2d4851a1d" relativeResultsDirectory="c281aadd-2f96-4c56-907c-58155612d596" resultType="DataDrivenTest">
      <InnerResults>
        <UnitTestResult executionId="83c1661e-6b9c-4c4d-b7d0-f31cf39c67f3" parentExecutionId="c281aadd-2f96-4c56-907c-58155612d596" testId="b8a7e8e2-ab9d-d162-491c-3134a1a2bd1e" testName="Passing_Exception_Returns_InternalServerErrorStatusWithMessage (Development)" computerName="PC-SFERRARI" duration="00:00:00.2134743" startTime="2021-01-11T13:00:35.5862753+00:00" endTime="2021-01-11T13:00:35.8477975+00:00" testType="13cdc9d9-ddb5-4fa4-a97d-d965ccfc6d4b" outcome="Passed" testListId="8c84fa94-04c1-424b-9868-57a2d4851a1d" relativeResultsDirectory="83c1661e-6b9c-4c4d-b7d0-f31cf39c67f3" dataRowInfo="1" resultType="DataDrivenDataRow" />
        <UnitTestResult executionId="0086696d-0a94-4be0-bbc5-c90ae8221627" parentExecutionId="c281aadd-2f96-4c56-907c-58155612d596" testId="b8a7e8e2-ab9d-d162-491c-3134a1a2bd1e" testName="Passing_Exception_Returns_InternalServerErrorStatusWithMessage (Production)" computerName="PC-SFERRARI" duration="00:00:00.0026904" startTime="2021-01-11T13:00:35.5862753+00:00" endTime="2021-01-11T13:00:35.8477975+00:00" testType="13cdc9d9-ddb5-4fa4-a97d-d965ccfc6d4b" outcome="Passed" testListId="8c84fa94-04c1-424b-9868-57a2d4851a1d" relativeResultsDirectory="0086696d-0a94-4be0-bbc5-c90ae8221627" dataRowInfo="2" resultType="DataDrivenDataRow" />
      </InnerResults>
    </UnitTestResult>
    <UnitTestResult executionId="fb417a0c-fce4-42aa-a799-8c5667144ed8" testId="3a0e3d39-4aa3-ec2c-bbc8-6f26d452a904" testName="IsDirectoryAddRules_Passing_InvalidArguments_Returns_Errors" computerName="PC-SFERRARI" duration="00:00:00.0014332" startTime="2021-01-11T13:00:35.9498472+00:00" endTime="2021-01-11T13:00:35.9514272+00:00" testType="13cdc9d9-ddb5-4fa4-a97d-d965ccfc6d4b" outcome="Passed" testListId="8c84fa94-04c1-424b-9868-57a2d4851a1d" relativeResultsDirectory="fb417a0c-fce4-42aa-a799-8c5667144ed8" />
    <UnitTestResult executionId="66e5ee51-e38b-4b1f-92bf-4d01c7e22c75" testId="b8f625ae-8ace-2ea9-d10f-163ee16f8108" testName="IsFileExtension_PassingInvalidArgumentsReturnErrors" computerName="PC-SFERRARI" duration="00:00:00.0016323" startTime="2021-01-11T13:00:34.8342974+00:00" endTime="2021-01-11T13:00:34.8361142+00:00" testType="13cdc9d9-ddb5-4fa4-a97d-d965ccfc6d4b" outcome="Passed" testListId="8c84fa94-04c1-424b-9868-57a2d4851a1d" relativeResultsDirectory="66e5ee51-e38b-4b1f-92bf-4d01c7e22c75" />
    <UnitTestResult executionId="91e2b811-7ed4-4f30-b264-a528a30f9c46" testId="0187b6df-e70c-cff4-a1b5-86cd64d3fd57" testName="IsRange_PassingInvalidArgumentsReturnErrors" computerName="PC-SFERRARI" duration="00:00:00.0042585" startTime="2021-01-11T13:00:34.9114515+00:00" endTime="2021-01-11T13:00:34.9158908+00:00" testType="13cdc9d9-ddb5-4fa4-a97d-d965ccfc6d4b" outcome="Passed" testListId="8c84fa94-04c1-424b-9868-57a2d4851a1d" relativeResultsDirectory="91e2b811-7ed4-4f30-b264-a528a30f9c46" />
    <UnitTestResult executionId="b9204438-91f6-4d87-8d14-cc9afc7aae0d" testId="aeedc70a-adad-3ec7-8156-f052f14d0ef2" testName="Example_RulesStopFirstError" computerName="PC-SFERRARI" duration="00:00:00.0019575" startTime="2021-01-11T13:00:35.9390388+00:00" endTime="2021-01-11T13:00:35.9412322+00:00" testType="13cdc9d9-ddb5-4fa4-a97d-d965ccfc6d4b" outcome="Passed" testListId="8c84fa94-04c1-424b-9868-57a2d4851a1d" relativeResultsDirectory="b9204438-91f6-4d87-8d14-cc9afc7aae0d" />
    <UnitTestResult executionId="7bfd725e-2119-48ae-8346-405784970cc7" testId="3f872058-72c8-2a16-81cc-cc54ecf2e617" testName="FileExtension_AddRules_Passing_InvalidArguments_Returns_Errors" computerName="PC-SFERRARI" duration="00:00:00.0013575" startTime="2021-01-11T13:00:35.9412737+00:00" endTime="2021-01-11T13:00:35.9427787+00:00" testType="13cdc9d9-ddb5-4fa4-a97d-d965ccfc6d4b" outcome="Passed" testListId="8c84fa94-04c1-424b-9868-57a2d4851a1d" relativeResultsDirectory="7bfd725e-2119-48ae-8346-405784970cc7" />
    <UnitTestResult executionId="9ad476a8-567d-4c0c-923c-a5d8abec76e8" testId="6e5eb92f-ba99-0d6d-b737-0f0ac6ebd71a" testName="IsNullOrEmpty_PassingInvalidArgumentsReturnErrors" computerName="PC-SFERRARI" duration="00:00:00.0099193" startTime="2021-01-11T13:00:34.9012388+00:00" endTime="2021-01-11T13:00:34.9113919+00:00" testType="13cdc9d9-ddb5-4fa4-a97d-d965ccfc6d4b" outcome="Passed" testListId="8c84fa94-04c1-424b-9868-57a2d4851a1d" relativeResultsDirectory="9ad476a8-567d-4c0c-923c-a5d8abec76e8" />
    <UnitTestResult executionId="255d268b-51b8-4065-9e21-c71fcb61b1b0" testId="6c13e23c-3c31-e5b6-4059-f576f18cadc6" testName="IsGreater_AddRules_Passing_InvalidArguments_Returns_Errors" computerName="PC-SFERRARI" duration="00:00:00.0009617" startTime="2021-01-11T13:00:35.9546572+00:00" endTime="2021-01-11T13:00:35.9557245+00:00" testType="13cdc9d9-ddb5-4fa4-a97d-d965ccfc6d4b" outcome="Passed" testListId="8c84fa94-04c1-424b-9868-57a2d4851a1d" relativeResultsDirectory="255d268b-51b8-4065-9e21-c71fcb61b1b0" />
    <UnitTestResult executionId="44293528-639c-4ac2-a58d-c9bd5b023699" testId="288c5ca0-bf36-c20f-12e9-8a2884961ba3" testName="IsEqual_AddRules_Passing_InvalidArguments_Returns_Errors" computerName="PC-SFERRARI" duration="00:00:00.0030824" startTime="2021-01-11T13:00:35.9514592+00:00" endTime="2021-01-11T13:00:35.9546352+00:00" testType="13cdc9d9-ddb5-4fa4-a97d-d965ccfc6d4b" outcome="Passed" testListId="8c84fa94-04c1-424b-9868-57a2d4851a1d" relativeResultsDirectory="44293528-639c-4ac2-a58d-c9bd5b023699" />
  </Results>
  <TestDefinitions>
    <UnitTest name="IsName_PassingInvalidArgumentsReturnErrors" storage="d:\sferrari\01 - trabajo\repos\netcore\template-netcore-validations\kitpymes.core.validations.fluentvalidation.tests\bin\debug\netcoreapp3.0\kitpymes.core.validations.fluentvalidation.tests.dll" id="709218aa-5eb3-324d-e60f-a03ead6f8297">
      <Execution id="bfd486ee-5f51-45db-980a-df16b2a30496" />
      <TestMethod codeBase="D:\SFERRARI\01 - TRABAJO\repos\netcore\template-netcore-validations\Kitpymes.Core.Validations.FluentValidation.Tests\bin\Debug\netcoreapp3.0\Kitpymes.Core.Validations.FluentValidation.Tests.dll" adapterTypeName="executor://mstestadapter/v2" className="Kitpymes.Core.Validations.FluentValidation.Tests.FluentValidatorTests" name="IsName_PassingInvalidArgumentsReturnErrors" />
    </UnitTest>
    <UnitTest name="IsRegex_AddRules_Passing_InvalidArguments_Returns_Errors" storage="d:\sferrari\01 - trabajo\repos\netcore\template-netcore-validations\kitpymes.core.validations.tests\bin\debug\netcoreapp3.0\kitpymes.core.validations.tests.dll" id="c8567511-1a0b-211d-89bf-007b6556ff0f">
      <Execution id="f1d3c8d4-9d11-464f-8fbc-81e641d3da63" />
      <TestMethod codeBase="D:\SFERRARI\01 - TRABAJO\repos\netcore\template-netcore-validations\Kitpymes.Core.Validations.Tests\bin\Debug\netcoreapp3.0\Kitpymes.Core.Validations.Tests.dll" adapterTypeName="executor://mstestadapter/v2" className="Kitpymes.Core.Validations.Tests.ValidatorTests" name="IsRegex_AddRules_Passing_InvalidArguments_Returns_Errors" />
    </UnitTest>
    <UnitTest name="Email_AddRules_Passing_InvalidArguments_Returns_Errors" storage="d:\sferrari\01 - trabajo\repos\netcore\template-netcore-validations\kitpymes.core.validations.tests\bin\debug\netcoreapp3.0\kitpymes.core.validations.tests.dll" id="2fb4c1a5-5962-f3d1-a8c2-6d96687b2297">
      <Execution id="95fe8db5-4a2c-41c0-9071-53cbe9d8b9ca" />
      <TestMethod codeBase="D:\SFERRARI\01 - TRABAJO\repos\netcore\template-netcore-validations\Kitpymes.Core.Validations.Tests\bin\Debug\netcoreapp3.0\Kitpymes.Core.Validations.Tests.dll" adapterTypeName="executor://mstestadapter/v2" className="Kitpymes.Core.Validations.Tests.ValidatorTests" name="Email_AddRules_Passing_InvalidArguments_Returns_Errors" />
    </UnitTest>
    <UnitTest name="Passing_UnauthorizedAccessException_Returns_UnauthorizedStatusWithMessage" storage="d:\sferrari\01 - trabajo\repos\netcore\template-netcore-validations\kitpymes.core.validations.tests\bin\debug\netcoreapp3.0\kitpymes.core.validations.tests.dll" id="cbf7b6e0-8505-a2ba-46b0-e3091e60d288">
      <Execution id="869a05a4-fe8a-4cfe-86bb-426514e9f126" />
      <TestMethod codeBase="D:\SFERRARI\01 - TRABAJO\repos\netcore\template-netcore-validations\Kitpymes.Core.Validations.Tests\bin\Debug\netcoreapp3.0\Kitpymes.Core.Validations.Tests.dll" adapterTypeName="executor://mstestadapter/v2" className="Kitpymes.Core.Validations.Tests.ValidationsMiddlewareTests" name="Passing_UnauthorizedAccessException_Returns_UnauthorizedStatusWithMessage" />
    </UnitTest>
    <UnitTest name="IsRange_AddRules_Passing_InvalidArguments_Returns_Errors" storage="d:\sferrari\01 - trabajo\repos\netcore\template-netcore-validations\kitpymes.core.validations.tests\bin\debug\netcoreapp3.0\kitpymes.core.validations.tests.dll" id="45495191-cedd-64eb-789f-c2cd210007ed">
      <Execution id="62ffd725-95e0-488b-b445-7f6e2de1f1da" />
      <TestMethod codeBase="D:\SFERRARI\01 - TRABAJO\repos\netcore\template-netcore-validations\Kitpymes.Core.Validations.Tests\bin\Debug\netcoreapp3.0\Kitpymes.Core.Validations.Tests.dll" adapterTypeName="executor://mstestadapter/v2" className="Kitpymes.Core.Validations.Tests.ValidatorTests" name="IsRange_AddRules_Passing_InvalidArguments_Returns_Errors" />
    </UnitTest>
    <UnitTest name="File_AddRules_Passing_InvalidArguments_Returns_Errors" storage="d:\sferrari\01 - trabajo\repos\netcore\template-netcore-validations\kitpymes.core.validations.tests\bin\debug\netcoreapp3.0\kitpymes.core.validations.tests.dll" id="7f9ebfde-3fa2-c72f-e7a4-4fdb73570bd3">
      <Execution id="b817046c-b60c-4ceb-9f5b-f4e60b0ee126" />
      <TestMethod codeBase="D:\SFERRARI\01 - TRABAJO\repos\netcore\template-netcore-validations\Kitpymes.Core.Validations.Tests\bin\Debug\netcoreapp3.0\Kitpymes.Core.Validations.Tests.dll" adapterTypeName="executor://mstestadapter/v2" className="Kitpymes.Core.Validations.Tests.ValidatorTests" name="File_AddRules_Passing_InvalidArguments_Returns_Errors" />
    </UnitTest>
    <UnitTest name="Example_Rules" storage="d:\sferrari\01 - trabajo\repos\netcore\template-netcore-validations\kitpymes.core.validations.tests\bin\debug\netcoreapp3.0\kitpymes.core.validations.tests.dll" id="4153e580-3730-e7c5-7084-648bf5943281">
      <Execution id="aa0e7d77-5698-4d05-80a0-b9133cda638c" />
      <TestMethod codeBase="D:\SFERRARI\01 - TRABAJO\repos\netcore\template-netcore-validations\Kitpymes.Core.Validations.Tests\bin\Debug\netcoreapp3.0\Kitpymes.Core.Validations.Tests.dll" adapterTypeName="executor://mstestadapter/v2" className="Kitpymes.Core.Validations.Tests.ValidatorTests" name="Example_Rules" />
    </UnitTest>
    <UnitTest name="IsRegex_PassingInvalidArgumentsReturnErrors" storage="d:\sferrari\01 - trabajo\repos\netcore\template-netcore-validations\kitpymes.core.validations.fluentvalidation.tests\bin\debug\netcoreapp3.0\kitpymes.core.validations.fluentvalidation.tests.dll" id="860aacc7-6d7e-e398-50c1-cb414db3a6c8">
      <Execution id="830714fd-ff5a-487f-9080-35224f0768c3" />
      <TestMethod codeBase="D:\SFERRARI\01 - TRABAJO\repos\netcore\template-netcore-validations\Kitpymes.Core.Validations.FluentValidation.Tests\bin\Debug\netcoreapp3.0\Kitpymes.Core.Validations.FluentValidation.Tests.dll" adapterTypeName="executor://mstestadapter/v2" className="Kitpymes.Core.Validations.FluentValidation.Tests.FluentValidatorTests" name="IsRegex_PassingInvalidArgumentsReturnErrors" />
    </UnitTest>
    <UnitTest name="IsDirectoryAddRules_Passing_InvalidArguments_Returns_Errors" storage="d:\sferrari\01 - trabajo\repos\netcore\template-netcore-validations\kitpymes.core.validations.tests\bin\debug\netcoreapp3.0\kitpymes.core.validations.tests.dll" id="3a0e3d39-4aa3-ec2c-bbc8-6f26d452a904">
      <Execution id="fb417a0c-fce4-42aa-a799-8c5667144ed8" />
      <TestMethod codeBase="D:\SFERRARI\01 - TRABAJO\repos\netcore\template-netcore-validations\Kitpymes.Core.Validations.Tests\bin\Debug\netcoreapp3.0\Kitpymes.Core.Validations.Tests.dll" adapterTypeName="executor://mstestadapter/v2" className="Kitpymes.Core.Validations.Tests.ValidatorTests" name="IsDirectoryAddRules_Passing_InvalidArguments_Returns_Errors" />
    </UnitTest>
    <UnitTest name="IsFileExtension_PassingInvalidArgumentsReturnErrors" storage="d:\sferrari\01 - trabajo\repos\netcore\template-netcore-validations\kitpymes.core.validations.fluentvalidation.tests\bin\debug\netcoreapp3.0\kitpymes.core.validations.fluentvalidation.tests.dll" id="b8f625ae-8ace-2ea9-d10f-163ee16f8108">
      <Execution id="66e5ee51-e38b-4b1f-92bf-4d01c7e22c75" />
      <TestMethod codeBase="D:\SFERRARI\01 - TRABAJO\repos\netcore\template-netcore-validations\Kitpymes.Core.Validations.FluentValidation.Tests\bin\Debug\netcoreapp3.0\Kitpymes.Core.Validations.FluentValidation.Tests.dll" adapterTypeName="executor://mstestadapter/v2" className="Kitpymes.Core.Validations.FluentValidation.Tests.FluentValidatorTests" name="IsFileExtension_PassingInvalidArgumentsReturnErrors" />
    </UnitTest>
    <UnitTest name="IsNullOrAny_PassingInvalidArgumentsReturnErrors" storage="d:\sferrari\01 - trabajo\repos\netcore\template-netcore-validations\kitpymes.core.validations.fluentvalidation.tests\bin\debug\netcoreapp3.0\kitpymes.core.validations.fluentvalidation.tests.dll" id="50eb0f5c-4913-f185-47c9-adcceeb5aca4">
      <Execution id="c92266ea-83a8-4136-aa42-aebd66ec10ad" />
      <TestMethod codeBase="D:\SFERRARI\01 - TRABAJO\repos\netcore\template-netcore-validations\Kitpymes.Core.Validations.FluentValidation.Tests\bin\Debug\netcoreapp3.0\Kitpymes.Core.Validations.FluentValidation.Tests.dll" adapterTypeName="executor://mstestadapter/v2" className="Kitpymes.Core.Validations.FluentValidation.Tests.FluentValidatorTests" name="IsNullOrAny_PassingInvalidArgumentsReturnErrors" />
    </UnitTest>
    <UnitTest name="IsEmail_PassingInvalidArgumentsReturnErrors" storage="d:\sferrari\01 - trabajo\repos\netcore\template-netcore-validations\kitpymes.core.validations.fluentvalidation.tests\bin\debug\netcoreapp3.0\kitpymes.core.validations.fluentvalidation.tests.dll" id="8120b77d-d089-3db9-b10e-64316a441772">
      <Execution id="9f4f75e1-d4bf-4c0e-b266-f61b1d2b3cda" />
      <TestMethod codeBase="D:\SFERRARI\01 - TRABAJO\repos\netcore\template-netcore-validations\Kitpymes.Core.Validations.FluentValidation.Tests\bin\Debug\netcoreapp3.0\Kitpymes.Core.Validations.FluentValidation.Tests.dll" adapterTypeName="executor://mstestadapter/v2" className="Kitpymes.Core.Validations.FluentValidation.Tests.FluentValidatorTests" name="IsEmail_PassingInvalidArgumentsReturnErrors" />
    </UnitTest>
    <UnitTest name="Validate_Domain_ChangeName" storage="d:\sferrari\01 - trabajo\repos\netcore\template-netcore-validations\tests\tests.api.endpointtests\bin\debug\netcoreapp3.0\tests.api.endpointstests.dll" id="9f577f44-05fc-0733-12a6-00cfc8d82cb7">
      <Execution id="b2f5e7b4-a16d-4cda-b38e-fc1129fa716c" />
      <TestMethod codeBase="D:\SFERRARI\01 - TRABAJO\repos\netcore\template-netcore-validations\tests\Tests.Api.EndpointTests\bin\Debug\netcoreapp3.0\Tests.Api.EndpointsTests.dll" adapterTypeName="executor://mstestadapter/v2" className="Tests.Api.EndpointsTests.ValidatorTests" name="Validate_Domain_ChangeName" />
    </UnitTest>
    <UnitTest name="IsGreater_PassingInvalidArgumentsReturnErrors" storage="d:\sferrari\01 - trabajo\repos\netcore\template-netcore-validations\kitpymes.core.validations.fluentvalidation.tests\bin\debug\netcoreapp3.0\kitpymes.core.validations.fluentvalidation.tests.dll" id="6ff6975a-19be-51c8-1e11-c749b390f92e">
      <Execution id="f8bd482d-288e-480d-8a09-bdf1858dfa6c" />
      <TestMethod codeBase="D:\SFERRARI\01 - TRABAJO\repos\netcore\template-netcore-validations\Kitpymes.Core.Validations.FluentValidation.Tests\bin\Debug\netcoreapp3.0\Kitpymes.Core.Validations.FluentValidation.Tests.dll" adapterTypeName="executor://mstestadapter/v2" className="Kitpymes.Core.Validations.FluentValidation.Tests.FluentValidatorTests" name="IsGreater_PassingInvalidArgumentsReturnErrors" />
    </UnitTest>
    <UnitTest name="IsSubdomain_PassingInvalidArgumentsReturnErrors" storage="d:\sferrari\01 - trabajo\repos\netcore\template-netcore-validations\kitpymes.core.validations.fluentvalidation.tests\bin\debug\netcoreapp3.0\kitpymes.core.validations.fluentvalidation.tests.dll" id="9c5e79d3-cdc4-a796-9313-517e5d7f6008">
      <Execution id="79fbe44b-0620-4e4a-ad4a-f02a61d06779" />
      <TestMethod codeBase="D:\SFERRARI\01 - TRABAJO\repos\netcore\template-netcore-validations\Kitpymes.Core.Validations.FluentValidation.Tests\bin\Debug\netcoreapp3.0\Kitpymes.Core.Validations.FluentValidation.Tests.dll" adapterTypeName="executor://mstestadapter/v2" className="Kitpymes.Core.Validations.FluentValidation.Tests.FluentValidatorTests" name="IsSubdomain_PassingInvalidArgumentsReturnErrors" />
    </UnitTest>
    <UnitTest name="IsEqual_PassingInvalidArgumentsReturnErrors" storage="d:\sferrari\01 - trabajo\repos\netcore\template-netcore-validations\kitpymes.core.validations.fluentvalidation.tests\bin\debug\netcoreapp3.0\kitpymes.core.validations.fluentvalidation.tests.dll" id="f22ed11f-e788-87d9-b9ee-7913518597db">
      <Execution id="510d6fe8-176d-471c-8799-edcdf9fc7304" />
      <TestMethod codeBase="D:\SFERRARI\01 - TRABAJO\repos\netcore\template-netcore-validations\Kitpymes.Core.Validations.FluentValidation.Tests\bin\Debug\netcoreapp3.0\Kitpymes.Core.Validations.FluentValidation.Tests.dll" adapterTypeName="executor://mstestadapter/v2" className="Kitpymes.Core.Validations.FluentValidation.Tests.FluentValidatorTests" name="IsEqual_PassingInvalidArgumentsReturnErrors" />
    </UnitTest>
    <UnitTest name="IsLess_AddRules_Passing_InvalidArguments_Returns_Errors" storage="d:\sferrari\01 - trabajo\repos\netcore\template-netcore-validations\kitpymes.core.validations.tests\bin\debug\netcoreapp3.0\kitpymes.core.validations.tests.dll" id="2384ca30-887e-9f93-205d-f933582dc531">
      <Execution id="4db8e7a1-31ea-4221-90f1-10749faa43df" />
      <TestMethod codeBase="D:\SFERRARI\01 - TRABAJO\repos\netcore\template-netcore-validations\Kitpymes.Core.Validations.Tests\bin\Debug\netcoreapp3.0\Kitpymes.Core.Validations.Tests.dll" adapterTypeName="executor://mstestadapter/v2" className="Kitpymes.Core.Validations.Tests.ValidatorTests" name="IsLess_AddRules_Passing_InvalidArguments_Returns_Errors" />
    </UnitTest>
    <UnitTest name="IsNullOrAny_AddRules_Passing_InvalidArguments_Returns_Errors" storage="d:\sferrari\01 - trabajo\repos\netcore\template-netcore-validations\kitpymes.core.validations.tests\bin\debug\netcoreapp3.0\kitpymes.core.validations.tests.dll" id="09ed491f-8351-157e-f768-52cec1e7497e">
      <Execution id="536bcee2-1240-4d65-b96a-ac050c696b7a" />
      <TestMethod codeBase="D:\SFERRARI\01 - TRABAJO\repos\netcore\template-netcore-validations\Kitpymes.Core.Validations.Tests\bin\Debug\netcoreapp3.0\Kitpymes.Core.Validations.Tests.dll" adapterTypeName="executor://mstestadapter/v2" className="Kitpymes.Core.Validations.Tests.ValidatorTests" name="IsNullOrAny_AddRules_Passing_InvalidArguments_Returns_Errors" />
    </UnitTest>
    <UnitTest name="Example_Rules1" storage="d:\sferrari\01 - trabajo\repos\netcore\template-netcore-validations\kitpymes.core.validations.tests\bin\debug\netcoreapp3.0\kitpymes.core.validations.tests.dll" id="9e450fc9-c0e4-876e-9de2-46c40e450f93">
      <Execution id="8111ff96-decc-422c-af3a-41d635c17c42" />
      <TestMethod codeBase="D:\SFERRARI\01 - TRABAJO\repos\netcore\template-netcore-validations\Kitpymes.Core.Validations.Tests\bin\Debug\netcoreapp3.0\Kitpymes.Core.Validations.Tests.dll" adapterTypeName="executor://mstestadapter/v2" className="Kitpymes.Core.Validations.Tests.ValidatorTests" name="Example_Rules1" />
    </UnitTest>
    <UnitTest name="IsLess_PassingInvalidArgumentsReturnErrors" storage="d:\sferrari\01 - trabajo\repos\netcore\template-netcore-validations\kitpymes.core.validations.fluentvalidation.tests\bin\debug\netcoreapp3.0\kitpymes.core.validations.fluentvalidation.tests.dll" id="8ff727c0-e01e-5102-20ab-01e8d83a96bf">
      <Execution id="1f2225a8-1484-4fef-9971-03cbde5d3390" />
      <TestMethod codeBase="D:\SFERRARI\01 - TRABAJO\repos\netcore\template-netcore-validations\Kitpymes.Core.Validations.FluentValidation.Tests\bin\Debug\netcoreapp3.0\Kitpymes.Core.Validations.FluentValidation.Tests.dll" adapterTypeName="executor://mstestadapter/v2" className="Kitpymes.Core.Validations.FluentValidation.Tests.FluentValidatorTests" name="IsLess_PassingInvalidArgumentsReturnErrors" />
    </UnitTest>
    <UnitTest name="FileExtension_AddRules_Passing_InvalidArguments_Returns_Errors" storage="d:\sferrari\01 - trabajo\repos\netcore\template-netcore-validations\kitpymes.core.validations.tests\bin\debug\netcoreapp3.0\kitpymes.core.validations.tests.dll" id="3f872058-72c8-2a16-81cc-cc54ecf2e617">
      <Execution id="7bfd725e-2119-48ae-8346-405784970cc7" />
      <TestMethod codeBase="D:\SFERRARI\01 - TRABAJO\repos\netcore\template-netcore-validations\Kitpymes.Core.Validations.Tests\bin\Debug\netcoreapp3.0\Kitpymes.Core.Validations.Tests.dll" adapterTypeName="executor://mstestadapter/v2" className="Kitpymes.Core.Validations.Tests.ValidatorTests" name="FileExtension_AddRules_Passing_InvalidArguments_Returns_Errors" />
    </UnitTest>
    <UnitTest name="Validate_Domain_AddPerson" storage="d:\sferrari\01 - trabajo\repos\netcore\template-netcore-validations\tests\tests.api.endpointtests\bin\debug\netcoreapp3.0\tests.api.endpointstests.dll" id="5b82dfbb-afa9-bc20-6dac-80ce9854c2f5">
      <Execution id="323a5fe0-1b90-416b-a700-bcecd96e32a1" />
      <TestMethod codeBase="D:\SFERRARI\01 - TRABAJO\repos\netcore\template-netcore-validations\tests\Tests.Api.EndpointTests\bin\Debug\netcoreapp3.0\Tests.Api.EndpointsTests.dll" adapterTypeName="executor://mstestadapter/v2" className="Tests.Api.EndpointsTests.ValidatorTests" name="Validate_Domain_AddPerson" />
    </UnitTest>
    <UnitTest name="Subdomain_AddRules_Passing_InvalidArguments_Returns_Errors" storage="d:\sferrari\01 - trabajo\repos\netcore\template-netcore-validations\kitpymes.core.validations.tests\bin\debug\netcoreapp3.0\kitpymes.core.validations.tests.dll" id="01b3f9e0-4cea-f3f7-5362-8d8c10dbc5ea">
      <Execution id="45be3343-6dce-4a05-b8b4-7488bcb6404a" />
      <TestMethod codeBase="D:\SFERRARI\01 - TRABAJO\repos\netcore\template-netcore-validations\Kitpymes.Core.Validations.Tests\bin\Debug\netcoreapp3.0\Kitpymes.Core.Validations.Tests.dll" adapterTypeName="executor://mstestadapter/v2" className="Kitpymes.Core.Validations.Tests.ValidatorTests" name="Subdomain_AddRules_Passing_InvalidArguments_Returns_Errors" />
    </UnitTest>
    <UnitTest name="IsGreater_AddRules_Passing_InvalidArguments_Returns_Errors" storage="d:\sferrari\01 - trabajo\repos\netcore\template-netcore-validations\kitpymes.core.validations.tests\bin\debug\netcoreapp3.0\kitpymes.core.validations.tests.dll" id="6c13e23c-3c31-e5b6-4059-f576f18cadc6">
      <Execution id="255d268b-51b8-4065-9e21-c71fcb61b1b0" />
      <TestMethod codeBase="D:\SFERRARI\01 - TRABAJO\repos\netcore\template-netcore-validations\Kitpymes.Core.Validations.Tests\bin\Debug\netcoreapp3.0\Kitpymes.Core.Validations.Tests.dll" adapterTypeName="executor://mstestadapter/v2" className="Kitpymes.Core.Validations.Tests.ValidatorTests" name="IsGreater_AddRules_Passing_InvalidArguments_Returns_Errors" />
    </UnitTest>
    <UnitTest name="IsFile_PassingInvalidArgumentsReturnErrors" storage="d:\sferrari\01 - trabajo\repos\netcore\template-netcore-validations\kitpymes.core.validations.fluentvalidation.tests\bin\debug\netcoreapp3.0\kitpymes.core.validations.fluentvalidation.tests.dll" id="137ba50e-0a96-8baa-fcb3-58b17d990c20">
      <Execution id="22d28484-c44e-47b8-b1be-ed79c8b6025a" />
      <TestMethod codeBase="D:\SFERRARI\01 - TRABAJO\repos\netcore\template-netcore-validations\Kitpymes.Core.Validations.FluentValidation.Tests\bin\Debug\netcoreapp3.0\Kitpymes.Core.Validations.FluentValidation.Tests.dll" adapterTypeName="executor://mstestadapter/v2" className="Kitpymes.Core.Validations.FluentValidation.Tests.FluentValidatorTests" name="IsFile_PassingInvalidArgumentsReturnErrors" />
    </UnitTest>
    <UnitTest name="IsNullOrEmpty_AddRules_Passing_InvalidArguments_Returns_Errors" storage="d:\sferrari\01 - trabajo\repos\netcore\template-netcore-validations\kitpymes.core.validations.tests\bin\debug\netcoreapp3.0\kitpymes.core.validations.tests.dll" id="7856e401-58d5-ba3a-5308-600db6a57b94">
      <Execution id="dc7392b0-8c78-4fb5-beec-c70476a6cc5c" />
      <TestMethod codeBase="D:\SFERRARI\01 - TRABAJO\repos\netcore\template-netcore-validations\Kitpymes.Core.Validations.Tests\bin\Debug\netcoreapp3.0\Kitpymes.Core.Validations.Tests.dll" adapterTypeName="executor://mstestadapter/v2" className="Kitpymes.Core.Validations.Tests.ValidatorTests" name="IsNullOrEmpty_AddRules_Passing_InvalidArguments_Returns_Errors" />
    </UnitTest>
    <UnitTest name="IsEqual_AddRules_Passing_InvalidArguments_Returns_Errors" storage="d:\sferrari\01 - trabajo\repos\netcore\template-netcore-validations\kitpymes.core.validations.tests\bin\debug\netcoreapp3.0\kitpymes.core.validations.tests.dll" id="288c5ca0-bf36-c20f-12e9-8a2884961ba3">
      <Execution id="44293528-639c-4ac2-a58d-c9bd5b023699" />
      <TestMethod codeBase="D:\SFERRARI\01 - TRABAJO\repos\netcore\template-netcore-validations\Kitpymes.Core.Validations.Tests\bin\Debug\netcoreapp3.0\Kitpymes.Core.Validations.Tests.dll" adapterTypeName="executor://mstestadapter/v2" className="Kitpymes.Core.Validations.Tests.ValidatorTests" name="IsEqual_AddRules_Passing_InvalidArguments_Returns_Errors" />
    </UnitTest>
    <UnitTest name="Name_AddRules_Passing_InvalidArguments_Returns_Errors" storage="d:\sferrari\01 - trabajo\repos\netcore\template-netcore-validations\kitpymes.core.validations.tests\bin\debug\netcoreapp3.0\kitpymes.core.validations.tests.dll" id="ee7d33d6-4f97-e3cc-f457-36caabfe550a">
      <Execution id="0d409ca9-2562-40df-bc52-325f698d5ce8" />
      <TestMethod codeBase="D:\SFERRARI\01 - TRABAJO\repos\netcore\template-netcore-validations\Kitpymes.Core.Validations.Tests\bin\Debug\netcoreapp3.0\Kitpymes.Core.Validations.Tests.dll" adapterTypeName="executor://mstestadapter/v2" className="Kitpymes.Core.Validations.Tests.ValidatorTests" name="Name_AddRules_Passing_InvalidArguments_Returns_Errors" />
    </UnitTest>
    <UnitTest name="Passing_ValidationExceptionWithErrorsWithDetails_Returns_BadRequestStatusWithErrors" storage="d:\sferrari\01 - trabajo\repos\netcore\template-netcore-validations\kitpymes.core.validations.tests\bin\debug\netcoreapp3.0\kitpymes.core.validations.tests.dll" id="1d39f5c1-93ad-1b27-7dee-f638db698b33">
      <Execution id="51fe8dd7-6b7d-4672-878d-57e1b0a253c7" />
      <TestMethod codeBase="D:\SFERRARI\01 - TRABAJO\repos\netcore\template-netcore-validations\Kitpymes.Core.Validations.Tests\bin\Debug\netcoreapp3.0\Kitpymes.Core.Validations.Tests.dll" adapterTypeName="executor://mstestadapter/v2" className="Kitpymes.Core.Validations.Tests.ValidationsMiddlewareTests" name="Passing_ValidationExceptionWithErrorsWithDetails_Returns_BadRequestStatusWithErrors" />
    </UnitTest>
    <UnitTest name="Passing_ValidationExceptionWithErrors_Returns_BadRequestStatusWithErrors" storage="d:\sferrari\01 - trabajo\repos\netcore\template-netcore-validations\kitpymes.core.validations.tests\bin\debug\netcoreapp3.0\kitpymes.core.validations.tests.dll" id="66cc9a44-896f-cb98-05dd-1085090421c1">
      <Execution id="fe606055-27ba-46be-97eb-26aceffaa6bf" />
      <TestMethod codeBase="D:\SFERRARI\01 - TRABAJO\repos\netcore\template-netcore-validations\Kitpymes.Core.Validations.Tests\bin\Debug\netcoreapp3.0\Kitpymes.Core.Validations.Tests.dll" adapterTypeName="executor://mstestadapter/v2" className="Kitpymes.Core.Validations.Tests.ValidationsMiddlewareTests" name="Passing_ValidationExceptionWithErrors_Returns_BadRequestStatusWithErrors" />
    </UnitTest>
    <UnitTest name="IsNullOrEmpty_PassingInvalidArgumentsReturnErrors" storage="d:\sferrari\01 - trabajo\repos\netcore\template-netcore-validations\kitpymes.core.validations.fluentvalidation.tests\bin\debug\netcoreapp3.0\kitpymes.core.validations.fluentvalidation.tests.dll" id="6e5eb92f-ba99-0d6d-b737-0f0ac6ebd71a">
      <Execution id="9ad476a8-567d-4c0c-923c-a5d8abec76e8" />
      <TestMethod codeBase="D:\SFERRARI\01 - TRABAJO\repos\netcore\template-netcore-validations\Kitpymes.Core.Validations.FluentValidation.Tests\bin\Debug\netcoreapp3.0\Kitpymes.Core.Validations.FluentValidation.Tests.dll" adapterTypeName="executor://mstestadapter/v2" className="Kitpymes.Core.Validations.FluentValidation.Tests.FluentValidatorTests" name="IsNullOrEmpty_PassingInvalidArgumentsReturnErrors" />
    </UnitTest>
    <UnitTest name="IsDirectory_PassingInvalidArgumentsReturnErrors" storage="d:\sferrari\01 - trabajo\repos\netcore\template-netcore-validations\kitpymes.core.validations.fluentvalidation.tests\bin\debug\netcoreapp3.0\kitpymes.core.validations.fluentvalidation.tests.dll" id="1df3cd8c-aa5c-bd5a-4479-33851c3f1b94">
      <Execution id="817c6067-d1e9-4140-9361-b8e414f3cb0c" />
      <TestMethod codeBase="D:\SFERRARI\01 - TRABAJO\repos\netcore\template-netcore-validations\Kitpymes.Core.Validations.FluentValidation.Tests\bin\Debug\netcoreapp3.0\Kitpymes.Core.Validations.FluentValidation.Tests.dll" adapterTypeName="executor://mstestadapter/v2" className="Kitpymes.Core.Validations.FluentValidation.Tests.FluentValidatorTests" name="IsDirectory_PassingInvalidArgumentsReturnErrors" />
    </UnitTest>
    <UnitTest name="Passing_Exception_Returns_InternalServerErrorStatusWithMessage" storage="d:\sferrari\01 - trabajo\repos\netcore\template-netcore-validations\kitpymes.core.validations.tests\bin\debug\netcoreapp3.0\kitpymes.core.validations.tests.dll" id="b8a7e8e2-ab9d-d162-491c-3134a1a2bd1e">
      <Execution id="c281aadd-2f96-4c56-907c-58155612d596" />
      <TestMethod codeBase="D:\SFERRARI\01 - TRABAJO\repos\netcore\template-netcore-validations\Kitpymes.Core.Validations.Tests\bin\Debug\netcoreapp3.0\Kitpymes.Core.Validations.Tests.dll" adapterTypeName="executor://mstestadapter/v2" className="Kitpymes.Core.Validations.Tests.ValidationsMiddlewareTests" name="Passing_Exception_Returns_InternalServerErrorStatusWithMessage" />
    </UnitTest>
    <UnitTest name="Validate_Endpoint_AddPerson" storage="d:\sferrari\01 - trabajo\repos\netcore\template-netcore-validations\tests\tests.api.endpointtests\bin\debug\netcoreapp3.0\tests.api.endpointstests.dll" id="13d7d163-9ba7-ab26-c816-776985513923">
      <Execution id="618a36c0-2cd9-490d-9ab9-567197ae20f3" />
      <TestMethod codeBase="D:\SFERRARI\01 - TRABAJO\repos\netcore\template-netcore-validations\tests\Tests.Api.EndpointTests\bin\Debug\netcoreapp3.0\Tests.Api.EndpointsTests.dll" adapterTypeName="executor://mstestadapter/v2" className="Tests.Api.EndpointsTests.ValidatorTests" name="Validate_Endpoint_AddPerson" />
    </UnitTest>
    <UnitTest name="Example_RulesStopFirstError" storage="d:\sferrari\01 - trabajo\repos\netcore\template-netcore-validations\kitpymes.core.validations.tests\bin\debug\netcoreapp3.0\kitpymes.core.validations.tests.dll" id="aeedc70a-adad-3ec7-8156-f052f14d0ef2">
      <Execution id="b9204438-91f6-4d87-8d14-cc9afc7aae0d" />
      <TestMethod codeBase="D:\SFERRARI\01 - TRABAJO\repos\netcore\template-netcore-validations\Kitpymes.Core.Validations.Tests\bin\Debug\netcoreapp3.0\Kitpymes.Core.Validations.Tests.dll" adapterTypeName="executor://mstestadapter/v2" className="Kitpymes.Core.Validations.Tests.ValidatorTests" name="Example_RulesStopFirstError" />
    </UnitTest>
    <UnitTest name="IsCustom_AddRules_Passing_InvalidArguments_Returns_Errors" storage="d:\sferrari\01 - trabajo\repos\netcore\template-netcore-validations\kitpymes.core.validations.tests\bin\debug\netcoreapp3.0\kitpymes.core.validations.tests.dll" id="bcd81ff7-11e4-9882-c9e1-dbde8069a89b">
      <Execution id="99b4c975-f638-4550-af57-3edb5d2b9512" />
      <TestMethod codeBase="D:\SFERRARI\01 - TRABAJO\repos\netcore\template-netcore-validations\Kitpymes.Core.Validations.Tests\bin\Debug\netcoreapp3.0\Kitpymes.Core.Validations.Tests.dll" adapterTypeName="executor://mstestadapter/v2" className="Kitpymes.Core.Validations.Tests.ValidatorTests" name="IsCustom_AddRules_Passing_InvalidArguments_Returns_Errors" />
    </UnitTest>
    <UnitTest name="IsRange_PassingInvalidArgumentsReturnErrors" storage="d:\sferrari\01 - trabajo\repos\netcore\template-netcore-validations\kitpymes.core.validations.fluentvalidation.tests\bin\debug\netcoreapp3.0\kitpymes.core.validations.fluentvalidation.tests.dll" id="0187b6df-e70c-cff4-a1b5-86cd64d3fd57">
      <Execution id="91e2b811-7ed4-4f30-b264-a528a30f9c46" />
      <TestMethod codeBase="D:\SFERRARI\01 - TRABAJO\repos\netcore\template-netcore-validations\Kitpymes.Core.Validations.FluentValidation.Tests\bin\Debug\netcoreapp3.0\Kitpymes.Core.Validations.FluentValidation.Tests.dll" adapterTypeName="executor://mstestadapter/v2" className="Kitpymes.Core.Validations.FluentValidation.Tests.FluentValidatorTests" name="IsRange_PassingInvalidArgumentsReturnErrors" />
    </UnitTest>
  </TestDefinitions>
  <TestEntries>
    <TestEntry testId="c8567511-1a0b-211d-89bf-007b6556ff0f" executionId="f1d3c8d4-9d11-464f-8fbc-81e641d3da63" testListId="8c84fa94-04c1-424b-9868-57a2d4851a1d" />
    <TestEntry testId="4153e580-3730-e7c5-7084-648bf5943281" executionId="aa0e7d77-5698-4d05-80a0-b9133cda638c" testListId="8c84fa94-04c1-424b-9868-57a2d4851a1d" />
    <TestEntry testId="5b82dfbb-afa9-bc20-6dac-80ce9854c2f5" executionId="323a5fe0-1b90-416b-a700-bcecd96e32a1" testListId="8c84fa94-04c1-424b-9868-57a2d4851a1d" />
    <TestEntry testId="7f9ebfde-3fa2-c72f-e7a4-4fdb73570bd3" executionId="b817046c-b60c-4ceb-9f5b-f4e60b0ee126" testListId="8c84fa94-04c1-424b-9868-57a2d4851a1d" />
    <TestEntry testId="9e450fc9-c0e4-876e-9de2-46c40e450f93" executionId="8111ff96-decc-422c-af3a-41d635c17c42" testListId="8c84fa94-04c1-424b-9868-57a2d4851a1d" />
    <TestEntry testId="8120b77d-d089-3db9-b10e-64316a441772" executionId="9f4f75e1-d4bf-4c0e-b266-f61b1d2b3cda" testListId="8c84fa94-04c1-424b-9868-57a2d4851a1d" />
    <TestEntry testId="2fb4c1a5-5962-f3d1-a8c2-6d96687b2297" executionId="95fe8db5-4a2c-41c0-9071-53cbe9d8b9ca" testListId="8c84fa94-04c1-424b-9868-57a2d4851a1d" />
    <TestEntry testId="9c5e79d3-cdc4-a796-9313-517e5d7f6008" executionId="79fbe44b-0620-4e4a-ad4a-f02a61d06779" testListId="8c84fa94-04c1-424b-9868-57a2d4851a1d" />
    <TestEntry testId="137ba50e-0a96-8baa-fcb3-58b17d990c20" executionId="22d28484-c44e-47b8-b1be-ed79c8b6025a" testListId="8c84fa94-04c1-424b-9868-57a2d4851a1d" />
    <TestEntry testId="7856e401-58d5-ba3a-5308-600db6a57b94" executionId="dc7392b0-8c78-4fb5-beec-c70476a6cc5c" testListId="8c84fa94-04c1-424b-9868-57a2d4851a1d" />
    <TestEntry testId="50eb0f5c-4913-f185-47c9-adcceeb5aca4" executionId="c92266ea-83a8-4136-aa42-aebd66ec10ad" testListId="8c84fa94-04c1-424b-9868-57a2d4851a1d" />
    <TestEntry testId="13d7d163-9ba7-ab26-c816-776985513923" executionId="618a36c0-2cd9-490d-9ab9-567197ae20f3" testListId="8c84fa94-04c1-424b-9868-57a2d4851a1d" />
    <TestEntry testId="9f577f44-05fc-0733-12a6-00cfc8d82cb7" executionId="b2f5e7b4-a16d-4cda-b38e-fc1129fa716c" testListId="8c84fa94-04c1-424b-9868-57a2d4851a1d" />
    <TestEntry testId="cbf7b6e0-8505-a2ba-46b0-e3091e60d288" executionId="869a05a4-fe8a-4cfe-86bb-426514e9f126" testListId="8c84fa94-04c1-424b-9868-57a2d4851a1d" />
    <TestEntry testId="1d39f5c1-93ad-1b27-7dee-f638db698b33" executionId="51fe8dd7-6b7d-4672-878d-57e1b0a253c7" testListId="8c84fa94-04c1-424b-9868-57a2d4851a1d" />
    <TestEntry testId="01b3f9e0-4cea-f3f7-5362-8d8c10dbc5ea" executionId="45be3343-6dce-4a05-b8b4-7488bcb6404a" testListId="8c84fa94-04c1-424b-9868-57a2d4851a1d" />
    <TestEntry testId="ee7d33d6-4f97-e3cc-f457-36caabfe550a" executionId="0d409ca9-2562-40df-bc52-325f698d5ce8" testListId="8c84fa94-04c1-424b-9868-57a2d4851a1d" />
    <TestEntry testId="09ed491f-8351-157e-f768-52cec1e7497e" executionId="536bcee2-1240-4d65-b96a-ac050c696b7a" testListId="8c84fa94-04c1-424b-9868-57a2d4851a1d" />
    <TestEntry testId="709218aa-5eb3-324d-e60f-a03ead6f8297" executionId="bfd486ee-5f51-45db-980a-df16b2a30496" testListId="8c84fa94-04c1-424b-9868-57a2d4851a1d" />
    <TestEntry testId="66cc9a44-896f-cb98-05dd-1085090421c1" executionId="fe606055-27ba-46be-97eb-26aceffaa6bf" testListId="8c84fa94-04c1-424b-9868-57a2d4851a1d" />
    <TestEntry testId="6ff6975a-19be-51c8-1e11-c749b390f92e" executionId="f8bd482d-288e-480d-8a09-bdf1858dfa6c" testListId="8c84fa94-04c1-424b-9868-57a2d4851a1d" />
    <TestEntry testId="45495191-cedd-64eb-789f-c2cd210007ed" executionId="62ffd725-95e0-488b-b445-7f6e2de1f1da" testListId="8c84fa94-04c1-424b-9868-57a2d4851a1d" />
    <TestEntry testId="bcd81ff7-11e4-9882-c9e1-dbde8069a89b" executionId="99b4c975-f638-4550-af57-3edb5d2b9512" testListId="8c84fa94-04c1-424b-9868-57a2d4851a1d" />
    <TestEntry testId="860aacc7-6d7e-e398-50c1-cb414db3a6c8" executionId="830714fd-ff5a-487f-9080-35224f0768c3" testListId="8c84fa94-04c1-424b-9868-57a2d4851a1d" />
    <TestEntry testId="2384ca30-887e-9f93-205d-f933582dc531" executionId="4db8e7a1-31ea-4221-90f1-10749faa43df" testListId="8c84fa94-04c1-424b-9868-57a2d4851a1d" />
    <TestEntry testId="8ff727c0-e01e-5102-20ab-01e8d83a96bf" executionId="1f2225a8-1484-4fef-9971-03cbde5d3390" testListId="8c84fa94-04c1-424b-9868-57a2d4851a1d" />
    <TestEntry testId="1df3cd8c-aa5c-bd5a-4479-33851c3f1b94" executionId="817c6067-d1e9-4140-9361-b8e414f3cb0c" testListId="8c84fa94-04c1-424b-9868-57a2d4851a1d" />
    <TestEntry testId="f22ed11f-e788-87d9-b9ee-7913518597db" executionId="510d6fe8-176d-471c-8799-edcdf9fc7304" testListId="8c84fa94-04c1-424b-9868-57a2d4851a1d" />
    <TestEntry testId="b8a7e8e2-ab9d-d162-491c-3134a1a2bd1e" executionId="c281aadd-2f96-4c56-907c-58155612d596" testListId="8c84fa94-04c1-424b-9868-57a2d4851a1d" />
    <TestEntry testId="3a0e3d39-4aa3-ec2c-bbc8-6f26d452a904" executionId="fb417a0c-fce4-42aa-a799-8c5667144ed8" testListId="8c84fa94-04c1-424b-9868-57a2d4851a1d" />
    <TestEntry testId="b8f625ae-8ace-2ea9-d10f-163ee16f8108" executionId="66e5ee51-e38b-4b1f-92bf-4d01c7e22c75" testListId="8c84fa94-04c1-424b-9868-57a2d4851a1d" />
    <TestEntry testId="0187b6df-e70c-cff4-a1b5-86cd64d3fd57" executionId="91e2b811-7ed4-4f30-b264-a528a30f9c46" testListId="8c84fa94-04c1-424b-9868-57a2d4851a1d" />
    <TestEntry testId="aeedc70a-adad-3ec7-8156-f052f14d0ef2" executionId="b9204438-91f6-4d87-8d14-cc9afc7aae0d" testListId="8c84fa94-04c1-424b-9868-57a2d4851a1d" />
    <TestEntry testId="3f872058-72c8-2a16-81cc-cc54ecf2e617" executionId="7bfd725e-2119-48ae-8346-405784970cc7" testListId="8c84fa94-04c1-424b-9868-57a2d4851a1d" />
    <TestEntry testId="6e5eb92f-ba99-0d6d-b737-0f0ac6ebd71a" executionId="9ad476a8-567d-4c0c-923c-a5d8abec76e8" testListId="8c84fa94-04c1-424b-9868-57a2d4851a1d" />
    <TestEntry testId="6c13e23c-3c31-e5b6-4059-f576f18cadc6" executionId="255d268b-51b8-4065-9e21-c71fcb61b1b0" testListId="8c84fa94-04c1-424b-9868-57a2d4851a1d" />
    <TestEntry testId="288c5ca0-bf36-c20f-12e9-8a2884961ba3" executionId="44293528-639c-4ac2-a58d-c9bd5b023699" testListId="8c84fa94-04c1-424b-9868-57a2d4851a1d" />
  </TestEntries>
  <TestLists>
    <TestList name="Resultados sin formato de lista" id="8c84fa94-04c1-424b-9868-57a2d4851a1d" />
    <TestList name="Todos los resultados cargados" id="19431567-8539-422a-85d7-44ee4e166bda" />
  </TestLists>
  <ResultSummary outcome="Completed">
    <Counters total="41" executed="41" passed="41" failed="0" error="0" timeout="0" aborted="0" inconclusive="0" passedButRunAborted="0" notRunnable="0" notExecuted="0" disconnected="0" warning="0" completed="0" inProgress="0" pending="0" />
  </ResultSummary>
</TestRun>