<?xml version="1.0" encoding="utf-8"?>
<TestRun id="c6cc32a6-6d20-4ea1-8f10-319ad143f4b7" name="sferrari@PC-SFERRARI 2021-01-09 11:12:24" runUser="PC-SFERRARI\sferrari" xmlns="http://microsoft.com/schemas/VisualStudio/TeamTest/2010">
  <Times creation="2021-01-09T11:12:24.0740990+00:00" queuing="2021-01-09T11:12:24.0740990+00:00" start="2021-01-09T11:12:23.2124335+00:00" finish="2021-01-09T11:12:26.6731470+00:00" />
  <TestSettings name="default" id="31175a4b-e2cb-48f8-814f-70582ca3bf07">
    <Deployment runDeploymentRoot="sferrari_PC-SFERRARI_2021-01-09_11_12_24" />
  </TestSettings>
  <Results>
    <UnitTestResult executionId="cb4e066b-29c7-4492-94a3-63af6ab8b468" testId="1d39f5c1-93ad-1b27-7dee-f638db698b33" testName="Passing_ValidationExceptionWithErrorsWithDetails_Returns_BadRequestStatusWithErrors" computerName="PC-SFERRARI" duration="00:00:00.0090376" startTime="2021-01-09T11:12:25.1540998+00:00" endTime="2021-01-09T11:12:25.1632847+00:00" testType="13cdc9d9-ddb5-4fa4-a97d-d965ccfc6d4b" outcome="Passed" testListId="8c84fa94-04c1-424b-9868-57a2d4851a1d" relativeResultsDirectory="cb4e066b-29c7-4492-94a3-63af6ab8b468" />
    <UnitTestResult executionId="1f39ed36-5b76-4556-8ac3-8c90067d8e73" testId="cbf7b6e0-8505-a2ba-46b0-e3091e60d288" testName="Passing_UnauthorizedAccessException_Returns_UnauthorizedStatusWithMessage" computerName="PC-SFERRARI" duration="00:00:00.0036265" startTime="2021-01-09T11:12:25.1502529+00:00" endTime="2021-01-09T11:12:25.1540634+00:00" testType="13cdc9d9-ddb5-4fa4-a97d-d965ccfc6d4b" outcome="Passed" testListId="8c84fa94-04c1-424b-9868-57a2d4851a1d" relativeResultsDirectory="1f39ed36-5b76-4556-8ac3-8c90067d8e73" resultType="DataDrivenTest">
      <InnerResults>
        <UnitTestResult executionId="a6b5dbf7-59e3-4949-9b09-40d4a54398f4" parentExecutionId="1f39ed36-5b76-4556-8ac3-8c90067d8e73" testId="cbf7b6e0-8505-a2ba-46b0-e3091e60d288" testName="Passing_UnauthorizedAccessException_Returns_UnauthorizedStatusWithMessage (Development)" computerName="PC-SFERRARI" duration="00:00:00.0029935" startTime="2021-01-09T11:12:25.1502529+00:00" endTime="2021-01-09T11:12:25.1540634+00:00" testType="13cdc9d9-ddb5-4fa4-a97d-d965ccfc6d4b" outcome="Passed" testListId="8c84fa94-04c1-424b-9868-57a2d4851a1d" relativeResultsDirectory="a6b5dbf7-59e3-4949-9b09-40d4a54398f4" dataRowInfo="1" resultType="DataDrivenDataRow" />
        <UnitTestResult executionId="bc3618fe-8f63-4e63-bcf7-f3f1458dd1c2" parentExecutionId="1f39ed36-5b76-4556-8ac3-8c90067d8e73" testId="cbf7b6e0-8505-a2ba-46b0-e3091e60d288" testName="Passing_UnauthorizedAccessException_Returns_UnauthorizedStatusWithMessage (Production)" computerName="PC-SFERRARI" duration="00:00:00.0005154" startTime="2021-01-09T11:12:25.1502529+00:00" endTime="2021-01-09T11:12:25.1540634+00:00" testType="13cdc9d9-ddb5-4fa4-a97d-d965ccfc6d4b" outcome="Passed" testListId="8c84fa94-04c1-424b-9868-57a2d4851a1d" relativeResultsDirectory="bc3618fe-8f63-4e63-bcf7-f3f1458dd1c2" dataRowInfo="2" resultType="DataDrivenDataRow" />
      </InnerResults>
    </UnitTestResult>
    <UnitTestResult executionId="f7632275-3961-4ba0-b9f2-07857d583282" testId="aeedc70a-adad-3ec7-8156-f052f14d0ef2" testName="Example_RulesStopFirstError" computerName="PC-SFERRARI" duration="00:00:00.0013329" startTime="2021-01-09T11:12:25.2446936+00:00" endTime="2021-01-09T11:12:25.2462712+00:00" testType="13cdc9d9-ddb5-4fa4-a97d-d965ccfc6d4b" outcome="Passed" testListId="8c84fa94-04c1-424b-9868-57a2d4851a1d" relativeResultsDirectory="f7632275-3961-4ba0-b9f2-07857d583282" />
    <UnitTestResult executionId="cdf7ee5d-90fe-4046-9de8-8e34bbceddf5" testId="66cc9a44-896f-cb98-05dd-1085090421c1" testName="Passing_ValidationExceptionWithErrors_Returns_BadRequestStatusWithErrors" computerName="PC-SFERRARI" duration="00:00:00.0014124" startTime="2021-01-09T11:12:25.1633164+00:00" endTime="2021-01-09T11:12:25.1648874+00:00" testType="13cdc9d9-ddb5-4fa4-a97d-d965ccfc6d4b" outcome="Passed" testListId="8c84fa94-04c1-424b-9868-57a2d4851a1d" relativeResultsDirectory="cdf7ee5d-90fe-4046-9de8-8e34bbceddf5" />
    <UnitTestResult executionId="80cd38e6-699c-4c49-bada-4b28ee9da658" testId="09ed491f-8351-157e-f768-52cec1e7497e" testName="IsNullOrAny_AddRules_Passing_InvalidArguments_Returns_Errors" computerName="PC-SFERRARI" duration="00:00:00.0037089" startTime="2021-01-09T11:12:25.2818732+00:00" endTime="2021-01-09T11:12:25.2858235+00:00" testType="13cdc9d9-ddb5-4fa4-a97d-d965ccfc6d4b" outcome="Passed" testListId="8c84fa94-04c1-424b-9868-57a2d4851a1d" relativeResultsDirectory="80cd38e6-699c-4c49-bada-4b28ee9da658" />
    <UnitTestResult executionId="358ae828-11f9-4dfa-829f-867326ef0071" testId="ee7d33d6-4f97-e3cc-f457-36caabfe550a" testName="Name_AddRules_Passing_InvalidArguments_Returns_Errors" computerName="PC-SFERRARI" duration="00:00:00.0017305" startTime="2021-01-09T11:12:25.2979576+00:00" endTime="2021-01-09T11:12:25.2999221+00:00" testType="13cdc9d9-ddb5-4fa4-a97d-d965ccfc6d4b" outcome="Passed" testListId="8c84fa94-04c1-424b-9868-57a2d4851a1d" relativeResultsDirectory="358ae828-11f9-4dfa-829f-867326ef0071" />
    <UnitTestResult executionId="be223ae9-28f1-443f-a3b3-9d5abb96c313" testId="13d7d163-9ba7-ab26-c816-776985513923" testName="Validate_Endpoint_AddPerson" computerName="PC-SFERRARI" duration="00:00:00.4208333" startTime="2021-01-09T11:12:26.0411472+00:00" endTime="2021-01-09T11:12:26.4622583+00:00" testType="13cdc9d9-ddb5-4fa4-a97d-d965ccfc6d4b" outcome="Passed" testListId="8c84fa94-04c1-424b-9868-57a2d4851a1d" relativeResultsDirectory="be223ae9-28f1-443f-a3b3-9d5abb96c313">
      <Output>
        <StdOut>{"type":"https://tools.ietf.org/html/rfc7231#section-6.5.1","title":"One or more validation errors occurred.","status":400,"traceId":"0HM5KHTP57VKP","errors":{"$":["The input does not contain any JSON tokens. Expected the input to start with a valid JSON token, when isFinalBlock is true. Path: $ | LineNumber: 0 | BytePositionInLine: 0."],"dto":["The dto field is required."]}}</StdOut>
      </Output>
    </UnitTestResult>
    <UnitTestResult executionId="0c2ad033-66e5-4e0b-9526-7ded3946464e" testId="3f872058-72c8-2a16-81cc-cc54ecf2e617" testName="FileExtension_AddRules_Passing_InvalidArguments_Returns_Errors" computerName="PC-SFERRARI" duration="00:00:00.0019615" startTime="2021-01-09T11:12:25.2463107+00:00" endTime="2021-01-09T11:12:25.2484325+00:00" testType="13cdc9d9-ddb5-4fa4-a97d-d965ccfc6d4b" outcome="Passed" testListId="8c84fa94-04c1-424b-9868-57a2d4851a1d" relativeResultsDirectory="0c2ad033-66e5-4e0b-9526-7ded3946464e" />
    <UnitTestResult executionId="8ab527e4-9ba1-4cf9-8662-322d645dc0d3" testId="1df3cd8c-aa5c-bd5a-4479-33851c3f1b94" testName="IsDirectory_PassingInvalidArgumentsReturnErrors" computerName="PC-SFERRARI" duration="00:00:00.0488284" startTime="2021-01-09T11:12:23.8700059+00:00" endTime="2021-01-09T11:12:23.9745245+00:00" testType="13cdc9d9-ddb5-4fa4-a97d-d965ccfc6d4b" outcome="Passed" testListId="8c84fa94-04c1-424b-9868-57a2d4851a1d" relativeResultsDirectory="8ab527e4-9ba1-4cf9-8662-322d645dc0d3" />
    <UnitTestResult executionId="1554af54-6fa4-495c-abab-40c1d64c99e1" testId="b8f625ae-8ace-2ea9-d10f-163ee16f8108" testName="IsFileExtension_PassingInvalidArgumentsReturnErrors" computerName="PC-SFERRARI" duration="00:00:00.0018898" startTime="2021-01-09T11:12:23.9946244+00:00" endTime="2021-01-09T11:12:23.9966331+00:00" testType="13cdc9d9-ddb5-4fa4-a97d-d965ccfc6d4b" outcome="Passed" testListId="8c84fa94-04c1-424b-9868-57a2d4851a1d" relativeResultsDirectory="1554af54-6fa4-495c-abab-40c1d64c99e1" />
    <UnitTestResult executionId="9ea41736-28b0-439f-abed-c2c776e2baaf" testId="860aacc7-6d7e-e398-50c1-cb414db3a6c8" testName="IsRegex_PassingInvalidArgumentsReturnErrors" computerName="PC-SFERRARI" duration="00:00:00.0031535" startTime="2021-01-09T11:12:24.0757957+00:00" endTime="2021-01-09T11:12:24.0791689+00:00" testType="13cdc9d9-ddb5-4fa4-a97d-d965ccfc6d4b" outcome="Passed" testListId="8c84fa94-04c1-424b-9868-57a2d4851a1d" relativeResultsDirectory="9ea41736-28b0-439f-abed-c2c776e2baaf" />
    <UnitTestResult executionId="355179bd-7944-4b28-b506-ab07092dd365" testId="0187b6df-e70c-cff4-a1b5-86cd64d3fd57" testName="IsRange_PassingInvalidArgumentsReturnErrors" computerName="PC-SFERRARI" duration="00:00:00.0080335" startTime="2021-01-09T11:12:24.0675577+00:00" endTime="2021-01-09T11:12:24.0757301+00:00" testType="13cdc9d9-ddb5-4fa4-a97d-d965ccfc6d4b" outcome="Passed" testListId="8c84fa94-04c1-424b-9868-57a2d4851a1d" relativeResultsDirectory="355179bd-7944-4b28-b506-ab07092dd365" />
    <UnitTestResult executionId="22c1ff7f-cc86-4891-8d39-94c51ea65d25" testId="2384ca30-887e-9f93-205d-f933582dc531" testName="IsLess_AddRules_Passing_InvalidArguments_Returns_Errors" computerName="PC-SFERRARI" duration="00:00:00.0072117" startTime="2021-01-09T11:12:25.2744404+00:00" endTime="2021-01-09T11:12:25.2818178+00:00" testType="13cdc9d9-ddb5-4fa4-a97d-d965ccfc6d4b" outcome="Passed" testListId="8c84fa94-04c1-424b-9868-57a2d4851a1d" relativeResultsDirectory="22c1ff7f-cc86-4891-8d39-94c51ea65d25" />
    <UnitTestResult executionId="db262522-aa9b-46dd-b3db-7cfcd38729af" testId="01b3f9e0-4cea-f3f7-5362-8d8c10dbc5ea" testName="Subdomain_AddRules_Passing_InvalidArguments_Returns_Errors" computerName="PC-SFERRARI" duration="00:00:00.0014055" startTime="2021-01-09T11:12:25.2999490+00:00" endTime="2021-01-09T11:12:25.3014506+00:00" testType="13cdc9d9-ddb5-4fa4-a97d-d965ccfc6d4b" outcome="Passed" testListId="8c84fa94-04c1-424b-9868-57a2d4851a1d" relativeResultsDirectory="db262522-aa9b-46dd-b3db-7cfcd38729af" />
    <UnitTestResult executionId="8a47a6d7-7e70-413a-99ea-f2657535a3f9" testId="9e450fc9-c0e4-876e-9de2-46c40e450f93" testName="Example_Rules1" computerName="PC-SFERRARI" duration="00:00:00.0188816" startTime="2021-01-09T11:12:25.2255373+00:00" endTime="2021-01-09T11:12:25.2446274+00:00" testType="13cdc9d9-ddb5-4fa4-a97d-d965ccfc6d4b" outcome="Passed" testListId="8c84fa94-04c1-424b-9868-57a2d4851a1d" relativeResultsDirectory="8a47a6d7-7e70-413a-99ea-f2657535a3f9" />
    <UnitTestResult executionId="0ec8d050-2c52-4a07-a998-246308e63c64" testId="2fb4c1a5-5962-f3d1-a8c2-6d96687b2297" testName="Email_AddRules_Passing_InvalidArguments_Returns_Errors" computerName="PC-SFERRARI" duration="00:00:00.0112759" startTime="2021-01-09T11:12:25.1649129+00:00" endTime="2021-01-09T11:12:25.1767378+00:00" testType="13cdc9d9-ddb5-4fa4-a97d-d965ccfc6d4b" outcome="Passed" testListId="8c84fa94-04c1-424b-9868-57a2d4851a1d" relativeResultsDirectory="0ec8d050-2c52-4a07-a998-246308e63c64" />
    <UnitTestResult executionId="a8145107-888d-4093-9d76-aedb10c15921" testId="8ff727c0-e01e-5102-20ab-01e8d83a96bf" testName="IsLess_PassingInvalidArgumentsReturnErrors" computerName="PC-SFERRARI" duration="00:00:00.0038833" startTime="2021-01-09T11:12:24.0074693+00:00" endTime="2021-01-09T11:12:24.0114636+00:00" testType="13cdc9d9-ddb5-4fa4-a97d-d965ccfc6d4b" outcome="Passed" testListId="8c84fa94-04c1-424b-9868-57a2d4851a1d" relativeResultsDirectory="a8145107-888d-4093-9d76-aedb10c15921" />
    <UnitTestResult executionId="4ae468d7-3766-4398-bba6-d834dc708d85" testId="f22ed11f-e788-87d9-b9ee-7913518597db" testName="IsEqual_PassingInvalidArgumentsReturnErrors" computerName="PC-SFERRARI" duration="00:00:00.0041520" startTime="2021-01-09T11:12:23.9902952+00:00" endTime="2021-01-09T11:12:23.9945772+00:00" testType="13cdc9d9-ddb5-4fa4-a97d-d965ccfc6d4b" outcome="Passed" testListId="8c84fa94-04c1-424b-9868-57a2d4851a1d" relativeResultsDirectory="4ae468d7-3766-4398-bba6-d834dc708d85" />
    <UnitTestResult executionId="f4ae3af3-081c-42ae-9f70-c9a3822f0607" testId="c8567511-1a0b-211d-89bf-007b6556ff0f" testName="IsRegex_AddRules_Passing_InvalidArguments_Returns_Errors" computerName="PC-SFERRARI" duration="00:00:00.0033703" startTime="2021-01-09T11:12:25.2943241+00:00" endTime="2021-01-09T11:12:25.2978870+00:00" testType="13cdc9d9-ddb5-4fa4-a97d-d965ccfc6d4b" outcome="Passed" testListId="8c84fa94-04c1-424b-9868-57a2d4851a1d" relativeResultsDirectory="f4ae3af3-081c-42ae-9f70-c9a3822f0607" />
    <UnitTestResult executionId="e045cd28-5532-4881-9fb0-346478cda134" testId="bcd81ff7-11e4-9882-c9e1-dbde8069a89b" testName="IsCustom_AddRules_Passing_InvalidArguments_Returns_Errors" computerName="PC-SFERRARI" duration="00:00:00.0073364" startTime="2021-01-09T11:12:25.2508549+00:00" endTime="2021-01-09T11:12:25.2584020+00:00" testType="13cdc9d9-ddb5-4fa4-a97d-d965ccfc6d4b" outcome="Passed" testListId="8c84fa94-04c1-424b-9868-57a2d4851a1d" relativeResultsDirectory="e045cd28-5532-4881-9fb0-346478cda134" />
    <UnitTestResult executionId="fc391f2a-4f45-4f70-a493-8f047a15d32d" testId="6ff6975a-19be-51c8-1e11-c749b390f92e" testName="IsGreater_PassingInvalidArgumentsReturnErrors" computerName="PC-SFERRARI" duration="00:00:00.0085375" startTime="2021-01-09T11:12:23.9987910+00:00" endTime="2021-01-09T11:12:24.0074338+00:00" testType="13cdc9d9-ddb5-4fa4-a97d-d965ccfc6d4b" outcome="Passed" testListId="8c84fa94-04c1-424b-9868-57a2d4851a1d" relativeResultsDirectory="fc391f2a-4f45-4f70-a493-8f047a15d32d" />
    <UnitTestResult executionId="707a1dce-2273-4465-9241-fea82c4d106e" testId="9f577f44-05fc-0733-12a6-00cfc8d82cb7" testName="Validate_Domain_ChangeName" computerName="PC-SFERRARI" duration="00:00:00.0051848" startTime="2021-01-09T11:12:26.0356097+00:00" endTime="2021-01-09T11:12:26.0410363+00:00" testType="13cdc9d9-ddb5-4fa4-a97d-d965ccfc6d4b" outcome="Passed" testListId="8c84fa94-04c1-424b-9868-57a2d4851a1d" relativeResultsDirectory="707a1dce-2273-4465-9241-fea82c4d106e">
      <Output>
        <StdOut>null</StdOut>
      </Output>
    </UnitTestResult>
    <UnitTestResult executionId="91aa2115-abc4-44be-b63e-3875ee697b9d" testId="b8a7e8e2-ab9d-d162-491c-3134a1a2bd1e" testName="Passing_Exception_Returns_InternalServerErrorStatusWithMessage" computerName="PC-SFERRARI" duration="00:00:00.3106447" startTime="2021-01-09T11:12:24.7840831+00:00" endTime="2021-01-09T11:12:25.1420962+00:00" testType="13cdc9d9-ddb5-4fa4-a97d-d965ccfc6d4b" outcome="Passed" testListId="8c84fa94-04c1-424b-9868-57a2d4851a1d" relativeResultsDirectory="91aa2115-abc4-44be-b63e-3875ee697b9d" resultType="DataDrivenTest">
      <InnerResults>
        <UnitTestResult executionId="325101ce-c4d3-4e3b-83b8-8ac79d828de8" parentExecutionId="91aa2115-abc4-44be-b63e-3875ee697b9d" testId="b8a7e8e2-ab9d-d162-491c-3134a1a2bd1e" testName="Passing_Exception_Returns_InternalServerErrorStatusWithMessage (Development)" computerName="PC-SFERRARI" duration="00:00:00.3006773" startTime="2021-01-09T11:12:24.7840831+00:00" endTime="2021-01-09T11:12:25.1420962+00:00" testType="13cdc9d9-ddb5-4fa4-a97d-d965ccfc6d4b" outcome="Passed" testListId="8c84fa94-04c1-424b-9868-57a2d4851a1d" relativeResultsDirectory="325101ce-c4d3-4e3b-83b8-8ac79d828de8" dataRowInfo="1" resultType="DataDrivenDataRow" />
        <UnitTestResult executionId="63b86539-594e-40ce-98ad-e62ac474bc44" parentExecutionId="91aa2115-abc4-44be-b63e-3875ee697b9d" testId="b8a7e8e2-ab9d-d162-491c-3134a1a2bd1e" testName="Passing_Exception_Returns_InternalServerErrorStatusWithMessage (Production)" computerName="PC-SFERRARI" duration="00:00:00.0026141" startTime="2021-01-09T11:12:24.7840831+00:00" endTime="2021-01-09T11:12:25.1420962+00:00" testType="13cdc9d9-ddb5-4fa4-a97d-d965ccfc6d4b" outcome="Passed" testListId="8c84fa94-04c1-424b-9868-57a2d4851a1d" relativeResultsDirectory="63b86539-594e-40ce-98ad-e62ac474bc44" dataRowInfo="2" resultType="DataDrivenDataRow" />
      </InnerResults>
    </UnitTestResult>
    <UnitTestResult executionId="a909aba3-1643-48ed-b8cf-73e14b067a18" testId="9c5e79d3-cdc4-a796-9313-517e5d7f6008" testName="IsSubdomain_PassingInvalidArgumentsReturnErrors" computerName="PC-SFERRARI" duration="00:00:00.0021669" startTime="2021-01-09T11:12:24.0792165+00:00" endTime="2021-01-09T11:12:24.0815374+00:00" testType="13cdc9d9-ddb5-4fa4-a97d-d965ccfc6d4b" outcome="Passed" testListId="8c84fa94-04c1-424b-9868-57a2d4851a1d" relativeResultsDirectory="a909aba3-1643-48ed-b8cf-73e14b067a18" />
    <UnitTestResult executionId="860c8cdc-d573-4095-b355-e14d71e3fc3b" testId="45495191-cedd-64eb-789f-c2cd210007ed" testName="IsRange_AddRules_Passing_InvalidArguments_Returns_Errors" computerName="PC-SFERRARI" duration="00:00:00.0065104" startTime="2021-01-09T11:12:25.2876016+00:00" endTime="2021-01-09T11:12:25.2942743+00:00" testType="13cdc9d9-ddb5-4fa4-a97d-d965ccfc6d4b" outcome="Passed" testListId="8c84fa94-04c1-424b-9868-57a2d4851a1d" relativeResultsDirectory="860c8cdc-d573-4095-b355-e14d71e3fc3b" />
    <UnitTestResult executionId="638c0be4-4b32-4b44-a312-be9e38824ae9" testId="6c13e23c-3c31-e5b6-4059-f576f18cadc6" testName="IsGreater_AddRules_Passing_InvalidArguments_Returns_Errors" computerName="PC-SFERRARI" duration="00:00:00.0009635" startTime="2021-01-09T11:12:25.2643191+00:00" endTime="2021-01-09T11:12:25.2654028+00:00" testType="13cdc9d9-ddb5-4fa4-a97d-d965ccfc6d4b" outcome="Passed" testListId="8c84fa94-04c1-424b-9868-57a2d4851a1d" relativeResultsDirectory="638c0be4-4b32-4b44-a312-be9e38824ae9" />
    <UnitTestResult executionId="bd654659-699a-4ec8-b947-6854b5d47c33" testId="4153e580-3730-e7c5-7084-648bf5943281" testName="Example_Rules" computerName="PC-SFERRARI" duration="00:00:00.0084848" startTime="2021-01-09T11:12:25.2167672+00:00" endTime="2021-01-09T11:12:25.2254847+00:00" testType="13cdc9d9-ddb5-4fa4-a97d-d965ccfc6d4b" outcome="Passed" testListId="8c84fa94-04c1-424b-9868-57a2d4851a1d" relativeResultsDirectory="bd654659-699a-4ec8-b947-6854b5d47c33" />
    <UnitTestResult executionId="1932c6f0-a0bf-4c7a-ad6b-3e25569d4abc" testId="5b82dfbb-afa9-bc20-6dac-80ce9854c2f5" testName="Validate_Domain_AddPerson" computerName="PC-SFERRARI" duration="00:00:00.0322397" startTime="2021-01-09T11:12:25.9443910+00:00" endTime="2021-01-09T11:12:26.0244963+00:00" testType="13cdc9d9-ddb5-4fa4-a97d-d965ccfc6d4b" outcome="Passed" testListId="8c84fa94-04c1-424b-9868-57a2d4851a1d" relativeResultsDirectory="1932c6f0-a0bf-4c7a-ad6b-3e25569d4abc">
      <Output>
        <StdOut>null</StdOut>
      </Output>
    </UnitTestResult>
    <UnitTestResult executionId="5a079732-4f34-47fc-8177-5ae169366d79" testId="7856e401-58d5-ba3a-5308-600db6a57b94" testName="IsNullOrEmpty_AddRules_Passing_InvalidArguments_Returns_Errors" computerName="PC-SFERRARI" duration="00:00:00.0015203" startTime="2021-01-09T11:12:25.2858727+00:00" endTime="2021-01-09T11:12:25.2875591+00:00" testType="13cdc9d9-ddb5-4fa4-a97d-d965ccfc6d4b" outcome="Passed" testListId="8c84fa94-04c1-424b-9868-57a2d4851a1d" relativeResultsDirectory="5a079732-4f34-47fc-8177-5ae169366d79" />
    <UnitTestResult executionId="c0630044-e50b-4cba-9f58-bba9182e6b18" testId="288c5ca0-bf36-c20f-12e9-8a2884961ba3" testName="IsEqual_AddRules_Passing_InvalidArguments_Returns_Errors" computerName="PC-SFERRARI" duration="00:00:00.0034954" startTime="2021-01-09T11:12:25.2605703+00:00" endTime="2021-01-09T11:12:25.2642834+00:00" testType="13cdc9d9-ddb5-4fa4-a97d-d965ccfc6d4b" outcome="Passed" testListId="8c84fa94-04c1-424b-9868-57a2d4851a1d" relativeResultsDirectory="c0630044-e50b-4cba-9f58-bba9182e6b18" />
    <UnitTestResult executionId="b8aa5587-ce17-48fa-b36e-ad84a0908a88" testId="8120b77d-d089-3db9-b10e-64316a441772" testName="IsEmail_PassingInvalidArgumentsReturnErrors" computerName="PC-SFERRARI" duration="00:00:00.0053251" startTime="2021-01-09T11:12:23.9847181+00:00" endTime="2021-01-09T11:12:23.9902368+00:00" testType="13cdc9d9-ddb5-4fa4-a97d-d965ccfc6d4b" outcome="Passed" testListId="8c84fa94-04c1-424b-9868-57a2d4851a1d" relativeResultsDirectory="b8aa5587-ce17-48fa-b36e-ad84a0908a88" />
    <UnitTestResult executionId="70770814-07e1-44b0-840b-cd905b06abdc" testId="137ba50e-0a96-8baa-fcb3-58b17d990c20" testName="IsFile_PassingInvalidArgumentsReturnErrors" computerName="PC-SFERRARI" duration="00:00:00.0019638" startTime="2021-01-09T11:12:23.9966694+00:00" endTime="2021-01-09T11:12:23.9987583+00:00" testType="13cdc9d9-ddb5-4fa4-a97d-d965ccfc6d4b" outcome="Passed" testListId="8c84fa94-04c1-424b-9868-57a2d4851a1d" relativeResultsDirectory="70770814-07e1-44b0-840b-cd905b06abdc" />
    <UnitTestResult executionId="8ac46828-f431-46e3-afcf-1ffa71f53bc7" testId="3a0e3d39-4aa3-ec2c-bbc8-6f26d452a904" testName="IsDirectoryAddRules_Passing_InvalidArguments_Returns_Errors" computerName="PC-SFERRARI" duration="00:00:00.0019087" startTime="2021-01-09T11:12:25.2584708+00:00" endTime="2021-01-09T11:12:25.2605202+00:00" testType="13cdc9d9-ddb5-4fa4-a97d-d965ccfc6d4b" outcome="Passed" testListId="8c84fa94-04c1-424b-9868-57a2d4851a1d" relativeResultsDirectory="8ac46828-f431-46e3-afcf-1ffa71f53bc7" />
    <UnitTestResult executionId="e4122200-3c66-4977-9749-151509c6e087" testId="709218aa-5eb3-324d-e60f-a03ead6f8297" testName="IsName_PassingInvalidArgumentsReturnErrors" computerName="PC-SFERRARI" duration="00:00:00.0032777" startTime="2021-01-09T11:12:24.0115003+00:00" endTime="2021-01-09T11:12:24.0148926+00:00" testType="13cdc9d9-ddb5-4fa4-a97d-d965ccfc6d4b" outcome="Passed" testListId="8c84fa94-04c1-424b-9868-57a2d4851a1d" relativeResultsDirectory="e4122200-3c66-4977-9749-151509c6e087" />
    <UnitTestResult executionId="1b744696-ba6d-49c9-b231-0597826b76c7" testId="7f9ebfde-3fa2-c72f-e7a4-4fdb73570bd3" testName="File_AddRules_Passing_InvalidArguments_Returns_Errors" computerName="PC-SFERRARI" duration="00:00:00.0021410" startTime="2021-01-09T11:12:25.2484849+00:00" endTime="2021-01-09T11:12:25.2508134+00:00" testType="13cdc9d9-ddb5-4fa4-a97d-d965ccfc6d4b" outcome="Passed" testListId="8c84fa94-04c1-424b-9868-57a2d4851a1d" relativeResultsDirectory="1b744696-ba6d-49c9-b231-0597826b76c7" />
    <UnitTestResult executionId="9face31e-6fa1-4f42-8e92-83d4084ee42d" testId="6e5eb92f-ba99-0d6d-b737-0f0ac6ebd71a" testName="IsNullOrEmpty_PassingInvalidArgumentsReturnErrors" computerName="PC-SFERRARI" duration="00:00:00.0063590" startTime="2021-01-09T11:12:24.0609561+00:00" endTime="2021-01-09T11:12:24.0675201+00:00" testType="13cdc9d9-ddb5-4fa4-a97d-d965ccfc6d4b" outcome="Passed" testListId="8c84fa94-04c1-424b-9868-57a2d4851a1d" relativeResultsDirectory="9face31e-6fa1-4f42-8e92-83d4084ee42d" />
    <UnitTestResult executionId="fecc4b28-d8bc-451e-94c7-a4b39c35d6ad" testId="50eb0f5c-4913-f185-47c9-adcceeb5aca4" testName="IsNullOrAny_PassingInvalidArgumentsReturnErrors" computerName="PC-SFERRARI" duration="00:00:00.0022891" startTime="2021-01-09T11:12:24.0149232+00:00" endTime="2021-01-09T11:12:24.0173025+00:00" testType="13cdc9d9-ddb5-4fa4-a97d-d965ccfc6d4b" outcome="Passed" testListId="8c84fa94-04c1-424b-9868-57a2d4851a1d" relativeResultsDirectory="fecc4b28-d8bc-451e-94c7-a4b39c35d6ad" />
  </Results>
  <TestDefinitions>
    <UnitTest name="IsName_PassingInvalidArgumentsReturnErrors" storage="d:\sferrari\01 - trabajo\repos\netcore\template-netcore-validations\kitpymes.core.validations.fluentvalidation.tests\bin\debug\netcoreapp3.0\kitpymes.core.validations.fluentvalidation.tests.dll" id="709218aa-5eb3-324d-e60f-a03ead6f8297">
      <Execution id="e4122200-3c66-4977-9749-151509c6e087" />
      <TestMethod codeBase="D:\SFERRARI\01 - TRABAJO\repos\netcore\template-netcore-validations\Kitpymes.Core.Validations.FluentValidation.Tests\bin\Debug\netcoreapp3.0\Kitpymes.Core.Validations.FluentValidation.Tests.dll" adapterTypeName="executor://mstestadapter/v2" className="Kitpymes.Core.Validations.FluentValidation.Tests.FluentValidatorTests" name="IsName_PassingInvalidArgumentsReturnErrors" />
    </UnitTest>
    <UnitTest name="IsRegex_AddRules_Passing_InvalidArguments_Returns_Errors" storage="d:\sferrari\01 - trabajo\repos\netcore\template-netcore-validations\kitpymes.core.validations.tests\bin\debug\netcoreapp3.0\kitpymes.core.validations.tests.dll" id="c8567511-1a0b-211d-89bf-007b6556ff0f">
      <Execution id="f4ae3af3-081c-42ae-9f70-c9a3822f0607" />
      <TestMethod codeBase="D:\SFERRARI\01 - TRABAJO\repos\netcore\template-netcore-validations\Kitpymes.Core.Validations.Tests\bin\Debug\netcoreapp3.0\Kitpymes.Core.Validations.Tests.dll" adapterTypeName="executor://mstestadapter/v2" className="Kitpymes.Core.Validations.Tests.ValidatorTests" name="IsRegex_AddRules_Passing_InvalidArguments_Returns_Errors" />
    </UnitTest>
    <UnitTest name="Email_AddRules_Passing_InvalidArguments_Returns_Errors" storage="d:\sferrari\01 - trabajo\repos\netcore\template-netcore-validations\kitpymes.core.validations.tests\bin\debug\netcoreapp3.0\kitpymes.core.validations.tests.dll" id="2fb4c1a5-5962-f3d1-a8c2-6d96687b2297">
      <Execution id="0ec8d050-2c52-4a07-a998-246308e63c64" />
      <TestMethod codeBase="D:\SFERRARI\01 - TRABAJO\repos\netcore\template-netcore-validations\Kitpymes.Core.Validations.Tests\bin\Debug\netcoreapp3.0\Kitpymes.Core.Validations.Tests.dll" adapterTypeName="executor://mstestadapter/v2" className="Kitpymes.Core.Validations.Tests.ValidatorTests" name="Email_AddRules_Passing_InvalidArguments_Returns_Errors" />
    </UnitTest>
    <UnitTest name="Passing_UnauthorizedAccessException_Returns_UnauthorizedStatusWithMessage" storage="d:\sferrari\01 - trabajo\repos\netcore\template-netcore-validations\kitpymes.core.validations.tests\bin\debug\netcoreapp3.0\kitpymes.core.validations.tests.dll" id="cbf7b6e0-8505-a2ba-46b0-e3091e60d288">
      <Execution id="1f39ed36-5b76-4556-8ac3-8c90067d8e73" />
      <TestMethod codeBase="D:\SFERRARI\01 - TRABAJO\repos\netcore\template-netcore-validations\Kitpymes.Core.Validations.Tests\bin\Debug\netcoreapp3.0\Kitpymes.Core.Validations.Tests.dll" adapterTypeName="executor://mstestadapter/v2" className="Kitpymes.Core.Validations.Tests.ValidationsMiddlewareTests" name="Passing_UnauthorizedAccessException_Returns_UnauthorizedStatusWithMessage" />
    </UnitTest>
    <UnitTest name="IsRange_AddRules_Passing_InvalidArguments_Returns_Errors" storage="d:\sferrari\01 - trabajo\repos\netcore\template-netcore-validations\kitpymes.core.validations.tests\bin\debug\netcoreapp3.0\kitpymes.core.validations.tests.dll" id="45495191-cedd-64eb-789f-c2cd210007ed">
      <Execution id="860c8cdc-d573-4095-b355-e14d71e3fc3b" />
      <TestMethod codeBase="D:\SFERRARI\01 - TRABAJO\repos\netcore\template-netcore-validations\Kitpymes.Core.Validations.Tests\bin\Debug\netcoreapp3.0\Kitpymes.Core.Validations.Tests.dll" adapterTypeName="executor://mstestadapter/v2" className="Kitpymes.Core.Validations.Tests.ValidatorTests" name="IsRange_AddRules_Passing_InvalidArguments_Returns_Errors" />
    </UnitTest>
    <UnitTest name="File_AddRules_Passing_InvalidArguments_Returns_Errors" storage="d:\sferrari\01 - trabajo\repos\netcore\template-netcore-validations\kitpymes.core.validations.tests\bin\debug\netcoreapp3.0\kitpymes.core.validations.tests.dll" id="7f9ebfde-3fa2-c72f-e7a4-4fdb73570bd3">
      <Execution id="1b744696-ba6d-49c9-b231-0597826b76c7" />
      <TestMethod codeBase="D:\SFERRARI\01 - TRABAJO\repos\netcore\template-netcore-validations\Kitpymes.Core.Validations.Tests\bin\Debug\netcoreapp3.0\Kitpymes.Core.Validations.Tests.dll" adapterTypeName="executor://mstestadapter/v2" className="Kitpymes.Core.Validations.Tests.ValidatorTests" name="File_AddRules_Passing_InvalidArguments_Returns_Errors" />
    </UnitTest>
    <UnitTest name="Example_Rules" storage="d:\sferrari\01 - trabajo\repos\netcore\template-netcore-validations\kitpymes.core.validations.tests\bin\debug\netcoreapp3.0\kitpymes.core.validations.tests.dll" id="4153e580-3730-e7c5-7084-648bf5943281">
      <Execution id="bd654659-699a-4ec8-b947-6854b5d47c33" />
      <TestMethod codeBase="D:\SFERRARI\01 - TRABAJO\repos\netcore\template-netcore-validations\Kitpymes.Core.Validations.Tests\bin\Debug\netcoreapp3.0\Kitpymes.Core.Validations.Tests.dll" adapterTypeName="executor://mstestadapter/v2" className="Kitpymes.Core.Validations.Tests.ValidatorTests" name="Example_Rules" />
    </UnitTest>
    <UnitTest name="IsRegex_PassingInvalidArgumentsReturnErrors" storage="d:\sferrari\01 - trabajo\repos\netcore\template-netcore-validations\kitpymes.core.validations.fluentvalidation.tests\bin\debug\netcoreapp3.0\kitpymes.core.validations.fluentvalidation.tests.dll" id="860aacc7-6d7e-e398-50c1-cb414db3a6c8">
      <Execution id="9ea41736-28b0-439f-abed-c2c776e2baaf" />
      <TestMethod codeBase="D:\SFERRARI\01 - TRABAJO\repos\netcore\template-netcore-validations\Kitpymes.Core.Validations.FluentValidation.Tests\bin\Debug\netcoreapp3.0\Kitpymes.Core.Validations.FluentValidation.Tests.dll" adapterTypeName="executor://mstestadapter/v2" className="Kitpymes.Core.Validations.FluentValidation.Tests.FluentValidatorTests" name="IsRegex_PassingInvalidArgumentsReturnErrors" />
    </UnitTest>
    <UnitTest name="IsDirectoryAddRules_Passing_InvalidArguments_Returns_Errors" storage="d:\sferrari\01 - trabajo\repos\netcore\template-netcore-validations\kitpymes.core.validations.tests\bin\debug\netcoreapp3.0\kitpymes.core.validations.tests.dll" id="3a0e3d39-4aa3-ec2c-bbc8-6f26d452a904">
      <Execution id="8ac46828-f431-46e3-afcf-1ffa71f53bc7" />
      <TestMethod codeBase="D:\SFERRARI\01 - TRABAJO\repos\netcore\template-netcore-validations\Kitpymes.Core.Validations.Tests\bin\Debug\netcoreapp3.0\Kitpymes.Core.Validations.Tests.dll" adapterTypeName="executor://mstestadapter/v2" className="Kitpymes.Core.Validations.Tests.ValidatorTests" name="IsDirectoryAddRules_Passing_InvalidArguments_Returns_Errors" />
    </UnitTest>
    <UnitTest name="IsFileExtension_PassingInvalidArgumentsReturnErrors" storage="d:\sferrari\01 - trabajo\repos\netcore\template-netcore-validations\kitpymes.core.validations.fluentvalidation.tests\bin\debug\netcoreapp3.0\kitpymes.core.validations.fluentvalidation.tests.dll" id="b8f625ae-8ace-2ea9-d10f-163ee16f8108">
      <Execution id="1554af54-6fa4-495c-abab-40c1d64c99e1" />
      <TestMethod codeBase="D:\SFERRARI\01 - TRABAJO\repos\netcore\template-netcore-validations\Kitpymes.Core.Validations.FluentValidation.Tests\bin\Debug\netcoreapp3.0\Kitpymes.Core.Validations.FluentValidation.Tests.dll" adapterTypeName="executor://mstestadapter/v2" className="Kitpymes.Core.Validations.FluentValidation.Tests.FluentValidatorTests" name="IsFileExtension_PassingInvalidArgumentsReturnErrors" />
    </UnitTest>
    <UnitTest name="IsNullOrAny_PassingInvalidArgumentsReturnErrors" storage="d:\sferrari\01 - trabajo\repos\netcore\template-netcore-validations\kitpymes.core.validations.fluentvalidation.tests\bin\debug\netcoreapp3.0\kitpymes.core.validations.fluentvalidation.tests.dll" id="50eb0f5c-4913-f185-47c9-adcceeb5aca4">
      <Execution id="fecc4b28-d8bc-451e-94c7-a4b39c35d6ad" />
      <TestMethod codeBase="D:\SFERRARI\01 - TRABAJO\repos\netcore\template-netcore-validations\Kitpymes.Core.Validations.FluentValidation.Tests\bin\Debug\netcoreapp3.0\Kitpymes.Core.Validations.FluentValidation.Tests.dll" adapterTypeName="executor://mstestadapter/v2" className="Kitpymes.Core.Validations.FluentValidation.Tests.FluentValidatorTests" name="IsNullOrAny_PassingInvalidArgumentsReturnErrors" />
    </UnitTest>
    <UnitTest name="IsEmail_PassingInvalidArgumentsReturnErrors" storage="d:\sferrari\01 - trabajo\repos\netcore\template-netcore-validations\kitpymes.core.validations.fluentvalidation.tests\bin\debug\netcoreapp3.0\kitpymes.core.validations.fluentvalidation.tests.dll" id="8120b77d-d089-3db9-b10e-64316a441772">
      <Execution id="b8aa5587-ce17-48fa-b36e-ad84a0908a88" />
      <TestMethod codeBase="D:\SFERRARI\01 - TRABAJO\repos\netcore\template-netcore-validations\Kitpymes.Core.Validations.FluentValidation.Tests\bin\Debug\netcoreapp3.0\Kitpymes.Core.Validations.FluentValidation.Tests.dll" adapterTypeName="executor://mstestadapter/v2" className="Kitpymes.Core.Validations.FluentValidation.Tests.FluentValidatorTests" name="IsEmail_PassingInvalidArgumentsReturnErrors" />
    </UnitTest>
    <UnitTest name="Validate_Domain_ChangeName" storage="d:\sferrari\01 - trabajo\repos\netcore\template-netcore-validations\tests\tests.api.endpointtests\bin\debug\netcoreapp3.0\tests.api.endpointstests.dll" id="9f577f44-05fc-0733-12a6-00cfc8d82cb7">
      <Execution id="707a1dce-2273-4465-9241-fea82c4d106e" />
      <TestMethod codeBase="D:\SFERRARI\01 - TRABAJO\repos\netcore\template-netcore-validations\tests\Tests.Api.EndpointTests\bin\Debug\netcoreapp3.0\Tests.Api.EndpointsTests.dll" adapterTypeName="executor://mstestadapter/v2" className="Tests.Api.EndpointsTests.ValidatorTests" name="Validate_Domain_ChangeName" />
    </UnitTest>
    <UnitTest name="IsGreater_PassingInvalidArgumentsReturnErrors" storage="d:\sferrari\01 - trabajo\repos\netcore\template-netcore-validations\kitpymes.core.validations.fluentvalidation.tests\bin\debug\netcoreapp3.0\kitpymes.core.validations.fluentvalidation.tests.dll" id="6ff6975a-19be-51c8-1e11-c749b390f92e">
      <Execution id="fc391f2a-4f45-4f70-a493-8f047a15d32d" />
      <TestMethod codeBase="D:\SFERRARI\01 - TRABAJO\repos\netcore\template-netcore-validations\Kitpymes.Core.Validations.FluentValidation.Tests\bin\Debug\netcoreapp3.0\Kitpymes.Core.Validations.FluentValidation.Tests.dll" adapterTypeName="executor://mstestadapter/v2" className="Kitpymes.Core.Validations.FluentValidation.Tests.FluentValidatorTests" name="IsGreater_PassingInvalidArgumentsReturnErrors" />
    </UnitTest>
    <UnitTest name="IsSubdomain_PassingInvalidArgumentsReturnErrors" storage="d:\sferrari\01 - trabajo\repos\netcore\template-netcore-validations\kitpymes.core.validations.fluentvalidation.tests\bin\debug\netcoreapp3.0\kitpymes.core.validations.fluentvalidation.tests.dll" id="9c5e79d3-cdc4-a796-9313-517e5d7f6008">
      <Execution id="a909aba3-1643-48ed-b8cf-73e14b067a18" />
      <TestMethod codeBase="D:\SFERRARI\01 - TRABAJO\repos\netcore\template-netcore-validations\Kitpymes.Core.Validations.FluentValidation.Tests\bin\Debug\netcoreapp3.0\Kitpymes.Core.Validations.FluentValidation.Tests.dll" adapterTypeName="executor://mstestadapter/v2" className="Kitpymes.Core.Validations.FluentValidation.Tests.FluentValidatorTests" name="IsSubdomain_PassingInvalidArgumentsReturnErrors" />
    </UnitTest>
    <UnitTest name="IsEqual_PassingInvalidArgumentsReturnErrors" storage="d:\sferrari\01 - trabajo\repos\netcore\template-netcore-validations\kitpymes.core.validations.fluentvalidation.tests\bin\debug\netcoreapp3.0\kitpymes.core.validations.fluentvalidation.tests.dll" id="f22ed11f-e788-87d9-b9ee-7913518597db">
      <Execution id="4ae468d7-3766-4398-bba6-d834dc708d85" />
      <TestMethod codeBase="D:\SFERRARI\01 - TRABAJO\repos\netcore\template-netcore-validations\Kitpymes.Core.Validations.FluentValidation.Tests\bin\Debug\netcoreapp3.0\Kitpymes.Core.Validations.FluentValidation.Tests.dll" adapterTypeName="executor://mstestadapter/v2" className="Kitpymes.Core.Validations.FluentValidation.Tests.FluentValidatorTests" name="IsEqual_PassingInvalidArgumentsReturnErrors" />
    </UnitTest>
    <UnitTest name="IsLess_AddRules_Passing_InvalidArguments_Returns_Errors" storage="d:\sferrari\01 - trabajo\repos\netcore\template-netcore-validations\kitpymes.core.validations.tests\bin\debug\netcoreapp3.0\kitpymes.core.validations.tests.dll" id="2384ca30-887e-9f93-205d-f933582dc531">
      <Execution id="22c1ff7f-cc86-4891-8d39-94c51ea65d25" />
      <TestMethod codeBase="D:\SFERRARI\01 - TRABAJO\repos\netcore\template-netcore-validations\Kitpymes.Core.Validations.Tests\bin\Debug\netcoreapp3.0\Kitpymes.Core.Validations.Tests.dll" adapterTypeName="executor://mstestadapter/v2" className="Kitpymes.Core.Validations.Tests.ValidatorTests" name="IsLess_AddRules_Passing_InvalidArguments_Returns_Errors" />
    </UnitTest>
    <UnitTest name="IsNullOrAny_AddRules_Passing_InvalidArguments_Returns_Errors" storage="d:\sferrari\01 - trabajo\repos\netcore\template-netcore-validations\kitpymes.core.validations.tests\bin\debug\netcoreapp3.0\kitpymes.core.validations.tests.dll" id="09ed491f-8351-157e-f768-52cec1e7497e">
      <Execution id="80cd38e6-699c-4c49-bada-4b28ee9da658" />
      <TestMethod codeBase="D:\SFERRARI\01 - TRABAJO\repos\netcore\template-netcore-validations\Kitpymes.Core.Validations.Tests\bin\Debug\netcoreapp3.0\Kitpymes.Core.Validations.Tests.dll" adapterTypeName="executor://mstestadapter/v2" className="Kitpymes.Core.Validations.Tests.ValidatorTests" name="IsNullOrAny_AddRules_Passing_InvalidArguments_Returns_Errors" />
    </UnitTest>
    <UnitTest name="Example_Rules1" storage="d:\sferrari\01 - trabajo\repos\netcore\template-netcore-validations\kitpymes.core.validations.tests\bin\debug\netcoreapp3.0\kitpymes.core.validations.tests.dll" id="9e450fc9-c0e4-876e-9de2-46c40e450f93">
      <Execution id="8a47a6d7-7e70-413a-99ea-f2657535a3f9" />
      <TestMethod codeBase="D:\SFERRARI\01 - TRABAJO\repos\netcore\template-netcore-validations\Kitpymes.Core.Validations.Tests\bin\Debug\netcoreapp3.0\Kitpymes.Core.Validations.Tests.dll" adapterTypeName="executor://mstestadapter/v2" className="Kitpymes.Core.Validations.Tests.ValidatorTests" name="Example_Rules1" />
    </UnitTest>
    <UnitTest name="IsLess_PassingInvalidArgumentsReturnErrors" storage="d:\sferrari\01 - trabajo\repos\netcore\template-netcore-validations\kitpymes.core.validations.fluentvalidation.tests\bin\debug\netcoreapp3.0\kitpymes.core.validations.fluentvalidation.tests.dll" id="8ff727c0-e01e-5102-20ab-01e8d83a96bf">
      <Execution id="a8145107-888d-4093-9d76-aedb10c15921" />
      <TestMethod codeBase="D:\SFERRARI\01 - TRABAJO\repos\netcore\template-netcore-validations\Kitpymes.Core.Validations.FluentValidation.Tests\bin\Debug\netcoreapp3.0\Kitpymes.Core.Validations.FluentValidation.Tests.dll" adapterTypeName="executor://mstestadapter/v2" className="Kitpymes.Core.Validations.FluentValidation.Tests.FluentValidatorTests" name="IsLess_PassingInvalidArgumentsReturnErrors" />
    </UnitTest>
    <UnitTest name="FileExtension_AddRules_Passing_InvalidArguments_Returns_Errors" storage="d:\sferrari\01 - trabajo\repos\netcore\template-netcore-validations\kitpymes.core.validations.tests\bin\debug\netcoreapp3.0\kitpymes.core.validations.tests.dll" id="3f872058-72c8-2a16-81cc-cc54ecf2e617">
      <Execution id="0c2ad033-66e5-4e0b-9526-7ded3946464e" />
      <TestMethod codeBase="D:\SFERRARI\01 - TRABAJO\repos\netcore\template-netcore-validations\Kitpymes.Core.Validations.Tests\bin\Debug\netcoreapp3.0\Kitpymes.Core.Validations.Tests.dll" adapterTypeName="executor://mstestadapter/v2" className="Kitpymes.Core.Validations.Tests.ValidatorTests" name="FileExtension_AddRules_Passing_InvalidArguments_Returns_Errors" />
    </UnitTest>
    <UnitTest name="Validate_Domain_AddPerson" storage="d:\sferrari\01 - trabajo\repos\netcore\template-netcore-validations\tests\tests.api.endpointtests\bin\debug\netcoreapp3.0\tests.api.endpointstests.dll" id="5b82dfbb-afa9-bc20-6dac-80ce9854c2f5">
      <Execution id="1932c6f0-a0bf-4c7a-ad6b-3e25569d4abc" />
      <TestMethod codeBase="D:\SFERRARI\01 - TRABAJO\repos\netcore\template-netcore-validations\tests\Tests.Api.EndpointTests\bin\Debug\netcoreapp3.0\Tests.Api.EndpointsTests.dll" adapterTypeName="executor://mstestadapter/v2" className="Tests.Api.EndpointsTests.ValidatorTests" name="Validate_Domain_AddPerson" />
    </UnitTest>
    <UnitTest name="Subdomain_AddRules_Passing_InvalidArguments_Returns_Errors" storage="d:\sferrari\01 - trabajo\repos\netcore\template-netcore-validations\kitpymes.core.validations.tests\bin\debug\netcoreapp3.0\kitpymes.core.validations.tests.dll" id="01b3f9e0-4cea-f3f7-5362-8d8c10dbc5ea">
      <Execution id="db262522-aa9b-46dd-b3db-7cfcd38729af" />
      <TestMethod codeBase="D:\SFERRARI\01 - TRABAJO\repos\netcore\template-netcore-validations\Kitpymes.Core.Validations.Tests\bin\Debug\netcoreapp3.0\Kitpymes.Core.Validations.Tests.dll" adapterTypeName="executor://mstestadapter/v2" className="Kitpymes.Core.Validations.Tests.ValidatorTests" name="Subdomain_AddRules_Passing_InvalidArguments_Returns_Errors" />
    </UnitTest>
    <UnitTest name="IsGreater_AddRules_Passing_InvalidArguments_Returns_Errors" storage="d:\sferrari\01 - trabajo\repos\netcore\template-netcore-validations\kitpymes.core.validations.tests\bin\debug\netcoreapp3.0\kitpymes.core.validations.tests.dll" id="6c13e23c-3c31-e5b6-4059-f576f18cadc6">
      <Execution id="638c0be4-4b32-4b44-a312-be9e38824ae9" />
      <TestMethod codeBase="D:\SFERRARI\01 - TRABAJO\repos\netcore\template-netcore-validations\Kitpymes.Core.Validations.Tests\bin\Debug\netcoreapp3.0\Kitpymes.Core.Validations.Tests.dll" adapterTypeName="executor://mstestadapter/v2" className="Kitpymes.Core.Validations.Tests.ValidatorTests" name="IsGreater_AddRules_Passing_InvalidArguments_Returns_Errors" />
    </UnitTest>
    <UnitTest name="IsFile_PassingInvalidArgumentsReturnErrors" storage="d:\sferrari\01 - trabajo\repos\netcore\template-netcore-validations\kitpymes.core.validations.fluentvalidation.tests\bin\debug\netcoreapp3.0\kitpymes.core.validations.fluentvalidation.tests.dll" id="137ba50e-0a96-8baa-fcb3-58b17d990c20">
      <Execution id="70770814-07e1-44b0-840b-cd905b06abdc" />
      <TestMethod codeBase="D:\SFERRARI\01 - TRABAJO\repos\netcore\template-netcore-validations\Kitpymes.Core.Validations.FluentValidation.Tests\bin\Debug\netcoreapp3.0\Kitpymes.Core.Validations.FluentValidation.Tests.dll" adapterTypeName="executor://mstestadapter/v2" className="Kitpymes.Core.Validations.FluentValidation.Tests.FluentValidatorTests" name="IsFile_PassingInvalidArgumentsReturnErrors" />
    </UnitTest>
    <UnitTest name="IsNullOrEmpty_AddRules_Passing_InvalidArguments_Returns_Errors" storage="d:\sferrari\01 - trabajo\repos\netcore\template-netcore-validations\kitpymes.core.validations.tests\bin\debug\netcoreapp3.0\kitpymes.core.validations.tests.dll" id="7856e401-58d5-ba3a-5308-600db6a57b94">
      <Execution id="5a079732-4f34-47fc-8177-5ae169366d79" />
      <TestMethod codeBase="D:\SFERRARI\01 - TRABAJO\repos\netcore\template-netcore-validations\Kitpymes.Core.Validations.Tests\bin\Debug\netcoreapp3.0\Kitpymes.Core.Validations.Tests.dll" adapterTypeName="executor://mstestadapter/v2" className="Kitpymes.Core.Validations.Tests.ValidatorTests" name="IsNullOrEmpty_AddRules_Passing_InvalidArguments_Returns_Errors" />
    </UnitTest>
    <UnitTest name="IsEqual_AddRules_Passing_InvalidArguments_Returns_Errors" storage="d:\sferrari\01 - trabajo\repos\netcore\template-netcore-validations\kitpymes.core.validations.tests\bin\debug\netcoreapp3.0\kitpymes.core.validations.tests.dll" id="288c5ca0-bf36-c20f-12e9-8a2884961ba3">
      <Execution id="c0630044-e50b-4cba-9f58-bba9182e6b18" />
      <TestMethod codeBase="D:\SFERRARI\01 - TRABAJO\repos\netcore\template-netcore-validations\Kitpymes.Core.Validations.Tests\bin\Debug\netcoreapp3.0\Kitpymes.Core.Validations.Tests.dll" adapterTypeName="executor://mstestadapter/v2" className="Kitpymes.Core.Validations.Tests.ValidatorTests" name="IsEqual_AddRules_Passing_InvalidArguments_Returns_Errors" />
    </UnitTest>
    <UnitTest name="Name_AddRules_Passing_InvalidArguments_Returns_Errors" storage="d:\sferrari\01 - trabajo\repos\netcore\template-netcore-validations\kitpymes.core.validations.tests\bin\debug\netcoreapp3.0\kitpymes.core.validations.tests.dll" id="ee7d33d6-4f97-e3cc-f457-36caabfe550a">
      <Execution id="358ae828-11f9-4dfa-829f-867326ef0071" />
      <TestMethod codeBase="D:\SFERRARI\01 - TRABAJO\repos\netcore\template-netcore-validations\Kitpymes.Core.Validations.Tests\bin\Debug\netcoreapp3.0\Kitpymes.Core.Validations.Tests.dll" adapterTypeName="executor://mstestadapter/v2" className="Kitpymes.Core.Validations.Tests.ValidatorTests" name="Name_AddRules_Passing_InvalidArguments_Returns_Errors" />
    </UnitTest>
    <UnitTest name="Passing_ValidationExceptionWithErrorsWithDetails_Returns_BadRequestStatusWithErrors" storage="d:\sferrari\01 - trabajo\repos\netcore\template-netcore-validations\kitpymes.core.validations.tests\bin\debug\netcoreapp3.0\kitpymes.core.validations.tests.dll" id="1d39f5c1-93ad-1b27-7dee-f638db698b33">
      <Execution id="cb4e066b-29c7-4492-94a3-63af6ab8b468" />
      <TestMethod codeBase="D:\SFERRARI\01 - TRABAJO\repos\netcore\template-netcore-validations\Kitpymes.Core.Validations.Tests\bin\Debug\netcoreapp3.0\Kitpymes.Core.Validations.Tests.dll" adapterTypeName="executor://mstestadapter/v2" className="Kitpymes.Core.Validations.Tests.ValidationsMiddlewareTests" name="Passing_ValidationExceptionWithErrorsWithDetails_Returns_BadRequestStatusWithErrors" />
    </UnitTest>
    <UnitTest name="Passing_ValidationExceptionWithErrors_Returns_BadRequestStatusWithErrors" storage="d:\sferrari\01 - trabajo\repos\netcore\template-netcore-validations\kitpymes.core.validations.tests\bin\debug\netcoreapp3.0\kitpymes.core.validations.tests.dll" id="66cc9a44-896f-cb98-05dd-1085090421c1">
      <Execution id="cdf7ee5d-90fe-4046-9de8-8e34bbceddf5" />
      <TestMethod codeBase="D:\SFERRARI\01 - TRABAJO\repos\netcore\template-netcore-validations\Kitpymes.Core.Validations.Tests\bin\Debug\netcoreapp3.0\Kitpymes.Core.Validations.Tests.dll" adapterTypeName="executor://mstestadapter/v2" className="Kitpymes.Core.Validations.Tests.ValidationsMiddlewareTests" name="Passing_ValidationExceptionWithErrors_Returns_BadRequestStatusWithErrors" />
    </UnitTest>
    <UnitTest name="IsNullOrEmpty_PassingInvalidArgumentsReturnErrors" storage="d:\sferrari\01 - trabajo\repos\netcore\template-netcore-validations\kitpymes.core.validations.fluentvalidation.tests\bin\debug\netcoreapp3.0\kitpymes.core.validations.fluentvalidation.tests.dll" id="6e5eb92f-ba99-0d6d-b737-0f0ac6ebd71a">
      <Execution id="9face31e-6fa1-4f42-8e92-83d4084ee42d" />
      <TestMethod codeBase="D:\SFERRARI\01 - TRABAJO\repos\netcore\template-netcore-validations\Kitpymes.Core.Validations.FluentValidation.Tests\bin\Debug\netcoreapp3.0\Kitpymes.Core.Validations.FluentValidation.Tests.dll" adapterTypeName="executor://mstestadapter/v2" className="Kitpymes.Core.Validations.FluentValidation.Tests.FluentValidatorTests" name="IsNullOrEmpty_PassingInvalidArgumentsReturnErrors" />
    </UnitTest>
    <UnitTest name="IsDirectory_PassingInvalidArgumentsReturnErrors" storage="d:\sferrari\01 - trabajo\repos\netcore\template-netcore-validations\kitpymes.core.validations.fluentvalidation.tests\bin\debug\netcoreapp3.0\kitpymes.core.validations.fluentvalidation.tests.dll" id="1df3cd8c-aa5c-bd5a-4479-33851c3f1b94">
      <Execution id="8ab527e4-9ba1-4cf9-8662-322d645dc0d3" />
      <TestMethod codeBase="D:\SFERRARI\01 - TRABAJO\repos\netcore\template-netcore-validations\Kitpymes.Core.Validations.FluentValidation.Tests\bin\Debug\netcoreapp3.0\Kitpymes.Core.Validations.FluentValidation.Tests.dll" adapterTypeName="executor://mstestadapter/v2" className="Kitpymes.Core.Validations.FluentValidation.Tests.FluentValidatorTests" name="IsDirectory_PassingInvalidArgumentsReturnErrors" />
    </UnitTest>
    <UnitTest name="Passing_Exception_Returns_InternalServerErrorStatusWithMessage" storage="d:\sferrari\01 - trabajo\repos\netcore\template-netcore-validations\kitpymes.core.validations.tests\bin\debug\netcoreapp3.0\kitpymes.core.validations.tests.dll" id="b8a7e8e2-ab9d-d162-491c-3134a1a2bd1e">
      <Execution id="91aa2115-abc4-44be-b63e-3875ee697b9d" />
      <TestMethod codeBase="D:\SFERRARI\01 - TRABAJO\repos\netcore\template-netcore-validations\Kitpymes.Core.Validations.Tests\bin\Debug\netcoreapp3.0\Kitpymes.Core.Validations.Tests.dll" adapterTypeName="executor://mstestadapter/v2" className="Kitpymes.Core.Validations.Tests.ValidationsMiddlewareTests" name="Passing_Exception_Returns_InternalServerErrorStatusWithMessage" />
    </UnitTest>
    <UnitTest name="Validate_Endpoint_AddPerson" storage="d:\sferrari\01 - trabajo\repos\netcore\template-netcore-validations\tests\tests.api.endpointtests\bin\debug\netcoreapp3.0\tests.api.endpointstests.dll" id="13d7d163-9ba7-ab26-c816-776985513923">
      <Execution id="be223ae9-28f1-443f-a3b3-9d5abb96c313" />
      <TestMethod codeBase="D:\SFERRARI\01 - TRABAJO\repos\netcore\template-netcore-validations\tests\Tests.Api.EndpointTests\bin\Debug\netcoreapp3.0\Tests.Api.EndpointsTests.dll" adapterTypeName="executor://mstestadapter/v2" className="Tests.Api.EndpointsTests.ValidatorTests" name="Validate_Endpoint_AddPerson" />
    </UnitTest>
    <UnitTest name="Example_RulesStopFirstError" storage="d:\sferrari\01 - trabajo\repos\netcore\template-netcore-validations\kitpymes.core.validations.tests\bin\debug\netcoreapp3.0\kitpymes.core.validations.tests.dll" id="aeedc70a-adad-3ec7-8156-f052f14d0ef2">
      <Execution id="f7632275-3961-4ba0-b9f2-07857d583282" />
      <TestMethod codeBase="D:\SFERRARI\01 - TRABAJO\repos\netcore\template-netcore-validations\Kitpymes.Core.Validations.Tests\bin\Debug\netcoreapp3.0\Kitpymes.Core.Validations.Tests.dll" adapterTypeName="executor://mstestadapter/v2" className="Kitpymes.Core.Validations.Tests.ValidatorTests" name="Example_RulesStopFirstError" />
    </UnitTest>
    <UnitTest name="IsCustom_AddRules_Passing_InvalidArguments_Returns_Errors" storage="d:\sferrari\01 - trabajo\repos\netcore\template-netcore-validations\kitpymes.core.validations.tests\bin\debug\netcoreapp3.0\kitpymes.core.validations.tests.dll" id="bcd81ff7-11e4-9882-c9e1-dbde8069a89b">
      <Execution id="e045cd28-5532-4881-9fb0-346478cda134" />
      <TestMethod codeBase="D:\SFERRARI\01 - TRABAJO\repos\netcore\template-netcore-validations\Kitpymes.Core.Validations.Tests\bin\Debug\netcoreapp3.0\Kitpymes.Core.Validations.Tests.dll" adapterTypeName="executor://mstestadapter/v2" className="Kitpymes.Core.Validations.Tests.ValidatorTests" name="IsCustom_AddRules_Passing_InvalidArguments_Returns_Errors" />
    </UnitTest>
    <UnitTest name="IsRange_PassingInvalidArgumentsReturnErrors" storage="d:\sferrari\01 - trabajo\repos\netcore\template-netcore-validations\kitpymes.core.validations.fluentvalidation.tests\bin\debug\netcoreapp3.0\kitpymes.core.validations.fluentvalidation.tests.dll" id="0187b6df-e70c-cff4-a1b5-86cd64d3fd57">
      <Execution id="355179bd-7944-4b28-b506-ab07092dd365" />
      <TestMethod codeBase="D:\SFERRARI\01 - TRABAJO\repos\netcore\template-netcore-validations\Kitpymes.Core.Validations.FluentValidation.Tests\bin\Debug\netcoreapp3.0\Kitpymes.Core.Validations.FluentValidation.Tests.dll" adapterTypeName="executor://mstestadapter/v2" className="Kitpymes.Core.Validations.FluentValidation.Tests.FluentValidatorTests" name="IsRange_PassingInvalidArgumentsReturnErrors" />
    </UnitTest>
  </TestDefinitions>
  <TestEntries>
    <TestEntry testId="1d39f5c1-93ad-1b27-7dee-f638db698b33" executionId="cb4e066b-29c7-4492-94a3-63af6ab8b468" testListId="8c84fa94-04c1-424b-9868-57a2d4851a1d" />
    <TestEntry testId="cbf7b6e0-8505-a2ba-46b0-e3091e60d288" executionId="1f39ed36-5b76-4556-8ac3-8c90067d8e73" testListId="8c84fa94-04c1-424b-9868-57a2d4851a1d" />
    <TestEntry testId="aeedc70a-adad-3ec7-8156-f052f14d0ef2" executionId="f7632275-3961-4ba0-b9f2-07857d583282" testListId="8c84fa94-04c1-424b-9868-57a2d4851a1d" />
    <TestEntry testId="66cc9a44-896f-cb98-05dd-1085090421c1" executionId="cdf7ee5d-90fe-4046-9de8-8e34bbceddf5" testListId="8c84fa94-04c1-424b-9868-57a2d4851a1d" />
    <TestEntry testId="09ed491f-8351-157e-f768-52cec1e7497e" executionId="80cd38e6-699c-4c49-bada-4b28ee9da658" testListId="8c84fa94-04c1-424b-9868-57a2d4851a1d" />
    <TestEntry testId="ee7d33d6-4f97-e3cc-f457-36caabfe550a" executionId="358ae828-11f9-4dfa-829f-867326ef0071" testListId="8c84fa94-04c1-424b-9868-57a2d4851a1d" />
    <TestEntry testId="13d7d163-9ba7-ab26-c816-776985513923" executionId="be223ae9-28f1-443f-a3b3-9d5abb96c313" testListId="8c84fa94-04c1-424b-9868-57a2d4851a1d" />
    <TestEntry testId="3f872058-72c8-2a16-81cc-cc54ecf2e617" executionId="0c2ad033-66e5-4e0b-9526-7ded3946464e" testListId="8c84fa94-04c1-424b-9868-57a2d4851a1d" />
    <TestEntry testId="1df3cd8c-aa5c-bd5a-4479-33851c3f1b94" executionId="8ab527e4-9ba1-4cf9-8662-322d645dc0d3" testListId="8c84fa94-04c1-424b-9868-57a2d4851a1d" />
    <TestEntry testId="b8f625ae-8ace-2ea9-d10f-163ee16f8108" executionId="1554af54-6fa4-495c-abab-40c1d64c99e1" testListId="8c84fa94-04c1-424b-9868-57a2d4851a1d" />
    <TestEntry testId="860aacc7-6d7e-e398-50c1-cb414db3a6c8" executionId="9ea41736-28b0-439f-abed-c2c776e2baaf" testListId="8c84fa94-04c1-424b-9868-57a2d4851a1d" />
    <TestEntry testId="0187b6df-e70c-cff4-a1b5-86cd64d3fd57" executionId="355179bd-7944-4b28-b506-ab07092dd365" testListId="8c84fa94-04c1-424b-9868-57a2d4851a1d" />
    <TestEntry testId="2384ca30-887e-9f93-205d-f933582dc531" executionId="22c1ff7f-cc86-4891-8d39-94c51ea65d25" testListId="8c84fa94-04c1-424b-9868-57a2d4851a1d" />
    <TestEntry testId="01b3f9e0-4cea-f3f7-5362-8d8c10dbc5ea" executionId="db262522-aa9b-46dd-b3db-7cfcd38729af" testListId="8c84fa94-04c1-424b-9868-57a2d4851a1d" />
    <TestEntry testId="9e450fc9-c0e4-876e-9de2-46c40e450f93" executionId="8a47a6d7-7e70-413a-99ea-f2657535a3f9" testListId="8c84fa94-04c1-424b-9868-57a2d4851a1d" />
    <TestEntry testId="2fb4c1a5-5962-f3d1-a8c2-6d96687b2297" executionId="0ec8d050-2c52-4a07-a998-246308e63c64" testListId="8c84fa94-04c1-424b-9868-57a2d4851a1d" />
    <TestEntry testId="8ff727c0-e01e-5102-20ab-01e8d83a96bf" executionId="a8145107-888d-4093-9d76-aedb10c15921" testListId="8c84fa94-04c1-424b-9868-57a2d4851a1d" />
    <TestEntry testId="f22ed11f-e788-87d9-b9ee-7913518597db" executionId="4ae468d7-3766-4398-bba6-d834dc708d85" testListId="8c84fa94-04c1-424b-9868-57a2d4851a1d" />
    <TestEntry testId="c8567511-1a0b-211d-89bf-007b6556ff0f" executionId="f4ae3af3-081c-42ae-9f70-c9a3822f0607" testListId="8c84fa94-04c1-424b-9868-57a2d4851a1d" />
    <TestEntry testId="bcd81ff7-11e4-9882-c9e1-dbde8069a89b" executionId="e045cd28-5532-4881-9fb0-346478cda134" testListId="8c84fa94-04c1-424b-9868-57a2d4851a1d" />
    <TestEntry testId="6ff6975a-19be-51c8-1e11-c749b390f92e" executionId="fc391f2a-4f45-4f70-a493-8f047a15d32d" testListId="8c84fa94-04c1-424b-9868-57a2d4851a1d" />
    <TestEntry testId="9f577f44-05fc-0733-12a6-00cfc8d82cb7" executionId="707a1dce-2273-4465-9241-fea82c4d106e" testListId="8c84fa94-04c1-424b-9868-57a2d4851a1d" />
    <TestEntry testId="b8a7e8e2-ab9d-d162-491c-3134a1a2bd1e" executionId="91aa2115-abc4-44be-b63e-3875ee697b9d" testListId="8c84fa94-04c1-424b-9868-57a2d4851a1d" />
    <TestEntry testId="9c5e79d3-cdc4-a796-9313-517e5d7f6008" executionId="a909aba3-1643-48ed-b8cf-73e14b067a18" testListId="8c84fa94-04c1-424b-9868-57a2d4851a1d" />
    <TestEntry testId="45495191-cedd-64eb-789f-c2cd210007ed" executionId="860c8cdc-d573-4095-b355-e14d71e3fc3b" testListId="8c84fa94-04c1-424b-9868-57a2d4851a1d" />
    <TestEntry testId="6c13e23c-3c31-e5b6-4059-f576f18cadc6" executionId="638c0be4-4b32-4b44-a312-be9e38824ae9" testListId="8c84fa94-04c1-424b-9868-57a2d4851a1d" />
    <TestEntry testId="4153e580-3730-e7c5-7084-648bf5943281" executionId="bd654659-699a-4ec8-b947-6854b5d47c33" testListId="8c84fa94-04c1-424b-9868-57a2d4851a1d" />
    <TestEntry testId="5b82dfbb-afa9-bc20-6dac-80ce9854c2f5" executionId="1932c6f0-a0bf-4c7a-ad6b-3e25569d4abc" testListId="8c84fa94-04c1-424b-9868-57a2d4851a1d" />
    <TestEntry testId="7856e401-58d5-ba3a-5308-600db6a57b94" executionId="5a079732-4f34-47fc-8177-5ae169366d79" testListId="8c84fa94-04c1-424b-9868-57a2d4851a1d" />
    <TestEntry testId="288c5ca0-bf36-c20f-12e9-8a2884961ba3" executionId="c0630044-e50b-4cba-9f58-bba9182e6b18" testListId="8c84fa94-04c1-424b-9868-57a2d4851a1d" />
    <TestEntry testId="8120b77d-d089-3db9-b10e-64316a441772" executionId="b8aa5587-ce17-48fa-b36e-ad84a0908a88" testListId="8c84fa94-04c1-424b-9868-57a2d4851a1d" />
    <TestEntry testId="137ba50e-0a96-8baa-fcb3-58b17d990c20" executionId="70770814-07e1-44b0-840b-cd905b06abdc" testListId="8c84fa94-04c1-424b-9868-57a2d4851a1d" />
    <TestEntry testId="3a0e3d39-4aa3-ec2c-bbc8-6f26d452a904" executionId="8ac46828-f431-46e3-afcf-1ffa71f53bc7" testListId="8c84fa94-04c1-424b-9868-57a2d4851a1d" />
    <TestEntry testId="709218aa-5eb3-324d-e60f-a03ead6f8297" executionId="e4122200-3c66-4977-9749-151509c6e087" testListId="8c84fa94-04c1-424b-9868-57a2d4851a1d" />
    <TestEntry testId="7f9ebfde-3fa2-c72f-e7a4-4fdb73570bd3" executionId="1b744696-ba6d-49c9-b231-0597826b76c7" testListId="8c84fa94-04c1-424b-9868-57a2d4851a1d" />
    <TestEntry testId="6e5eb92f-ba99-0d6d-b737-0f0ac6ebd71a" executionId="9face31e-6fa1-4f42-8e92-83d4084ee42d" testListId="8c84fa94-04c1-424b-9868-57a2d4851a1d" />
    <TestEntry testId="50eb0f5c-4913-f185-47c9-adcceeb5aca4" executionId="fecc4b28-d8bc-451e-94c7-a4b39c35d6ad" testListId="8c84fa94-04c1-424b-9868-57a2d4851a1d" />
  </TestEntries>
  <TestLists>
    <TestList name="Resultados sin formato de lista" id="8c84fa94-04c1-424b-9868-57a2d4851a1d" />
    <TestList name="Todos los resultados cargados" id="19431567-8539-422a-85d7-44ee4e166bda" />
  </TestLists>
  <ResultSummary outcome="Completed">
    <Counters total="41" executed="41" passed="41" failed="0" error="0" timeout="0" aborted="0" inconclusive="0" passedButRunAborted="0" notRunnable="0" notExecuted="0" disconnected="0" warning="0" completed="0" inProgress="0" pending="0" />
  </ResultSummary>
</TestRun>