<?xml version="1.0" encoding="utf-8"?>
<TestRun id="a2a6d90d-908f-4958-9ecc-af2718c67213" name="sferrari@PC-SFERRARI 2021-06-25 09:55:20" runUser="PC-SFERRARI\sferrari" xmlns="http://microsoft.com/schemas/VisualStudio/TeamTest/2010">
  <Times creation="2021-06-25T09:55:20.2634509+02:00" queuing="2021-06-25T09:55:20.2634524+02:00" start="2021-06-25T09:55:13.5161140+02:00" finish="2021-06-25T09:55:20.3040884+02:00" />
  <TestSettings name="default" id="c1149a97-7ce4-4158-ac13-0f5de02a1cb3">
    <Deployment runDeploymentRoot="sferrari_PC-SFERRARI_2021-06-25_09_55_20" />
  </TestSettings>
  <Results>
    <UnitTestResult executionId="79391564-b887-4dfc-8723-79a20be4a0f6" testId="70005429-28a4-4cdd-8172-518ec28ab720" testName="Validate_Endpoint_AddPerson" computerName="PC-SFERRARI" duration="00:00:01.1494717" startTime="2021-06-25T09:55:18.8127476+02:00" endTime="2021-06-25T09:55:20.0082219+02:00" testType="13cdc9d9-ddb5-4fa4-a97d-d965ccfc6d4b" outcome="Passed" testListId="8c84fa94-04c1-424b-9868-57a2d4851a1d" relativeResultsDirectory="79391564-b887-4dfc-8723-79a20be4a0f6">
      <Output>
        <StdOut>{"TraceId":"09c1e361fa614454a9dafaefd2525a32","Success":false,"Status":400,"Title":"Se produjeron uno o más errores de validación.","Exception":null,"Message":"Exception of type 'Kitpymes.Core.Validations.Abstractions.ValidationsException' was thrown.","Details":null,"Errors":{"Age":["El campo Edad debe contener entre 17 y 51"],"Name":["El campo Nombre tiene un formato no válido","El campo Name debe ser mayor que 100"],"Email":["El correo eléctronico tiene un formato incorrecto."]}}</StdOut>
      </Output>
    </UnitTestResult>
    <UnitTestResult executionId="f42dcdca-bcac-41cc-afda-156a7e7512fd" testId="7c70137c-3613-43e4-8ed8-8291bdffedd4" testName="Validate_Domain_AddPerson" computerName="PC-SFERRARI" duration="00:00:00.0099464" startTime="2021-06-25T09:55:20.0245231+02:00" endTime="2021-06-25T09:55:20.0347352+02:00" testType="13cdc9d9-ddb5-4fa4-a97d-d965ccfc6d4b" outcome="Passed" testListId="8c84fa94-04c1-424b-9868-57a2d4851a1d" relativeResultsDirectory="f42dcdca-bcac-41cc-afda-156a7e7512fd">
      <Output>
        <StdOut>El campo Edad debe ser mayor que 17, El campo Nombre tiene un formato no válido, El correo eléctronico tiene un formato incorrecto.</StdOut>
      </Output>
    </UnitTestResult>
    <UnitTestResult executionId="a6fac7b6-3cbb-4ecc-83ed-896194062ddf" testId="dcd1d716-59f0-4fdc-b0e5-2fd5968d6584" testName="Validate_Domain_ChangeName" computerName="PC-SFERRARI" duration="00:00:00.0051019" startTime="2021-06-25T09:55:20.0355900+02:00" endTime="2021-06-25T09:55:20.0409135+02:00" testType="13cdc9d9-ddb5-4fa4-a97d-d965ccfc6d4b" outcome="Passed" testListId="8c84fa94-04c1-424b-9868-57a2d4851a1d" relativeResultsDirectory="a6fac7b6-3cbb-4ecc-83ed-896194062ddf">
      <Output>
        <StdOut>El nombre 435_///3sdff·543 del campo Nombre tiene un formato no válido.</StdOut>
      </Output>
    </UnitTestResult>
  </Results>
  <TestDefinitions>
    <UnitTest name="Validate_Domain_ChangeName" storage="d:\sferrari\01 - trabajo\repos\netcore\libs\template-netcore-validations\tests\tests.api.endpointtests\bin\release\net5.0\tests.api.endpointstests.dll" id="dcd1d716-59f0-4fdc-b0e5-2fd5968d6584">
      <Execution id="a6fac7b6-3cbb-4ecc-83ed-896194062ddf" />
      <TestMethod codeBase="D:\SFERRARI\01 - TRABAJO\repos\netcore\libs\template-netcore-validations\tests\Tests.Api.EndpointTests\bin\Release\net5.0\Tests.Api.EndpointsTests.dll" adapterTypeName="executor://mstestadapter/v2" className="Tests.Api.EndpointsTests.ValidatorTests" name="Validate_Domain_ChangeName" />
    </UnitTest>
    <UnitTest name="Validate_Domain_AddPerson" storage="d:\sferrari\01 - trabajo\repos\netcore\libs\template-netcore-validations\tests\tests.api.endpointtests\bin\release\net5.0\tests.api.endpointstests.dll" id="7c70137c-3613-43e4-8ed8-8291bdffedd4">
      <Execution id="f42dcdca-bcac-41cc-afda-156a7e7512fd" />
      <TestMethod codeBase="D:\SFERRARI\01 - TRABAJO\repos\netcore\libs\template-netcore-validations\tests\Tests.Api.EndpointTests\bin\Release\net5.0\Tests.Api.EndpointsTests.dll" adapterTypeName="executor://mstestadapter/v2" className="Tests.Api.EndpointsTests.ValidatorTests" name="Validate_Domain_AddPerson" />
    </UnitTest>
    <UnitTest name="Validate_Endpoint_AddPerson" storage="d:\sferrari\01 - trabajo\repos\netcore\libs\template-netcore-validations\tests\tests.api.endpointtests\bin\release\net5.0\tests.api.endpointstests.dll" id="70005429-28a4-4cdd-8172-518ec28ab720">
      <Execution id="79391564-b887-4dfc-8723-79a20be4a0f6" />
      <TestMethod codeBase="D:\SFERRARI\01 - TRABAJO\repos\netcore\libs\template-netcore-validations\tests\Tests.Api.EndpointTests\bin\Release\net5.0\Tests.Api.EndpointsTests.dll" adapterTypeName="executor://mstestadapter/v2" className="Tests.Api.EndpointsTests.ValidatorTests" name="Validate_Endpoint_AddPerson" />
    </UnitTest>
  </TestDefinitions>
  <TestEntries>
    <TestEntry testId="70005429-28a4-4cdd-8172-518ec28ab720" executionId="79391564-b887-4dfc-8723-79a20be4a0f6" testListId="8c84fa94-04c1-424b-9868-57a2d4851a1d" />
    <TestEntry testId="7c70137c-3613-43e4-8ed8-8291bdffedd4" executionId="f42dcdca-bcac-41cc-afda-156a7e7512fd" testListId="8c84fa94-04c1-424b-9868-57a2d4851a1d" />
    <TestEntry testId="dcd1d716-59f0-4fdc-b0e5-2fd5968d6584" executionId="a6fac7b6-3cbb-4ecc-83ed-896194062ddf" testListId="8c84fa94-04c1-424b-9868-57a2d4851a1d" />
  </TestEntries>
  <TestLists>
    <TestList name="Resultados sin formato de lista" id="8c84fa94-04c1-424b-9868-57a2d4851a1d" />
    <TestList name="Todos los resultados cargados" id="19431567-8539-422a-85d7-44ee4e166bda" />
  </TestLists>
  <ResultSummary outcome="Completed">
    <Counters total="3" executed="3" passed="3" failed="0" error="0" timeout="0" aborted="0" inconclusive="0" passedButRunAborted="0" notRunnable="0" notExecuted="0" disconnected="0" warning="0" completed="0" inProgress="0" pending="0" />
  </ResultSummary>
</TestRun>