<?xml version="1.0" encoding="utf-8"?>
<TestRun id="de2a49de-e2b7-408c-af2a-56fe3d1611ad" name="sferrari@PC-SFERRARI 2021-06-14 18:40:06" runUser="PC-SFERRARI\sferrari" xmlns="http://microsoft.com/schemas/VisualStudio/TeamTest/2010">
  <Times creation="2021-06-14T18:40:06.2135649+02:00" queuing="2021-06-14T18:40:06.2135696+02:00" start="2021-06-14T18:40:02.5295548+02:00" finish="2021-06-14T18:40:06.2323463+02:00" />
  <TestSettings name="default" id="2ddb8a11-3237-48bf-ae6f-b7232b91820a">
    <Deployment runDeploymentRoot="sferrari_PC-SFERRARI_2021-06-14_18_40_06" />
  </TestSettings>
  <Results>
    <UnitTestResult executionId="625c4ccc-ebea-4c59-ae55-bc7c8a7351cd" testId="9f577f44-05fc-0733-12a6-00cfc8d82cb7" testName="Validate_Domain_ChangeName" computerName="PC-SFERRARI" duration="00:00:00.0031196" startTime="2021-06-14T18:40:05.8987730+02:00" endTime="2021-06-14T18:40:05.9024341+02:00" testType="13cdc9d9-ddb5-4fa4-a97d-d965ccfc6d4b" outcome="Passed" testListId="8c84fa94-04c1-424b-9868-57a2d4851a1d" relativeResultsDirectory="625c4ccc-ebea-4c59-ae55-bc7c8a7351cd">
      <Output>
        <StdOut>null</StdOut>
      </Output>
    </UnitTestResult>
    <UnitTestResult executionId="6bb08592-c7f7-4ba4-8f0c-2ed5ab93887b" testId="13d7d163-9ba7-ab26-c816-776985513923" testName="Validate_Endpoint_AddPerson" computerName="PC-SFERRARI" duration="00:00:00.5888246" startTime="2021-06-14T18:40:04.8594589+02:00" endTime="2021-06-14T18:40:05.5369682+02:00" testType="13cdc9d9-ddb5-4fa4-a97d-d965ccfc6d4b" outcome="Passed" testListId="8c84fa94-04c1-424b-9868-57a2d4851a1d" relativeResultsDirectory="6bb08592-c7f7-4ba4-8f0c-2ed5ab93887b">
      <Output>
        <StdOut>{"type":"https://tools.ietf.org/html/rfc7231#section-6.5.1","title":"One or more validation errors occurred.","status":400,"traceId":"0HM9FAC87QBF3","errors":{"$":["The input does not contain any JSON tokens. Expected the input to start with a valid JSON token, when isFinalBlock is true. Path: $ | LineNumber: 0 | BytePositionInLine: 0."],"dto":["The dto field is required."]}}</StdOut>
      </Output>
    </UnitTestResult>
    <UnitTestResult executionId="883dc7b1-c3ff-44ef-80bd-4ab930a8eb8f" testId="5b82dfbb-afa9-bc20-6dac-80ce9854c2f5" testName="Validate_Domain_AddPerson" computerName="PC-SFERRARI" duration="00:00:00.3498763" startTime="2021-06-14T18:40:05.5480278+02:00" endTime="2021-06-14T18:40:05.8984192+02:00" testType="13cdc9d9-ddb5-4fa4-a97d-d965ccfc6d4b" outcome="Passed" testListId="8c84fa94-04c1-424b-9868-57a2d4851a1d" relativeResultsDirectory="883dc7b1-c3ff-44ef-80bd-4ab930a8eb8f">
      <Output>
        <StdOut>null</StdOut>
      </Output>
    </UnitTestResult>
  </Results>
  <TestDefinitions>
    <UnitTest name="Validate_Domain_ChangeName" storage="d:\sferrari\01 - trabajo\repos\netcore\libs\template-netcore-validations\tests\tests.api.endpointtests\bin\release\netcoreapp3.0\tests.api.endpointstests.dll" id="9f577f44-05fc-0733-12a6-00cfc8d82cb7">
      <Execution id="625c4ccc-ebea-4c59-ae55-bc7c8a7351cd" />
      <TestMethod codeBase="D:\SFERRARI\01 - TRABAJO\repos\netcore\libs\template-netcore-validations\tests\Tests.Api.EndpointTests\bin\Release\netcoreapp3.0\Tests.Api.EndpointsTests.dll" adapterTypeName="executor://mstestadapter/v2" className="Tests.Api.EndpointsTests.ValidatorTests" name="Validate_Domain_ChangeName" />
    </UnitTest>
    <UnitTest name="Validate_Domain_AddPerson" storage="d:\sferrari\01 - trabajo\repos\netcore\libs\template-netcore-validations\tests\tests.api.endpointtests\bin\release\netcoreapp3.0\tests.api.endpointstests.dll" id="5b82dfbb-afa9-bc20-6dac-80ce9854c2f5">
      <Execution id="883dc7b1-c3ff-44ef-80bd-4ab930a8eb8f" />
      <TestMethod codeBase="D:\SFERRARI\01 - TRABAJO\repos\netcore\libs\template-netcore-validations\tests\Tests.Api.EndpointTests\bin\Release\netcoreapp3.0\Tests.Api.EndpointsTests.dll" adapterTypeName="executor://mstestadapter/v2" className="Tests.Api.EndpointsTests.ValidatorTests" name="Validate_Domain_AddPerson" />
    </UnitTest>
    <UnitTest name="Validate_Endpoint_AddPerson" storage="d:\sferrari\01 - trabajo\repos\netcore\libs\template-netcore-validations\tests\tests.api.endpointtests\bin\release\netcoreapp3.0\tests.api.endpointstests.dll" id="13d7d163-9ba7-ab26-c816-776985513923">
      <Execution id="6bb08592-c7f7-4ba4-8f0c-2ed5ab93887b" />
      <TestMethod codeBase="D:\SFERRARI\01 - TRABAJO\repos\netcore\libs\template-netcore-validations\tests\Tests.Api.EndpointTests\bin\Release\netcoreapp3.0\Tests.Api.EndpointsTests.dll" adapterTypeName="executor://mstestadapter/v2" className="Tests.Api.EndpointsTests.ValidatorTests" name="Validate_Endpoint_AddPerson" />
    </UnitTest>
  </TestDefinitions>
  <TestEntries>
    <TestEntry testId="9f577f44-05fc-0733-12a6-00cfc8d82cb7" executionId="625c4ccc-ebea-4c59-ae55-bc7c8a7351cd" testListId="8c84fa94-04c1-424b-9868-57a2d4851a1d" />
    <TestEntry testId="13d7d163-9ba7-ab26-c816-776985513923" executionId="6bb08592-c7f7-4ba4-8f0c-2ed5ab93887b" testListId="8c84fa94-04c1-424b-9868-57a2d4851a1d" />
    <TestEntry testId="5b82dfbb-afa9-bc20-6dac-80ce9854c2f5" executionId="883dc7b1-c3ff-44ef-80bd-4ab930a8eb8f" testListId="8c84fa94-04c1-424b-9868-57a2d4851a1d" />
  </TestEntries>
  <TestLists>
    <TestList name="Resultados sin formato de lista" id="8c84fa94-04c1-424b-9868-57a2d4851a1d" />
    <TestList name="Todos los resultados cargados" id="19431567-8539-422a-85d7-44ee4e166bda" />
  </TestLists>
  <ResultSummary outcome="Completed">
    <Counters total="3" executed="3" passed="3" failed="0" error="0" timeout="0" aborted="0" inconclusive="0" passedButRunAborted="0" notRunnable="0" notExecuted="0" disconnected="0" warning="0" completed="0" inProgress="0" pending="0" />
  </ResultSummary>
</TestRun>